#
# There is insufficient memory for the Java Runtime Environment to continue.
# Native memory allocation (malloc) failed to allocate 1881456 bytes. Error detail: Chunk::new
# Possible reasons:
#   The system is out of physical RAM or swap space
#   This process is running with CompressedOops enabled, and the Java Heap may be blocking the growth of the native heap
# Possible solutions:
#   Reduce memory load on the system
#   Increase physical memory or swap space
#   Check if swap backing store is full
#   Decrease Java heap size (-Xmx/-Xms)
#   Decrease number of Java threads
#   Decrease Java thread stack sizes (-Xss)
#   Set larger code cache with -XX:ReservedCodeCacheSize=
#   JVM is running with Unscaled Compressed Oops mode in which the Java heap is
#     placed in the first 4GB address space. The Java Heap base address is the
#     maximum limit for the native heap growth. Please use -XX:HeapBaseMinAddress
#     to set the Java Heap base and to place the Java Heap above 4GB virtual address.
# This output file may be truncated or incomplete.
#
#  Out of Memory Error (arena.cpp:168), pid=16920, tid=3640
#
# JRE version: OpenJDK Runtime Environment Temurin-21.0.7+6 (21.0.7+6) (build 21.0.7+6-LTS)
# Java VM: OpenJDK 64-Bit Server VM Temurin-21.0.7+6 (21.0.7+6-LTS, mixed mode, sharing, tiered, compressed oops, compressed class ptrs, parallel gc, windows-amd64)
# No core dump will be written. Minidumps are not enabled by default on client versions of Windows
#

---------------  S U M M A R Y ------------

Command Line: --add-modules=ALL-SYSTEM --add-opens=java.base/java.util=ALL-UNNAMED --add-opens=java.base/java.lang=ALL-UNNAMED --add-opens=java.base/sun.nio.fs=ALL-UNNAMED -Declipse.application=org.eclipse.jdt.ls.core.id1 -Dosgi.bundles.defaultStartLevel=4 -Declipse.product=org.eclipse.jdt.ls.core.product -Djava.import.generatesMetadataFilesAtProjectRoot=false -DDetectVMInstallationsJob.disabled=true -Dfile.encoding=utf8 -XX:+UseParallelGC -XX:GCTimeRatio=4 -XX:AdaptiveSizePolicyWeight=90 -Dsun.zip.disableMemoryMapping=true -Xmx1G -Xms100m -Xlog:disable -javaagent:c:\Users\avash\.vscode\extensions\redhat.java-1.42.0-win32-x64\lombok\lombok-1.18.36.jar -XX:+HeapDumpOnOutOfMemoryError -XX:HeapDumpPath=c:\Users\avash\AppData\Roaming\Code\User\workspaceStorage\69e44a2c3b07f65cbada83763e4e2b8b\redhat.java -Daether.dependencyCollector.impl=bf c:\Users\avash\.vscode\extensions\redhat.java-1.42.0-win32-x64\server\plugins\org.eclipse.equinox.launcher_1.7.0.v20250424-1814.jar -configuration c:\Users\avash\AppData\Roaming\Code\User\globalStorage\redhat.java\1.42.0\config_win -data c:\Users\avash\AppData\Roaming\Code\User\workspaceStorage\69e44a2c3b07f65cbada83763e4e2b8b\redhat.java\jdt_ws --pipe=\\.\pipe\lsp-54abd502d33a1b85836677a21c36941e-sock

Host: AMD Ryzen 5 3500U with Radeon Vega Mobile Gfx  , 8 cores, 5G,  Windows 11 , 64 bit Build 26100 (10.0.26100.4202)
Time: Fri Jun 20 00:13:00 2025 Nepal Standard Time elapsed time: 14.969611 seconds (0d 0h 0m 14s)

---------------  T H R E A D  ---------------

Current thread (0x000001d91b643850):  JavaThread "C2 CompilerThread2" daemon [_thread_in_native, id=3640, stack(0x000000c81b200000,0x000000c81b300000) (1024K)]


Current CompileTask:
C2:14969 8295       4       org.eclipse.jdt.internal.compiler.util.JrtFileSystem$2::visitFile (72 bytes)

Stack: [0x000000c81b200000,0x000000c81b300000]
Native frames: (J=compiled Java code, j=interpreted, Vv=VM code, C=native code)
V  [jvm.dll+0x6ce119]
V  [jvm.dll+0x8a84a1]
V  [jvm.dll+0x8aa9ce]
V  [jvm.dll+0x8ab0b3]
V  [jvm.dll+0x27f8a6]
V  [jvm.dll+0xc507d]
V  [jvm.dll+0xc55b3]
V  [jvm.dll+0x3b692c]
V  [jvm.dll+0x1dfe33]
V  [jvm.dll+0x247c42]
V  [jvm.dll+0x2470cf]
V  [jvm.dll+0x1c760e]
V  [jvm.dll+0x25695a]
V  [jvm.dll+0x254efa]
V  [jvm.dll+0x3f03f6]
V  [jvm.dll+0x851f6b]
V  [jvm.dll+0x6cc7dd]
C  [ucrtbase.dll+0x37b0]
C  [KERNEL32.DLL+0x2e8d7]
C  [ntdll.dll+0x3c34c]


---------------  P R O C E S S  ---------------

Threads class SMR info:
_java_thread_list=0x000001d91e1ae4a0, length=54, elements={
0x000001d8bedcff00, 0x000001d9141be720, 0x000001d9141bf690, 0x000001d9141c6cb0,
0x000001d9141c7dc0, 0x000001d9141cb650, 0x000001d9141ce1e0, 0x000001d9141dfc30,
0x000001d9141e9220, 0x000001d915c6ec70, 0x000001d915e2aed0, 0x000001d91aaf5bc0,
0x000001d91a7957c0, 0x000001d91a5de760, 0x000001d91a5dedc0, 0x000001d91b184620,
0x000001d91b284f80, 0x000001d91b3128f0, 0x000001d91b312260, 0x000001d91b313610,
0x000001d91b310eb0, 0x000001d91b6431b0, 0x000001d91b643850, 0x000001d91b310190,
0x000001d91b310820, 0x000001d91b311540, 0x000001d91b312f80, 0x000001d91b311bd0,
0x000001d91c6249b0, 0x000001d91c6256d0, 0x000001d91c627110, 0x000001d91c623c90,
0x000001d91c624320, 0x000001d91c626a80, 0x000001d91c625040, 0x000001d91c6284c0,
0x000001d91c6277a0, 0x000001d91c627e30, 0x000001d91c628b50, 0x000001d91c6291e0,
0x000001d91c62a590, 0x000001d91c62b2b0, 0x000001d91c629f00, 0x000001d91c62ac20,
0x000001d91c3292c0, 0x000001d91c3271f0, 0x000001d91c32a670, 0x000001d91c3285a0,
0x000001d91c327f10, 0x000001d91c328c30, 0x000001d91c327880, 0x000001d91c329950,
0x000001d91c329fe0, 0x000001d91d3a8aa0
}

Java Threads: ( => current thread )
  0x000001d8bedcff00 JavaThread "main"                              [_thread_blocked, id=5048, stack(0x000000c819100000,0x000000c819200000) (1024K)]
  0x000001d9141be720 JavaThread "Reference Handler"          daemon [_thread_blocked, id=19996, stack(0x000000c819500000,0x000000c819600000) (1024K)]
  0x000001d9141bf690 JavaThread "Finalizer"                  daemon [_thread_blocked, id=20148, stack(0x000000c819600000,0x000000c819700000) (1024K)]
  0x000001d9141c6cb0 JavaThread "Signal Dispatcher"          daemon [_thread_blocked, id=16664, stack(0x000000c819700000,0x000000c819800000) (1024K)]
  0x000001d9141c7dc0 JavaThread "Attach Listener"            daemon [_thread_blocked, id=5576, stack(0x000000c819800000,0x000000c819900000) (1024K)]
  0x000001d9141cb650 JavaThread "Service Thread"             daemon [_thread_blocked, id=19672, stack(0x000000c819900000,0x000000c819a00000) (1024K)]
  0x000001d9141ce1e0 JavaThread "Monitor Deflation Thread"   daemon [_thread_blocked, id=18164, stack(0x000000c819a00000,0x000000c819b00000) (1024K)]
  0x000001d9141dfc30 JavaThread "C2 CompilerThread0"         daemon [_thread_in_native, id=15280, stack(0x000000c819b00000,0x000000c819c00000) (1024K)]
  0x000001d9141e9220 JavaThread "C1 CompilerThread0"         daemon [_thread_blocked, id=11652, stack(0x000000c819c00000,0x000000c819d00000) (1024K)]
  0x000001d915c6ec70 JavaThread "Common-Cleaner"             daemon [_thread_blocked, id=14244, stack(0x000000c819d00000,0x000000c819e00000) (1024K)]
  0x000001d915e2aed0 JavaThread "Notification Thread"        daemon [_thread_blocked, id=19808, stack(0x000000c819f00000,0x000000c81a000000) (1024K)]
  0x000001d91aaf5bc0 JavaThread "Active Thread: Equinox Container: c263e359-a1fc-4710-a530-75d978f81f9a"        [_thread_blocked, id=19372, stack(0x000000c81a700000,0x000000c81a800000) (1024K)]
  0x000001d91a7957c0 JavaThread "Refresh Thread: Equinox Container: c263e359-a1fc-4710-a530-75d978f81f9a" daemon [_thread_blocked, id=3868, stack(0x000000c81a800000,0x000000c81a900000) (1024K)]
  0x000001d91a5de760 JavaThread "Framework Event Dispatcher: Equinox Container: c263e359-a1fc-4710-a530-75d978f81f9a" daemon [_thread_blocked, id=9184, stack(0x000000c81aa00000,0x000000c81ab00000) (1024K)]
  0x000001d91a5dedc0 JavaThread "Start Level: Equinox Container: c263e359-a1fc-4710-a530-75d978f81f9a" daemon [_thread_blocked, id=14044, stack(0x000000c81ab00000,0x000000c81ac00000) (1024K)]
  0x000001d91b184620 JavaThread "Bundle File Closer"         daemon [_thread_blocked, id=15392, stack(0x000000c81ac00000,0x000000c81ad00000) (1024K)]
  0x000001d91b284f80 JavaThread "SCR Component Actor"        daemon [_thread_blocked, id=17680, stack(0x000000c81ad00000,0x000000c81ae00000) (1024K)]
  0x000001d91b3128f0 JavaThread "Worker-JM"                         [_thread_blocked, id=2492, stack(0x000000c81a000000,0x000000c81a100000) (1024K)]
  0x000001d91b312260 JavaThread "JNA Cleaner"                daemon [_thread_blocked, id=19888, stack(0x000000c81b000000,0x000000c81b100000) (1024K)]
  0x000001d91b313610 JavaThread "Worker-0"                          [_thread_blocked, id=17864, stack(0x000000c81b100000,0x000000c81b200000) (1024K)]
  0x000001d91b310eb0 JavaThread "Worker-1: Java indexing... "        [_thread_blocked, id=15292, stack(0x000000c81af00000,0x000000c81b000000) (1024K)]
  0x000001d91b6431b0 JavaThread "C2 CompilerThread1"         daemon [_thread_in_native, id=10892, stack(0x000000c819e00000,0x000000c819f00000) (1024K)]
=>0x000001d91b643850 JavaThread "C2 CompilerThread2"         daemon [_thread_in_native, id=3640, stack(0x000000c81b200000,0x000000c81b300000) (1024K)]
  0x000001d91b310190 JavaThread "Java indexing"              daemon [_thread_in_vm, id=10268, stack(0x000000c81b300000,0x000000c81b400000) (1024K)]
  0x000001d91b310820 JavaThread "Worker-2"                          [_thread_blocked, id=10860, stack(0x000000c81b400000,0x000000c81b500000) (1024K)]
  0x000001d91b311540 JavaThread "Worker-3: Building"                [_thread_blocked, id=11848, stack(0x000000c81b700000,0x000000c81b800000) (1024K)]
  0x000001d91b312f80 JavaThread "Worker-4"                          [_thread_blocked, id=2084, stack(0x000000c81b800000,0x000000c81b900000) (1024K)]
  0x000001d91b311bd0 JavaThread "Worker-5"                          [_thread_blocked, id=17632, stack(0x000000c81b900000,0x000000c81ba00000) (1024K)]
  0x000001d91c6249b0 JavaThread "Thread-2"                   daemon [_thread_in_native, id=19440, stack(0x000000c81ba00000,0x000000c81bb00000) (1024K)]
  0x000001d91c6256d0 JavaThread "Thread-3"                   daemon [_thread_in_native, id=19684, stack(0x000000c81bb00000,0x000000c81bc00000) (1024K)]
  0x000001d91c627110 JavaThread "Thread-4"                   daemon [_thread_in_native, id=2920, stack(0x000000c81bc00000,0x000000c81bd00000) (1024K)]
  0x000001d91c623c90 JavaThread "Thread-5"                   daemon [_thread_in_native, id=19620, stack(0x000000c81bd00000,0x000000c81be00000) (1024K)]
  0x000001d91c624320 JavaThread "Thread-6"                   daemon [_thread_in_native, id=12156, stack(0x000000c81be00000,0x000000c81bf00000) (1024K)]
  0x000001d91c626a80 JavaThread "Thread-7"                   daemon [_thread_in_native, id=15512, stack(0x000000c81bf00000,0x000000c81c000000) (1024K)]
  0x000001d91c625040 JavaThread "Thread-8"                   daemon [_thread_in_native, id=13664, stack(0x000000c81c000000,0x000000c81c100000) (1024K)]
  0x000001d91c6284c0 JavaThread "Thread-9"                   daemon [_thread_in_native, id=17260, stack(0x000000c81c100000,0x000000c81c200000) (1024K)]
  0x000001d91c6277a0 JavaThread "Thread-10"                  daemon [_thread_in_native, id=17620, stack(0x000000c81c200000,0x000000c81c300000) (1024K)]
  0x000001d91c627e30 JavaThread "pool-2-thread-1"                   [_thread_blocked, id=3492, stack(0x000000c81c300000,0x000000c81c400000) (1024K)]
  0x000001d91c628b50 JavaThread "WorkspaceEventsHandler"            [_thread_blocked, id=13332, stack(0x000000c81c400000,0x000000c81c500000) (1024K)]
  0x000001d91c6291e0 JavaThread "pool-1-thread-1"                   [_thread_blocked, id=18092, stack(0x000000c81c500000,0x000000c81c600000) (1024K)]
  0x000001d91c62a590 JavaThread "LocalFile Deleter"          daemon [_thread_blocked, id=6692, stack(0x000000c81ae00000,0x000000c81af00000) (1024K)]
  0x000001d91c62b2b0 JavaThread "LocalFile Deleter"          daemon [_thread_blocked, id=7104, stack(0x000000c81c600000,0x000000c81c700000) (1024K)]
  0x000001d91c629f00 JavaThread "LocalFile Deleter"          daemon [_thread_blocked, id=16428, stack(0x000000c81c700000,0x000000c81c800000) (1024K)]
  0x000001d91c62ac20 JavaThread "LocalFile Deleter"          daemon [_thread_blocked, id=11704, stack(0x000000c81c800000,0x000000c81c900000) (1024K)]
  0x000001d91c3292c0 JavaThread "LocalFile Deleter"          daemon [_thread_blocked, id=10548, stack(0x000000c81c900000,0x000000c81ca00000) (1024K)]
  0x000001d91c3271f0 JavaThread "LocalFile Deleter"          daemon [_thread_blocked, id=9276, stack(0x000000c81ca00000,0x000000c81cb00000) (1024K)]
  0x000001d91c32a670 JavaThread "LocalFile Deleter"          daemon [_thread_blocked, id=18120, stack(0x000000c81cb00000,0x000000c81cc00000) (1024K)]
  0x000001d91c3285a0 JavaThread "LocalFile Deleter"          daemon [_thread_blocked, id=14396, stack(0x000000c81cc00000,0x000000c81cd00000) (1024K)]
  0x000001d91c327f10 JavaThread "Compiler Source File Reader" daemon [_thread_blocked, id=14468, stack(0x000000c81cd00000,0x000000c81ce00000) (1024K)]
  0x000001d91c328c30 JavaThread "Compiler Source File Reader" daemon [_thread_blocked, id=16908, stack(0x000000c81ce00000,0x000000c81cf00000) (1024K)]
  0x000001d91c327880 JavaThread "Compiler Source File Reader" daemon [_thread_blocked, id=9296, stack(0x000000c81cf00000,0x000000c81d000000) (1024K)]
  0x000001d91c329950 JavaThread "Compiler Source File Reader" daemon [_thread_blocked, id=14900, stack(0x000000c81d000000,0x000000c81d100000) (1024K)]
  0x000001d91c329fe0 JavaThread "Compiler Source File Reader" daemon [_thread_blocked, id=1768, stack(0x000000c81d100000,0x000000c81d200000) (1024K)]
  0x000001d91d3a8aa0 JavaThread "Compiler Source File Reader" daemon [_thread_blocked, id=6192, stack(0x000000c81d200000,0x000000c81d300000) (1024K)]
Total: 54

Other Threads:
  0x000001d91419fcb0 VMThread "VM Thread"                           [id=19460, stack(0x000000c819400000,0x000000c819500000) (1024K)]
  0x000001d9140dca00 WatcherThread "VM Periodic Task Thread"        [id=19096, stack(0x000000c819300000,0x000000c819400000) (1024K)]
  0x000001d8bededf70 WorkerThread "GC Thread#0"                     [id=20012, stack(0x000000c819200000,0x000000c819300000) (1024K)]
  0x000001d91a465ee0 WorkerThread "GC Thread#1"                     [id=8916, stack(0x000000c81a100000,0x000000c81a200000) (1024K)]
  0x000001d91a719f00 WorkerThread "GC Thread#2"                     [id=18124, stack(0x000000c81a200000,0x000000c81a300000) (1024K)]
  0x000001d91a18ade0 WorkerThread "GC Thread#3"                     [id=18384, stack(0x000000c81a300000,0x000000c81a400000) (1024K)]
  0x000001d91a36c700 WorkerThread "GC Thread#4"                     [id=18144, stack(0x000000c81a400000,0x000000c81a500000) (1024K)]
  0x000001d91a995380 WorkerThread "GC Thread#5"                     [id=13228, stack(0x000000c81a500000,0x000000c81a600000) (1024K)]
  0x000001d91a995720 WorkerThread "GC Thread#6"                     [id=9224, stack(0x000000c81a600000,0x000000c81a700000) (1024K)]
  0x000001d91a7e4f60 WorkerThread "GC Thread#7"                     [id=4896, stack(0x000000c81a900000,0x000000c81aa00000) (1024K)]
Total: 10

Threads with active compile tasks:
C2 CompilerThread0  15020 8294       4       org.eclipse.jdt.internal.compiler.util.JrtFileSystem$2::visitFile (10 bytes)
C2 CompilerThread1  15020 8676   !   4       org.eclipse.jdt.internal.core.search.indexing.BinaryIndexer::indexDocument (1168 bytes)
C2 CompilerThread2  15020 8295       4       org.eclipse.jdt.internal.compiler.util.JrtFileSystem$2::visitFile (72 bytes)
Total: 3

VM state: not at safepoint (normal execution)

VM Mutex/Monitor currently owned by a thread:  ([mutex/lock_event])
[0x00007ff853fae408] Heap_lock - owner thread: 0x000001d91b310190
[0x00007ff853fae888] PSOldGenExpand_lock - owner thread: 0x000001d91b310190

Heap address: 0x00000000c0000000, size: 1024 MB, Compressed Oops mode: 32-bit

CDS archive(s) mapped at: [0x000001d8d3000000-0x000001d8d3ba0000-0x000001d8d3ba0000), size 12189696, SharedBaseAddress: 0x000001d8d3000000, ArchiveRelocationMode: 1.
Compressed class space mapped at: 0x000001d8d4000000-0x000001d914000000, reserved size: 1073741824
Narrow klass base: 0x000001d8d3000000, Narrow klass shift: 0, Narrow klass range: 0x100000000

GC Precious Log:
 CardTable entry size: 512
 CPUs: 8 total, 8 available
 Memory: 6020M
 Large Page Support: Disabled
 NUMA Support: Disabled
 Compressed Oops: Enabled (32-bit)
 Alignments: Space 512K, Generation 512K, Heap 2M
 Heap Min Capacity: 100M
 Heap Initial Capacity: 100M
 Heap Max Capacity: 1G
 Pre-touch: Disabled
 Parallel Workers: 8

Heap:
 PSYoungGen      total 10752K, used 10568K [0x00000000eab00000, 0x00000000eb780000, 0x0000000100000000)
  eden space 8704K, 100% used [0x00000000eab00000,0x00000000eb380000,0x00000000eb380000)
  from space 2048K, 91% used [0x00000000eb580000,0x00000000eb752140,0x00000000eb780000)
  to   space 2048K, 0% used [0x00000000eb380000,0x00000000eb380000,0x00000000eb580000)
 ParOldGen       total 164352K, used 164351K [0x00000000c0000000, 0x00000000ca080000, 0x00000000eab00000)
  object space 164352K, 99% used [0x00000000c0000000,0x00000000ca07fff8,0x00000000ca080000)
 Metaspace       used 52751K, committed 54016K, reserved 1114112K
  class space    used 5485K, committed 6016K, reserved 1048576K

Card table byte_map: [0x000001d8be770000,0x000001d8be980000] _byte_map_base: 0x000001d8be170000

Marking Bits: (ParMarkBitMap*) 0x00007ff853fb31f0
 Begin Bits: [0x000001d8d0fc0000, 0x000001d8d1fc0000)
 End Bits:   [0x000001d8d1fc0000, 0x000001d8d2fc0000)

Polling page: 0x000001d8bcc00000

Metaspace:

Usage:
  Non-class:     46.16 MB used.
      Class:      5.36 MB used.
       Both:     51.52 MB used.

Virtual space:
  Non-class space:       64.00 MB reserved,      46.88 MB ( 73%) committed,  1 nodes.
      Class space:        1.00 GB reserved,       5.88 MB ( <1%) committed,  1 nodes.
             Both:        1.06 GB reserved,      52.75 MB (  5%) committed. 

Chunk freelists:
   Non-Class:  816.00 KB
       Class:  10.08 MB
        Both:  10.87 MB

MaxMetaspaceSize: unlimited
CompressedClassSpaceSize: 1.00 GB
Initial GC threshold: 21.00 MB
Current GC threshold: 58.38 MB
CDS: on
 - commit_granule_bytes: 65536.
 - commit_granule_words: 8192.
 - virtual_space_node_default_size: 8388608.
 - enlarge_chunks_in_place: 1.
 - use_allocation_guard: 0.


Internal statistics:

num_allocs_failed_limit: 6.
num_arena_births: 884.
num_arena_deaths: 14.
num_vsnodes_births: 2.
num_vsnodes_deaths: 0.
num_space_committed: 844.
num_space_uncommitted: 0.
num_chunks_returned_to_freelist: 20.
num_chunks_taken_from_freelist: 3183.
num_chunk_merges: 9.
num_chunk_splits: 2033.
num_chunks_enlarged: 1232.
num_inconsistent_stats: 0.

CodeHeap 'non-profiled nmethods': size=120000Kb used=4738Kb max_used=4738Kb free=115261Kb
 bounds [0x000001d8c9a90000, 0x000001d8c9f40000, 0x000001d8d0fc0000]
CodeHeap 'profiled nmethods': size=120000Kb used=16895Kb max_used=16895Kb free=103104Kb
 bounds [0x000001d8c1fc0000, 0x000001d8c3040000, 0x000001d8c94f0000]
CodeHeap 'non-nmethods': size=5760Kb used=1406Kb max_used=1476Kb free=4353Kb
 bounds [0x000001d8c94f0000, 0x000001d8c9760000, 0x000001d8c9a90000]
 total_blobs=8715 nmethods=8004 adapters=616
 compilation: enabled
              stopped_count=0, restarted_count=0
 full_count=0

Compilation events (20 events):
Event: 14.784 Thread 0x000001d9141e9220 8718       2       sun.net.www.protocol.jar.Handler::openConnection (10 bytes)
Event: 14.784 Thread 0x000001d9141e9220 nmethod 8718 0x000001d8c3039c90 code [0x000001d8c3039e60, 0x000001d8c303a0c8]
Event: 14.784 Thread 0x000001d9141e9220 8719       2       sun.net.www.protocol.jar.JarURLConnection::<init> (28 bytes)
Event: 14.785 Thread 0x000001d9141e9220 nmethod 8719 0x000001d8c303a290 code [0x000001d8c303a460, 0x000001d8c303a660]
Event: 14.787 Thread 0x000001d9141e9220 8720       2       org.eclipse.osgi.internal.loader.classpath.ClasspathManager::findLocalResourceImpl (174 bytes)
Event: 14.788 Thread 0x000001d9141e9220 nmethod 8720 0x000001d8c303a810 code [0x000001d8c303aa20, 0x000001d8c303b020]
Event: 14.794 Thread 0x000001d9141e9220 8721   !   2       sun.net.www.protocol.jar.JarURLConnection$JarURLInputStream::close (51 bytes)
Event: 14.794 Thread 0x000001d9141e9220 nmethod 8721 0x000001d8c303b410 code [0x000001d8c303b600, 0x000001d8c303b878]
Event: 14.799 Thread 0x000001d9141e9220 8722       2       sun.net.www.protocol.jar.JarURLConnection$JarURLInputStream::<init> (11 bytes)
Event: 14.799 Thread 0x000001d9141e9220 nmethod 8722 0x000001d8c303ba90 code [0x000001d8c303bc20, 0x000001d8c303bd58]
Event: 14.821 Thread 0x000001d9141e9220 8723       2       org.eclipse.jdt.internal.compiler.classfmt.FieldInfo::decodeAnnotations (185 bytes)
Event: 14.823 Thread 0x000001d9141e9220 nmethod 8723 0x000001d8c303be10 code [0x000001d8c303c000, 0x000001d8c303c7e0]
Event: 14.841 Thread 0x000001d9141e9220 8724  s    2       org.eclipse.jdt.internal.compiler.util.JrtFileSystem::cachePackage (235 bytes)
Event: 14.843 Thread 0x000001d9141e9220 nmethod 8724 0x000001d8c303cb10 code [0x000001d8c303ce60, 0x000001d8c303db58]
Event: 14.858 Thread 0x000001d9141e9220 8725       2       java.util.Collections$SetFromMap::iterator (10 bytes)
Event: 14.859 Thread 0x000001d9141e9220 nmethod 8725 0x000001d8c303e410 code [0x000001d8c303e5c0, 0x000001d8c303e6f8]
Event: 14.859 Thread 0x000001d9141e9220 8726       2       java.util.IdentityHashMap$KeySet::iterator (12 bytes)
Event: 14.859 Thread 0x000001d9141e9220 nmethod 8726 0x000001d8c303e790 code [0x000001d8c303e940, 0x000001d8c303ead8]
Event: 14.879 Thread 0x000001d9141e9220 8727       3       java.lang.Class::getGenericInfo (52 bytes)
Event: 14.880 Thread 0x000001d9141e9220 nmethod 8727 0x000001d8c303eb90 code [0x000001d8c303ee20, 0x000001d8c303fa10]

GC Heap History (20 events):
Event: 14.449 GC heap before
{Heap before GC invocations=73 (full 2):
 PSYoungGen      total 12288K, used 11941K [0x00000000eab00000, 0x00000000eb980000, 0x0000000100000000)
  eden space 10240K, 100% used [0x00000000eab00000,0x00000000eb500000,0x00000000eb500000)
  from space 2048K, 83% used [0x00000000eb780000,0x00000000eb929598,0x00000000eb980000)
  to   space 2048K, 0% used [0x00000000eb580000,0x00000000eb580000,0x00000000eb780000)
 ParOldGen       total 146432K, used 146215K [0x00000000c0000000, 0x00000000c8f00000, 0x00000000eab00000)
  object space 146432K, 99% used [0x00000000c0000000,0x00000000c8ec9dc0,0x00000000c8f00000)
 Metaspace       used 52229K, committed 53440K, reserved 1114112K
  class space    used 5431K, committed 5952K, reserved 1048576K
}
Event: 14.452 GC heap after
{Heap after GC invocations=73 (full 2):
 PSYoungGen      total 12288K, used 1966K [0x00000000eab00000, 0x00000000eb900000, 0x0000000100000000)
  eden space 10240K, 0% used [0x00000000eab00000,0x00000000eab00000,0x00000000eb500000)
  from space 2048K, 96% used [0x00000000eb580000,0x00000000eb76bbd8,0x00000000eb780000)
  to   space 1536K, 0% used [0x00000000eb780000,0x00000000eb780000,0x00000000eb900000)
 ParOldGen       total 147968K, used 147788K [0x00000000c0000000, 0x00000000c9080000, 0x00000000eab00000)
  object space 147968K, 99% used [0x00000000c0000000,0x00000000c9053000,0x00000000c9080000)
 Metaspace       used 52229K, committed 53440K, reserved 1114112K
  class space    used 5431K, committed 5952K, reserved 1048576K
}
Event: 14.511 GC heap before
{Heap before GC invocations=74 (full 2):
 PSYoungGen      total 12288K, used 12206K [0x00000000eab00000, 0x00000000eb900000, 0x0000000100000000)
  eden space 10240K, 100% used [0x00000000eab00000,0x00000000eb500000,0x00000000eb500000)
  from space 2048K, 96% used [0x00000000eb580000,0x00000000eb76bbd8,0x00000000eb780000)
  to   space 1536K, 0% used [0x00000000eb780000,0x00000000eb780000,0x00000000eb900000)
 ParOldGen       total 147968K, used 147788K [0x00000000c0000000, 0x00000000c9080000, 0x00000000eab00000)
  object space 147968K, 99% used [0x00000000c0000000,0x00000000c9053000,0x00000000c9080000)
 Metaspace       used 52258K, committed 53504K, reserved 1114112K
  class space    used 5444K, committed 6016K, reserved 1048576K
}
Event: 14.514 GC heap after
{Heap after GC invocations=74 (full 2):
 PSYoungGen      total 10240K, used 1536K [0x00000000eab00000, 0x00000000ebd00000, 0x0000000100000000)
  eden space 8704K, 0% used [0x00000000eab00000,0x00000000eab00000,0x00000000eb380000)
  from space 1536K, 100% used [0x00000000eb780000,0x00000000eb900000,0x00000000eb900000)
  to   space 4096K, 0% used [0x00000000eb380000,0x00000000eb380000,0x00000000eb780000)
 ParOldGen       total 150016K, used 149875K [0x00000000c0000000, 0x00000000c9280000, 0x00000000eab00000)
  object space 150016K, 99% used [0x00000000c0000000,0x00000000c925cd68,0x00000000c9280000)
 Metaspace       used 52258K, committed 53504K, reserved 1114112K
  class space    used 5444K, committed 6016K, reserved 1048576K
}
Event: 14.550 GC heap before
{Heap before GC invocations=75 (full 2):
 PSYoungGen      total 10240K, used 10240K [0x00000000eab00000, 0x00000000ebd00000, 0x0000000100000000)
  eden space 8704K, 100% used [0x00000000eab00000,0x00000000eb380000,0x00000000eb380000)
  from space 1536K, 100% used [0x00000000eb780000,0x00000000eb900000,0x00000000eb900000)
  to   space 4096K, 0% used [0x00000000eb380000,0x00000000eb380000,0x00000000eb780000)
 ParOldGen       total 150016K, used 149875K [0x00000000c0000000, 0x00000000c9280000, 0x00000000eab00000)
  object space 150016K, 99% used [0x00000000c0000000,0x00000000c925cd68,0x00000000c9280000)
 Metaspace       used 52283K, committed 53504K, reserved 1114112K
  class space    used 5449K, committed 6016K, reserved 1048576K
}
Event: 14.553 GC heap after
{Heap after GC invocations=75 (full 2):
 PSYoungGen      total 10752K, used 1975K [0x00000000eab00000, 0x00000000eb980000, 0x0000000100000000)
  eden space 8704K, 0% used [0x00000000eab00000,0x00000000eab00000,0x00000000eb380000)
  from space 2048K, 96% used [0x00000000eb380000,0x00000000eb56dda8,0x00000000eb580000)
  to   space 3072K, 0% used [0x00000000eb680000,0x00000000eb680000,0x00000000eb980000)
 ParOldGen       total 151552K, used 151347K [0x00000000c0000000, 0x00000000c9400000, 0x00000000eab00000)
  object space 151552K, 99% used [0x00000000c0000000,0x00000000c93ccda0,0x00000000c9400000)
 Metaspace       used 52283K, committed 53504K, reserved 1114112K
  class space    used 5449K, committed 6016K, reserved 1048576K
}
Event: 14.591 GC heap before
{Heap before GC invocations=76 (full 2):
 PSYoungGen      total 10752K, used 10679K [0x00000000eab00000, 0x00000000eb980000, 0x0000000100000000)
  eden space 8704K, 100% used [0x00000000eab00000,0x00000000eb380000,0x00000000eb380000)
  from space 2048K, 96% used [0x00000000eb380000,0x00000000eb56dda8,0x00000000eb580000)
  to   space 3072K, 0% used [0x00000000eb680000,0x00000000eb680000,0x00000000eb980000)
 ParOldGen       total 151552K, used 151347K [0x00000000c0000000, 0x00000000c9400000, 0x00000000eab00000)
  object space 151552K, 99% used [0x00000000c0000000,0x00000000c93ccda0,0x00000000c9400000)
 Metaspace       used 52336K, committed 53568K, reserved 1114112K
  class space    used 5455K, committed 6016K, reserved 1048576K
}
Event: 14.595 GC heap after
{Heap after GC invocations=76 (full 2):
 PSYoungGen      total 10752K, used 2019K [0x00000000eab00000, 0x00000000eb880000, 0x0000000100000000)
  eden space 8704K, 0% used [0x00000000eab00000,0x00000000eab00000,0x00000000eb380000)
  from space 2048K, 98% used [0x00000000eb680000,0x00000000eb878cd0,0x00000000eb880000)
  to   space 2560K, 0% used [0x00000000eb380000,0x00000000eb380000,0x00000000eb600000)
 ParOldGen       total 153600K, used 153114K [0x00000000c0000000, 0x00000000c9600000, 0x00000000eab00000)
  object space 153600K, 99% used [0x00000000c0000000,0x00000000c95868e0,0x00000000c9600000)
 Metaspace       used 52336K, committed 53568K, reserved 1114112K
  class space    used 5455K, committed 6016K, reserved 1048576K
}
Event: 14.635 GC heap before
{Heap before GC invocations=77 (full 2):
 PSYoungGen      total 10752K, used 10723K [0x00000000eab00000, 0x00000000eb880000, 0x0000000100000000)
  eden space 8704K, 100% used [0x00000000eab00000,0x00000000eb380000,0x00000000eb380000)
  from space 2048K, 98% used [0x00000000eb680000,0x00000000eb878cd0,0x00000000eb880000)
  to   space 2560K, 0% used [0x00000000eb380000,0x00000000eb380000,0x00000000eb600000)
 ParOldGen       total 153600K, used 153114K [0x00000000c0000000, 0x00000000c9600000, 0x00000000eab00000)
  object space 153600K, 99% used [0x00000000c0000000,0x00000000c95868e0,0x00000000c9600000)
 Metaspace       used 52380K, committed 53568K, reserved 1114112K
  class space    used 5461K, committed 6016K, reserved 1048576K
}
Event: 14.638 GC heap after
{Heap after GC invocations=77 (full 2):
 PSYoungGen      total 10752K, used 1980K [0x00000000eab00000, 0x00000000eb780000, 0x0000000100000000)
  eden space 8704K, 0% used [0x00000000eab00000,0x00000000eab00000,0x00000000eb380000)
  from space 2048K, 96% used [0x00000000eb380000,0x00000000eb56f2e0,0x00000000eb580000)
  to   space 2048K, 0% used [0x00000000eb580000,0x00000000eb580000,0x00000000eb780000)
 ParOldGen       total 155136K, used 154870K [0x00000000c0000000, 0x00000000c9780000, 0x00000000eab00000)
  object space 155136K, 99% used [0x00000000c0000000,0x00000000c973da90,0x00000000c9780000)
 Metaspace       used 52380K, committed 53568K, reserved 1114112K
  class space    used 5461K, committed 6016K, reserved 1048576K
}
Event: 14.679 GC heap before
{Heap before GC invocations=78 (full 2):
 PSYoungGen      total 10752K, used 10684K [0x00000000eab00000, 0x00000000eb780000, 0x0000000100000000)
  eden space 8704K, 100% used [0x00000000eab00000,0x00000000eb380000,0x00000000eb380000)
  from space 2048K, 96% used [0x00000000eb380000,0x00000000eb56f2e0,0x00000000eb580000)
  to   space 2048K, 0% used [0x00000000eb580000,0x00000000eb580000,0x00000000eb780000)
 ParOldGen       total 155136K, used 154870K [0x00000000c0000000, 0x00000000c9780000, 0x00000000eab00000)
  object space 155136K, 99% used [0x00000000c0000000,0x00000000c973da90,0x00000000c9780000)
 Metaspace       used 52406K, committed 53696K, reserved 1114112K
  class space    used 5465K, committed 6016K, reserved 1048576K
}
Event: 14.684 GC heap after
{Heap after GC invocations=78 (full 2):
 PSYoungGen      total 10752K, used 1921K [0x00000000eab00000, 0x00000000eb780000, 0x0000000100000000)
  eden space 8704K, 0% used [0x00000000eab00000,0x00000000eab00000,0x00000000eb380000)
  from space 2048K, 93% used [0x00000000eb580000,0x00000000eb760620,0x00000000eb780000)
  to   space 2048K, 0% used [0x00000000eb380000,0x00000000eb380000,0x00000000eb580000)
 ParOldGen       total 157184K, used 156678K [0x00000000c0000000, 0x00000000c9980000, 0x00000000eab00000)
  object space 157184K, 99% used [0x00000000c0000000,0x00000000c9901ab8,0x00000000c9980000)
 Metaspace       used 52406K, committed 53696K, reserved 1114112K
  class space    used 5465K, committed 6016K, reserved 1048576K
}
Event: 14.722 GC heap before
{Heap before GC invocations=79 (full 2):
 PSYoungGen      total 10752K, used 10625K [0x00000000eab00000, 0x00000000eb780000, 0x0000000100000000)
  eden space 8704K, 100% used [0x00000000eab00000,0x00000000eb380000,0x00000000eb380000)
  from space 2048K, 93% used [0x00000000eb580000,0x00000000eb760620,0x00000000eb780000)
  to   space 2048K, 0% used [0x00000000eb380000,0x00000000eb380000,0x00000000eb580000)
 ParOldGen       total 157184K, used 156678K [0x00000000c0000000, 0x00000000c9980000, 0x00000000eab00000)
  object space 157184K, 99% used [0x00000000c0000000,0x00000000c9901ab8,0x00000000c9980000)
 Metaspace       used 52489K, committed 53760K, reserved 1114112K
  class space    used 5468K, committed 6016K, reserved 1048576K
}
Event: 14.726 GC heap after
{Heap after GC invocations=79 (full 2):
 PSYoungGen      total 10752K, used 2031K [0x00000000eab00000, 0x00000000eb880000, 0x0000000100000000)
  eden space 8704K, 0% used [0x00000000eab00000,0x00000000eab00000,0x00000000eb380000)
  from space 2048K, 99% used [0x00000000eb380000,0x00000000eb57bfc8,0x00000000eb580000)
  to   space 2560K, 0% used [0x00000000eb600000,0x00000000eb600000,0x00000000eb880000)
 ParOldGen       total 158720K, used 158498K [0x00000000c0000000, 0x00000000c9b00000, 0x00000000eab00000)
  object space 158720K, 99% used [0x00000000c0000000,0x00000000c9ac8a50,0x00000000c9b00000)
 Metaspace       used 52489K, committed 53760K, reserved 1114112K
  class space    used 5468K, committed 6016K, reserved 1048576K
}
Event: 14.770 GC heap before
{Heap before GC invocations=80 (full 2):
 PSYoungGen      total 10752K, used 10735K [0x00000000eab00000, 0x00000000eb880000, 0x0000000100000000)
  eden space 8704K, 100% used [0x00000000eab00000,0x00000000eb380000,0x00000000eb380000)
  from space 2048K, 99% used [0x00000000eb380000,0x00000000eb57bfc8,0x00000000eb580000)
  to   space 2560K, 0% used [0x00000000eb600000,0x00000000eb600000,0x00000000eb880000)
 ParOldGen       total 158720K, used 158498K [0x00000000c0000000, 0x00000000c9b00000, 0x00000000eab00000)
  object space 158720K, 99% used [0x00000000c0000000,0x00000000c9ac8a50,0x00000000c9b00000)
 Metaspace       used 52547K, committed 53824K, reserved 1114112K
  class space    used 5470K, committed 6016K, reserved 1048576K
}
Event: 14.774 GC heap after
{Heap after GC invocations=80 (full 2):
 PSYoungGen      total 11264K, used 2044K [0x00000000eab00000, 0x00000000eb880000, 0x0000000100000000)
  eden space 8704K, 0% used [0x00000000eab00000,0x00000000eab00000,0x00000000eb380000)
  from space 2560K, 79% used [0x00000000eb600000,0x00000000eb7ff0e0,0x00000000eb880000)
  to   space 2560K, 0% used [0x00000000eb380000,0x00000000eb380000,0x00000000eb600000)
 ParOldGen       total 160768K, used 160331K [0x00000000c0000000, 0x00000000c9d00000, 0x00000000eab00000)
  object space 160768K, 99% used [0x00000000c0000000,0x00000000c9c92eb0,0x00000000c9d00000)
 Metaspace       used 52547K, committed 53824K, reserved 1114112K
  class space    used 5470K, committed 6016K, reserved 1048576K
}
Event: 14.810 GC heap before
{Heap before GC invocations=81 (full 2):
 PSYoungGen      total 11264K, used 10748K [0x00000000eab00000, 0x00000000eb880000, 0x0000000100000000)
  eden space 8704K, 100% used [0x00000000eab00000,0x00000000eb380000,0x00000000eb380000)
  from space 2560K, 79% used [0x00000000eb600000,0x00000000eb7ff0e0,0x00000000eb880000)
  to   space 2560K, 0% used [0x00000000eb380000,0x00000000eb380000,0x00000000eb600000)
 ParOldGen       total 160768K, used 160331K [0x00000000c0000000, 0x00000000c9d00000, 0x00000000eab00000)
  object space 160768K, 99% used [0x00000000c0000000,0x00000000c9c92eb0,0x00000000c9d00000)
 Metaspace       used 52597K, committed 53824K, reserved 1114112K
  class space    used 5477K, committed 6016K, reserved 1048576K
}
Event: 14.814 GC heap after
{Heap after GC invocations=81 (full 2):
 PSYoungGen      total 10752K, used 1838K [0x00000000eab00000, 0x00000000eb780000, 0x0000000100000000)
  eden space 8704K, 0% used [0x00000000eab00000,0x00000000eab00000,0x00000000eb380000)
  from space 2048K, 89% used [0x00000000eb380000,0x00000000eb54b930,0x00000000eb580000)
  to   space 2048K, 0% used [0x00000000eb580000,0x00000000eb580000,0x00000000eb780000)
 ParOldGen       total 162304K, used 162214K [0x00000000c0000000, 0x00000000c9e80000, 0x00000000eab00000)
  object space 162304K, 99% used [0x00000000c0000000,0x00000000c9e69b28,0x00000000c9e80000)
 Metaspace       used 52597K, committed 53824K, reserved 1114112K
  class space    used 5477K, committed 6016K, reserved 1048576K
}
Event: 14.851 GC heap before
{Heap before GC invocations=82 (full 2):
 PSYoungGen      total 10752K, used 10542K [0x00000000eab00000, 0x00000000eb780000, 0x0000000100000000)
  eden space 8704K, 100% used [0x00000000eab00000,0x00000000eb380000,0x00000000eb380000)
  from space 2048K, 89% used [0x00000000eb380000,0x00000000eb54b930,0x00000000eb580000)
  to   space 2048K, 0% used [0x00000000eb580000,0x00000000eb580000,0x00000000eb780000)
 ParOldGen       total 162304K, used 162214K [0x00000000c0000000, 0x00000000c9e80000, 0x00000000eab00000)
  object space 162304K, 99% used [0x00000000c0000000,0x00000000c9e69b28,0x00000000c9e80000)
 Metaspace       used 52718K, committed 53952K, reserved 1114112K
  class space    used 5482K, committed 6016K, reserved 1048576K
}
Event: 14.855 GC heap after
{Heap after GC invocations=82 (full 2):
 PSYoungGen      total 10752K, used 1864K [0x00000000eab00000, 0x00000000eb780000, 0x0000000100000000)
  eden space 8704K, 0% used [0x00000000eab00000,0x00000000eab00000,0x00000000eb380000)
  from space 2048K, 91% used [0x00000000eb580000,0x00000000eb752140,0x00000000eb780000)
  to   space 2048K, 0% used [0x00000000eb380000,0x00000000eb380000,0x00000000eb580000)
 ParOldGen       total 164352K, used 163893K [0x00000000c0000000, 0x00000000ca080000, 0x00000000eab00000)
  object space 164352K, 99% used [0x00000000c0000000,0x00000000ca00d700,0x00000000ca080000)
 Metaspace       used 52718K, committed 53952K, reserved 1114112K
  class space    used 5482K, committed 6016K, reserved 1048576K
}

Dll operation events (10 events):
Event: 0.018 Loaded shared library c:\Users\avash\.vscode\extensions\redhat.java-1.42.0-win32-x64\jre\21.0.7-win32-x86_64\bin\java.dll
Event: 0.102 Loaded shared library c:\Users\avash\.vscode\extensions\redhat.java-1.42.0-win32-x64\jre\21.0.7-win32-x86_64\bin\zip.dll
Event: 0.132 Loaded shared library C:\Users\avash\.vscode\extensions\redhat.java-1.42.0-win32-x64\jre\21.0.7-win32-x86_64\bin\instrument.dll
Event: 0.138 Loaded shared library C:\Users\avash\.vscode\extensions\redhat.java-1.42.0-win32-x64\jre\21.0.7-win32-x86_64\bin\net.dll
Event: 0.142 Loaded shared library C:\Users\avash\.vscode\extensions\redhat.java-1.42.0-win32-x64\jre\21.0.7-win32-x86_64\bin\nio.dll
Event: 0.147 Loaded shared library C:\Users\avash\.vscode\extensions\redhat.java-1.42.0-win32-x64\jre\21.0.7-win32-x86_64\bin\zip.dll
Event: 0.170 Loaded shared library C:\Users\avash\.vscode\extensions\redhat.java-1.42.0-win32-x64\jre\21.0.7-win32-x86_64\bin\jimage.dll
Event: 0.271 Loaded shared library c:\Users\avash\.vscode\extensions\redhat.java-1.42.0-win32-x64\jre\21.0.7-win32-x86_64\bin\verify.dll
Event: 1.783 Loaded shared library C:\Users\avash\AppData\Roaming\Code\User\globalStorage\redhat.java\1.42.0\config_win\org.eclipse.equinox.launcher\org.eclipse.equinox.launcher.win32.win32.x86_64_1.2.1300.v20250331-1702\eclipse_11911.dll
Event: 3.636 Loaded shared library C:\Users\avash\AppData\Local\Temp\jna-93193761\jna2516302554435903116.dll

Deoptimization events (20 events):
Event: 14.110 Thread 0x000001d91c328c30 Uncommon trap: trap_request=0xffffff45 fr.pc=0x000001d8c9daeffc relative=0x00000000000002bc
Event: 14.111 Thread 0x000001d91c328c30 Uncommon trap: reason=unstable_if action=reinterpret pc=0x000001d8c9daeffc method=org.eclipse.core.runtime.Path.equals(Ljava/lang/Object;)Z @ 120 c2
Event: 14.111 Thread 0x000001d91c328c30 DEOPT PACKING pc=0x000001d8c9daeffc sp=0x000000c81cefed30
Event: 14.111 Thread 0x000001d91c328c30 DEOPT UNPACKING pc=0x000001d8c9543aa2 sp=0x000000c81cefecc0 mode 2
Event: 14.138 Thread 0x000001d91c327880 Uncommon trap: trap_request=0xffffff45 fr.pc=0x000001d8c9cf77a8 relative=0x0000000000000aa8
Event: 14.138 Thread 0x000001d91b311540 Uncommon trap: trap_request=0xffffff45 fr.pc=0x000001d8c9e14370 relative=0x00000000000001b0
Event: 14.138 Thread 0x000001d91c327880 Uncommon trap: reason=unstable_if action=reinterpret pc=0x000001d8c9cf77a8 method=java.util.concurrent.ConcurrentHashMap.addCount(JI)V @ 34 c2
Event: 14.138 Thread 0x000001d91b311540 Uncommon trap: reason=unstable_if action=reinterpret pc=0x000001d8c9e14370 method=org.eclipse.jdt.core.compiler.CharOperation.subarray([CII)[C @ 2 c2
Event: 14.139 Thread 0x000001d91c327880 DEOPT PACKING pc=0x000001d8c9cf77a8 sp=0x000000c81cffe4e0
Event: 14.139 Thread 0x000001d91c327880 DEOPT UNPACKING pc=0x000001d8c9543aa2 sp=0x000000c81cffe3a0 mode 2
Event: 14.139 Thread 0x000001d91b311540 DEOPT PACKING pc=0x000001d8c9e14370 sp=0x000000c81b7fde50
Event: 14.139 Thread 0x000001d91b311540 DEOPT UNPACKING pc=0x000001d8c9543aa2 sp=0x000000c81b7fde10 mode 2
Event: 14.146 Thread 0x000001d91b311540 Uncommon trap: trap_request=0xffffff45 fr.pc=0x000001d8c9deffe0 relative=0x0000000000000860
Event: 14.146 Thread 0x000001d91b311540 Uncommon trap: reason=unstable_if action=reinterpret pc=0x000001d8c9deffe0 method=java.util.Arrays.copyOfRange([CII)[C @ 1 c2
Event: 14.146 Thread 0x000001d91b311540 DEOPT PACKING pc=0x000001d8c9deffe0 sp=0x000000c81b7fdf20
Event: 14.146 Thread 0x000001d91b311540 DEOPT UNPACKING pc=0x000001d8c9543aa2 sp=0x000000c81b7fde48 mode 2
Event: 14.721 Thread 0x000001d91b310190 Uncommon trap: trap_request=0xffffff45 fr.pc=0x000001d8c9f273d8 relative=0x0000000000000358
Event: 14.721 Thread 0x000001d91b310190 Uncommon trap: reason=unstable_if action=reinterpret pc=0x000001d8c9f273d8 method=org.eclipse.jdt.internal.compiler.parser.Scanner.internalScanIdentifierOrKeyword(II[C)Lorg/eclipse/jdt/internal/compiler/parser/TerminalToken; @ 3502 c2
Event: 14.721 Thread 0x000001d91b310190 DEOPT PACKING pc=0x000001d8c9f273d8 sp=0x000000c81b3fead0
Event: 14.721 Thread 0x000001d91b310190 DEOPT UNPACKING pc=0x000001d8c9543aa2 sp=0x000000c81b3fea68 mode 2

Classes loaded (20 events):
Event: 13.153 Loading class java/util/concurrent/ForkJoinTask$AdaptedCallable
Event: 13.153 Loading class java/util/concurrent/ForkJoinTask$AdaptedCallable done
Event: 13.554 Loading class java/util/TreeMap$AscendingSubMap
Event: 13.554 Loading class java/util/TreeMap$NavigableSubMap
Event: 13.555 Loading class java/util/TreeMap$NavigableSubMap done
Event: 13.555 Loading class java/util/TreeMap$AscendingSubMap done
Event: 13.556 Loading class java/util/TreeMap$AscendingSubMap$AscendingEntrySetView
Event: 13.556 Loading class java/util/TreeMap$NavigableSubMap$EntrySetView
Event: 13.556 Loading class java/util/TreeMap$NavigableSubMap$EntrySetView done
Event: 13.556 Loading class java/util/TreeMap$AscendingSubMap$AscendingEntrySetView done
Event: 13.556 Loading class java/util/TreeMap$NavigableSubMap$SubMapEntryIterator
Event: 13.556 Loading class java/util/TreeMap$NavigableSubMap$SubMapIterator
Event: 13.556 Loading class java/util/TreeMap$NavigableSubMap$SubMapIterator done
Event: 13.556 Loading class java/util/TreeMap$NavigableSubMap$SubMapEntryIterator done
Event: 13.561 Loading class java/util/regex/PatternSyntaxException
Event: 13.561 Loading class java/util/regex/PatternSyntaxException done
Event: 13.565 Loading class java/util/ImmutableCollections$SubList
Event: 13.565 Loading class java/util/ImmutableCollections$SubList done
Event: 14.625 Loading class java/util/Vector$1
Event: 14.626 Loading class java/util/Vector$1 done

Classes unloaded (7 events):
Event: 4.717 Thread 0x000001d91419fcb0 Unloading class 0x000001d8d419c400 'java/lang/invoke/LambdaForm$MH+0x000001d8d419c400'
Event: 4.717 Thread 0x000001d91419fcb0 Unloading class 0x000001d8d419c000 'java/lang/invoke/LambdaForm$MH+0x000001d8d419c000'
Event: 4.717 Thread 0x000001d91419fcb0 Unloading class 0x000001d8d419bc00 'java/lang/invoke/LambdaForm$MH+0x000001d8d419bc00'
Event: 4.717 Thread 0x000001d91419fcb0 Unloading class 0x000001d8d419b800 'java/lang/invoke/LambdaForm$MH+0x000001d8d419b800'
Event: 4.717 Thread 0x000001d91419fcb0 Unloading class 0x000001d8d419b400 'java/lang/invoke/LambdaForm$BMH+0x000001d8d419b400'
Event: 4.717 Thread 0x000001d91419fcb0 Unloading class 0x000001d8d419b000 'java/lang/invoke/LambdaForm$DMH+0x000001d8d419b000'
Event: 4.717 Thread 0x000001d91419fcb0 Unloading class 0x000001d8d4199c00 'java/lang/invoke/LambdaForm$DMH+0x000001d8d4199c00'

Classes redefined (0 events):
No events

Internal exceptions (20 events):
Event: 13.931 Thread 0x000001d91b311540 Exception <a 'sun/nio/fs/WindowsException'{0x00000000eae84320}> (0x00000000eae84320) 
thrown [s\src\hotspot\share\prims\jni.cpp, line 520]
Event: 13.931 Thread 0x000001d91b311540 Exception <a 'sun/nio/fs/WindowsException'{0x00000000eae84b10}> (0x00000000eae84b10) 
thrown [s\src\hotspot\share\prims\jni.cpp, line 520]
Event: 13.943 Thread 0x000001d91b311540 Exception <a 'sun/nio/fs/WindowsException'{0x00000000eb0a64b8}> (0x00000000eb0a64b8) 
thrown [s\src\hotspot\share\prims\jni.cpp, line 520]
Event: 13.944 Thread 0x000001d91c629f00 Exception <a 'sun/nio/fs/WindowsException'{0x00000000eb104b28}> (0x00000000eb104b28) 
thrown [s\src\hotspot\share\prims\jni.cpp, line 520]
Event: 13.945 Thread 0x000001d91c62b2b0 Exception <a 'sun/nio/fs/WindowsException'{0x00000000eb103b88}> (0x00000000eb103b88) 
thrown [s\src\hotspot\share\prims\jni.cpp, line 520]
Event: 13.945 Thread 0x000001d91c62ac20 Exception <a 'sun/nio/fs/WindowsException'{0x00000000eb109718}> (0x00000000eb109718) 
thrown [s\src\hotspot\share\prims\jni.cpp, line 520]
Event: 13.945 Thread 0x000001d91c62a590 Exception <a 'sun/nio/fs/WindowsException'{0x00000000eb102c20}> (0x00000000eb102c20) 
thrown [s\src\hotspot\share\prims\jni.cpp, line 520]
Event: 13.946 Thread 0x000001d91c62b2b0 Exception <a 'sun/nio/fs/WindowsException'{0x00000000eb10d7c0}> (0x00000000eb10d7c0) 
thrown [s\src\hotspot\share\prims\jni.cpp, line 520]
Event: 13.947 Thread 0x000001d91c3271f0 Exception <a 'sun/nio/fs/WindowsException'{0x00000000eb111408}> (0x00000000eb111408) 
thrown [s\src\hotspot\share\prims\jni.cpp, line 520]
Event: 13.947 Thread 0x000001d91c32a670 Exception <a 'sun/nio/fs/WindowsException'{0x00000000eb1168a0}> (0x00000000eb1168a0) 
thrown [s\src\hotspot\share\prims\jni.cpp, line 520]
Event: 13.948 Thread 0x000001d91c62b2b0 Exception <a 'sun/nio/fs/WindowsException'{0x00000000eb121090}> (0x00000000eb121090) 
thrown [s\src\hotspot\share\prims\jni.cpp, line 520]
Event: 13.948 Thread 0x000001d91c3292c0 Exception <a 'sun/nio/fs/WindowsException'{0x00000000eb107408}> (0x00000000eb107408) 
thrown [s\src\hotspot\share\prims\jni.cpp, line 520]
Event: 13.948 Thread 0x000001d91c629f00 Exception <a 'sun/nio/fs/WindowsException'{0x00000000eb11fc40}> (0x00000000eb11fc40) 
thrown [s\src\hotspot\share\prims\jni.cpp, line 520]
Event: 13.949 Thread 0x000001d91c3285a0 Exception <a 'sun/nio/fs/WindowsException'{0x00000000eb119748}> (0x00000000eb119748) 
thrown [s\src\hotspot\share\prims\jni.cpp, line 520]
Event: 13.949 Thread 0x000001d91c62b2b0 Exception <a 'sun/nio/fs/WindowsException'{0x00000000eb124560}> (0x00000000eb124560) 
thrown [s\src\hotspot\share\prims\jni.cpp, line 520]
Event: 13.950 Thread 0x000001d91c3271f0 Exception <a 'sun/nio/fs/WindowsException'{0x00000000eb1140d0}> (0x00000000eb1140d0) 
thrown [s\src\hotspot\share\prims\jni.cpp, line 520]
Event: 13.957 Thread 0x000001d91b311540 Exception <a 'sun/nio/fs/WindowsException'{0x00000000eb1b6888}> (0x00000000eb1b6888) 
thrown [s\src\hotspot\share\prims\jni.cpp, line 520]
Event: 13.959 Thread 0x000001d91c62a590 Exception <a 'sun/nio/fs/WindowsException'{0x00000000eb1bd230}> (0x00000000eb1bd230) 
thrown [s\src\hotspot\share\prims\jni.cpp, line 520]
Event: 13.964 Thread 0x000001d91b311540 Exception <a 'sun/nio/fs/WindowsException'{0x00000000eb246998}> (0x00000000eb246998) 
thrown [s\src\hotspot\share\prims\jni.cpp, line 520]
Event: 13.965 Thread 0x000001d91c62a590 Exception <a 'sun/nio/fs/WindowsException'{0x00000000eb1bebb0}> (0x00000000eb1bebb0) 
thrown [s\src\hotspot\share\prims\jni.cpp, line 520]

ZGC Phase Switch (0 events):
No events

VM Operations (20 events):
Event: 14.511 Executing VM operation: ParallelGCFailedAllocation (Allocation Failure)
Event: 14.514 Executing VM operation: ParallelGCFailedAllocation (Allocation Failure) done
Event: 14.550 Executing VM operation: ParallelGCFailedAllocation (Allocation Failure)
Event: 14.553 Executing VM operation: ParallelGCFailedAllocation (Allocation Failure) done
Event: 14.591 Executing VM operation: ParallelGCFailedAllocation (Allocation Failure)
Event: 14.595 Executing VM operation: ParallelGCFailedAllocation (Allocation Failure) done
Event: 14.635 Executing VM operation: ParallelGCFailedAllocation (Allocation Failure)
Event: 14.638 Executing VM operation: ParallelGCFailedAllocation (Allocation Failure) done
Event: 14.679 Executing VM operation: ParallelGCFailedAllocation (Allocation Failure)
Event: 14.684 Executing VM operation: ParallelGCFailedAllocation (Allocation Failure) done
Event: 14.722 Executing VM operation: ParallelGCFailedAllocation (Allocation Failure)
Event: 14.726 Executing VM operation: ParallelGCFailedAllocation (Allocation Failure) done
Event: 14.770 Executing VM operation: ParallelGCFailedAllocation (Allocation Failure)
Event: 14.774 Executing VM operation: ParallelGCFailedAllocation (Allocation Failure) done
Event: 14.810 Executing VM operation: ParallelGCFailedAllocation (Allocation Failure)
Event: 14.815 Executing VM operation: ParallelGCFailedAllocation (Allocation Failure) done
Event: 14.851 Executing VM operation: ParallelGCFailedAllocation (Allocation Failure)
Event: 14.855 Executing VM operation: ParallelGCFailedAllocation (Allocation Failure) done
Event: 14.901 Executing VM operation: ParallelGCFailedAllocation (Allocation Failure)
Event: 14.901 Executing VM operation: ParallelGCFailedAllocation (Allocation Failure) done

Memory protections (0 events):
No events

Nmethod flushes (20 events):
Event: 6.469 Thread 0x000001d91419fcb0 flushing  nmethod 0x000001d8c265c410
Event: 6.469 Thread 0x000001d91419fcb0 flushing  nmethod 0x000001d8c265cd10
Event: 6.469 Thread 0x000001d91419fcb0 flushing  nmethod 0x000001d8c265e590
Event: 6.469 Thread 0x000001d91419fcb0 flushing  nmethod 0x000001d8c265ed90
Event: 6.469 Thread 0x000001d91419fcb0 flushing  nmethod 0x000001d8c265f510
Event: 6.469 Thread 0x000001d91419fcb0 flushing  nmethod 0x000001d8c2660a90
Event: 6.469 Thread 0x000001d91419fcb0 flushing  nmethod 0x000001d8c2660f90
Event: 6.469 Thread 0x000001d91419fcb0 flushing  nmethod 0x000001d8c2661c90
Event: 6.469 Thread 0x000001d91419fcb0 flushing  nmethod 0x000001d8c2662090
Event: 6.469 Thread 0x000001d91419fcb0 flushing  nmethod 0x000001d8c2662510
Event: 6.469 Thread 0x000001d91419fcb0 flushing  nmethod 0x000001d8c2664710
Event: 6.469 Thread 0x000001d91419fcb0 flushing  nmethod 0x000001d8c2664c10
Event: 6.469 Thread 0x000001d91419fcb0 flushing  nmethod 0x000001d8c2664f10
Event: 6.469 Thread 0x000001d91419fcb0 flushing  nmethod 0x000001d8c267dc10
Event: 6.469 Thread 0x000001d91419fcb0 flushing  nmethod 0x000001d8c2693490
Event: 6.469 Thread 0x000001d91419fcb0 flushing  nmethod 0x000001d8c2695390
Event: 6.469 Thread 0x000001d91419fcb0 flushing  nmethod 0x000001d8c26a5890
Event: 6.469 Thread 0x000001d91419fcb0 flushing  nmethod 0x000001d8c2729290
Event: 6.469 Thread 0x000001d91419fcb0 flushing  nmethod 0x000001d8c272b410
Event: 6.469 Thread 0x000001d91419fcb0 flushing  nmethod 0x000001d8c2749810

Events (20 events):
Event: 6.161 Thread 0x000001d8bedcff00 Thread added: 0x000001d91c6284c0
Event: 6.161 Thread 0x000001d8bedcff00 Thread added: 0x000001d91c6277a0
Event: 6.211 Thread 0x000001d8bedcff00 Thread added: 0x000001d91c627e30
Event: 6.865 Thread 0x000001d8bedcff00 Thread added: 0x000001d91c628b50
Event: 6.865 Thread 0x000001d8bedcff00 Thread added: 0x000001d91c6291e0
Event: 9.695 Thread 0x000001d91a9eed30 Thread exited: 0x000001d91a9eed30
Event: 13.155 Thread 0x000001d91b311540 Thread added: 0x000001d91c62a590
Event: 13.156 Thread 0x000001d91c62a590 Thread added: 0x000001d91c62b2b0
Event: 13.162 Thread 0x000001d91c62a590 Thread added: 0x000001d91c629f00
Event: 13.162 Thread 0x000001d91c62b2b0 Thread added: 0x000001d91c62ac20
Event: 13.163 Thread 0x000001d91c62b2b0 Thread added: 0x000001d91c3292c0
Event: 13.164 Thread 0x000001d91c62ac20 Thread added: 0x000001d91c3271f0
Event: 13.164 Thread 0x000001d91c62b2b0 Thread added: 0x000001d91c32a670
Event: 13.165 Thread 0x000001d91c62b2b0 Thread added: 0x000001d91c3285a0
Event: 14.104 Thread 0x000001d91b311540 Thread added: 0x000001d91c327f10
Event: 14.104 Thread 0x000001d91b311540 Thread added: 0x000001d91c328c30
Event: 14.105 Thread 0x000001d91b311540 Thread added: 0x000001d91c327880
Event: 14.106 Thread 0x000001d91c328c30 Thread added: 0x000001d91c329950
Event: 14.106 Thread 0x000001d91c327f10 Thread added: 0x000001d91c329fe0
Event: 14.108 Thread 0x000001d91b311540 Thread added: 0x000001d91d3a8aa0


Dynamic libraries:
0x00007ff672a50000 - 0x00007ff672a5e000 	c:\Users\avash\.vscode\extensions\redhat.java-1.42.0-win32-x64\jre\21.0.7-win32-x86_64\bin\java.exe
0x00007ff8c3fa0000 - 0x00007ff8c4205000 	C:\WINDOWS\SYSTEM32\ntdll.dll
0x00007ff8c35f0000 - 0x00007ff8c36b9000 	C:\WINDOWS\System32\KERNEL32.DLL
0x00007ff8c15c0000 - 0x00007ff8c19a8000 	C:\WINDOWS\System32\KERNELBASE.dll
0x00007ff8c1b30000 - 0x00007ff8c1c7b000 	C:\WINDOWS\System32\ucrtbase.dll
0x00007ff8ba5b0000 - 0x00007ff8ba5c8000 	c:\Users\avash\.vscode\extensions\redhat.java-1.42.0-win32-x64\jre\21.0.7-win32-x86_64\bin\jli.dll
0x00007ff8b3890000 - 0x00007ff8b38ae000 	c:\Users\avash\.vscode\extensions\redhat.java-1.42.0-win32-x64\jre\21.0.7-win32-x86_64\bin\VCRUNTIME140.dll
0x00007ff8c2bd0000 - 0x00007ff8c2d9a000 	C:\WINDOWS\System32\USER32.dll
0x00007ff8ada70000 - 0x00007ff8add0a000 	C:\WINDOWS\WinSxS\amd64_microsoft.windows.common-controls_6595b64144ccf1df_6.0.26100.4202_none_3e0698d4e335f517\COMCTL32.dll
0x00007ff8c1c80000 - 0x00007ff8c1ca7000 	C:\WINDOWS\System32\win32u.dll
0x00007ff8c3910000 - 0x00007ff8c39b9000 	C:\WINDOWS\System32\msvcrt.dll
0x00007ff8c3a30000 - 0x00007ff8c3a5b000 	C:\WINDOWS\System32\GDI32.dll
0x00007ff8c1480000 - 0x00007ff8c15b7000 	C:\WINDOWS\System32\gdi32full.dll
0x00007ff8c13d0000 - 0x00007ff8c1473000 	C:\WINDOWS\System32\msvcp_win.dll
0x00007ff8c2b90000 - 0x00007ff8c2bc0000 	C:\WINDOWS\System32\IMM32.DLL
0x00007ff8bdc20000 - 0x00007ff8bdc2c000 	c:\Users\avash\.vscode\extensions\redhat.java-1.42.0-win32-x64\jre\21.0.7-win32-x86_64\bin\vcruntime140_1.dll
0x00007ff8b3030000 - 0x00007ff8b30bd000 	c:\Users\avash\.vscode\extensions\redhat.java-1.42.0-win32-x64\jre\21.0.7-win32-x86_64\bin\msvcp140.dll
0x00007ff853300000 - 0x00007ff854090000 	c:\Users\avash\.vscode\extensions\redhat.java-1.42.0-win32-x64\jre\21.0.7-win32-x86_64\bin\server\jvm.dll
0x00007ff8c37c0000 - 0x00007ff8c3873000 	C:\WINDOWS\System32\ADVAPI32.dll
0x00007ff8c2ae0000 - 0x00007ff8c2b86000 	C:\WINDOWS\System32\sechost.dll
0x00007ff8c3ac0000 - 0x00007ff8c3bd5000 	C:\WINDOWS\System32\RPCRT4.dll
0x00007ff8c2a60000 - 0x00007ff8c2ad4000 	C:\WINDOWS\System32\WS2_32.dll
0x00007ff8c0f40000 - 0x00007ff8c0f9e000 	C:\WINDOWS\SYSTEM32\POWRPROF.dll
0x00007ff8ba5d0000 - 0x00007ff8ba605000 	C:\WINDOWS\SYSTEM32\WINMM.dll
0x00007ff8ba610000 - 0x00007ff8ba61b000 	C:\WINDOWS\SYSTEM32\VERSION.dll
0x00007ff8c0f20000 - 0x00007ff8c0f34000 	C:\WINDOWS\SYSTEM32\UMPDC.dll
0x00007ff8bfeb0000 - 0x00007ff8bfecb000 	C:\WINDOWS\SYSTEM32\kernel.appcore.dll
0x00007ff8b57c0000 - 0x00007ff8b57ca000 	c:\Users\avash\.vscode\extensions\redhat.java-1.42.0-win32-x64\jre\21.0.7-win32-x86_64\bin\jimage.dll
0x00007ff8beab0000 - 0x00007ff8becf1000 	C:\WINDOWS\SYSTEM32\DBGHELP.DLL
0x00007ff8c1d50000 - 0x00007ff8c20d5000 	C:\WINDOWS\System32\combase.dll
0x00007ff8c3c90000 - 0x00007ff8c3d71000 	C:\WINDOWS\System32\OLEAUT32.dll
0x00007ff8a2e60000 - 0x00007ff8a2e99000 	C:\WINDOWS\SYSTEM32\dbgcore.DLL
0x00007ff8c11b0000 - 0x00007ff8c1249000 	C:\WINDOWS\System32\bcryptPrimitives.dll
0x00007ff8b33b0000 - 0x00007ff8b33bf000 	c:\Users\avash\.vscode\extensions\redhat.java-1.42.0-win32-x64\jre\21.0.7-win32-x86_64\bin\instrument.dll
0x00007ff8b3010000 - 0x00007ff8b302f000 	c:\Users\avash\.vscode\extensions\redhat.java-1.42.0-win32-x64\jre\21.0.7-win32-x86_64\bin\java.dll
0x00007ff8c22a0000 - 0x00007ff8c29e2000 	C:\WINDOWS\System32\SHELL32.dll
0x00007ff8c19b0000 - 0x00007ff8c1b24000 	C:\WINDOWS\System32\wintypes.dll
0x00007ff8bed40000 - 0x00007ff8bf598000 	C:\WINDOWS\SYSTEM32\windows.storage.dll
0x00007ff8c36c0000 - 0x00007ff8c37b1000 	C:\WINDOWS\System32\SHCORE.dll
0x00007ff8c39c0000 - 0x00007ff8c3a2a000 	C:\WINDOWS\System32\shlwapi.dll
0x00007ff8c1000000 - 0x00007ff8c102f000 	C:\WINDOWS\SYSTEM32\profapi.dll
0x00007ff8b2ff0000 - 0x00007ff8b3008000 	c:\Users\avash\.vscode\extensions\redhat.java-1.42.0-win32-x64\jre\21.0.7-win32-x86_64\bin\zip.dll
0x00007ff8b3750000 - 0x00007ff8b3760000 	C:\Users\avash\.vscode\extensions\redhat.java-1.42.0-win32-x64\jre\21.0.7-win32-x86_64\bin\net.dll
0x00007ff8b80f0000 - 0x00007ff8b820e000 	C:\WINDOWS\SYSTEM32\WINHTTP.dll
0x00007ff8c0420000 - 0x00007ff8c048a000 	C:\WINDOWS\system32\mswsock.dll
0x00007ff8b2fd0000 - 0x00007ff8b2fe6000 	C:\Users\avash\.vscode\extensions\redhat.java-1.42.0-win32-x64\jre\21.0.7-win32-x86_64\bin\nio.dll
0x00007ff8b33a0000 - 0x00007ff8b33b0000 	c:\Users\avash\.vscode\extensions\redhat.java-1.42.0-win32-x64\jre\21.0.7-win32-x86_64\bin\verify.dll
0x00007ff8b3350000 - 0x00007ff8b3395000 	C:\Users\avash\AppData\Roaming\Code\User\globalStorage\redhat.java\1.42.0\config_win\org.eclipse.equinox.launcher\org.eclipse.equinox.launcher.win32.win32.x86_64_1.2.1300.v20250331-1702\eclipse_11911.dll
0x00007ff8c20e0000 - 0x00007ff8c227e000 	C:\WINDOWS\System32\ole32.dll
0x00007ff8c06e0000 - 0x00007ff8c06fb000 	C:\WINDOWS\SYSTEM32\CRYPTSP.dll
0x00007ff8bfdf0000 - 0x00007ff8bfe2a000 	C:\WINDOWS\system32\rsaenh.dll
0x00007ff8c04c0000 - 0x00007ff8c04eb000 	C:\WINDOWS\SYSTEM32\USERENV.dll
0x00007ff8c0fd0000 - 0x00007ff8c0ff6000 	C:\WINDOWS\SYSTEM32\bcrypt.dll
0x00007ff8c06d0000 - 0x00007ff8c06dc000 	C:\WINDOWS\SYSTEM32\CRYPTBASE.dll
0x00007ff8bf8e0000 - 0x00007ff8bf913000 	C:\WINDOWS\SYSTEM32\IPHLPAPI.DLL
0x00007ff8c2290000 - 0x00007ff8c229a000 	C:\WINDOWS\System32\NSI.dll
0x00007ff8b3300000 - 0x00007ff8b3349000 	C:\Users\avash\AppData\Local\Temp\jna-93193761\jna2516302554435903116.dll
0x00007ff8c32c0000 - 0x00007ff8c32c8000 	C:\WINDOWS\System32\PSAPI.DLL
0x00007ff8ba580000 - 0x00007ff8ba59f000 	C:\WINDOWS\SYSTEM32\dhcpcsvc6.DLL
0x00007ff8b80c0000 - 0x00007ff8b80e5000 	C:\WINDOWS\SYSTEM32\dhcpcsvc.DLL

dbghelp: loaded successfully - version: 4.0.5 - missing functions: none
symbol engine: initialized successfully - sym options: 0x614 - pdb path: .;c:\Users\avash\.vscode\extensions\redhat.java-1.42.0-win32-x64\jre\21.0.7-win32-x86_64\bin;C:\WINDOWS\SYSTEM32;C:\WINDOWS\WinSxS\amd64_microsoft.windows.common-controls_6595b64144ccf1df_6.0.26100.4202_none_3e0698d4e335f517;c:\Users\avash\.vscode\extensions\redhat.java-1.42.0-win32-x64\jre\21.0.7-win32-x86_64\bin\server;C:\Users\avash\AppData\Roaming\Code\User\globalStorage\redhat.java\1.42.0\config_win\org.eclipse.equinox.launcher\org.eclipse.equinox.launcher.win32.win32.x86_64_1.2.1300.v20250331-1702;C:\Users\avash\AppData\Local\Temp\jna-93193761

VM Arguments:
jvm_args: --add-modules=ALL-SYSTEM --add-opens=java.base/java.util=ALL-UNNAMED --add-opens=java.base/java.lang=ALL-UNNAMED --add-opens=java.base/sun.nio.fs=ALL-UNNAMED -Declipse.application=org.eclipse.jdt.ls.core.id1 -Dosgi.bundles.defaultStartLevel=4 -Declipse.product=org.eclipse.jdt.ls.core.product -Djava.import.generatesMetadataFilesAtProjectRoot=false -DDetectVMInstallationsJob.disabled=true -Dfile.encoding=utf8 -XX:+UseParallelGC -XX:GCTimeRatio=4 -XX:AdaptiveSizePolicyWeight=90 -Dsun.zip.disableMemoryMapping=true -Xmx1G -Xms100m -Xlog:disable -javaagent:c:\Users\avash\.vscode\extensions\redhat.java-1.42.0-win32-x64\lombok\lombok-1.18.36.jar -XX:+HeapDumpOnOutOfMemoryError -XX:HeapDumpPath=c:\Users\avash\AppData\Roaming\Code\User\workspaceStorage\69e44a2c3b07f65cbada83763e4e2b8b\redhat.java -Daether.dependencyCollector.impl=bf 
java_command: c:\Users\avash\.vscode\extensions\redhat.java-1.42.0-win32-x64\server\plugins\org.eclipse.equinox.launcher_1.7.0.v20250424-1814.jar -configuration c:\Users\avash\AppData\Roaming\Code\User\globalStorage\redhat.java\1.42.0\config_win -data c:\Users\avash\AppData\Roaming\Code\User\workspaceStorage\69e44a2c3b07f65cbada83763e4e2b8b\redhat.java\jdt_ws --pipe=\\.\pipe\lsp-54abd502d33a1b85836677a21c36941e-sock
java_class_path (initial): c:\Users\avash\.vscode\extensions\redhat.java-1.42.0-win32-x64\server\plugins\org.eclipse.equinox.launcher_1.7.0.v20250424-1814.jar
Launcher Type: SUN_STANDARD

[Global flags]
    uintx AdaptiveSizePolicyWeight                 = 90                                        {product} {command line}
     intx CICompilerCount                          = 4                                         {product} {ergonomic}
    uintx GCTimeRatio                              = 4                                         {product} {command line}
     bool HeapDumpOnOutOfMemoryError               = true                                   {manageable} {command line}
    ccstr HeapDumpPath                             = c:\Users\avash\AppData\Roaming\Code\User\workspaceStorage\69e44a2c3b07f65cbada83763e4e2b8b\redhat.java         {manageable} {command line}
   size_t InitialHeapSize                          = 104857600                                 {product} {command line}
   size_t MaxHeapSize                              = 1073741824                                {product} {command line}
   size_t MaxNewSize                               = 357564416                                 {product} {ergonomic}
   size_t MinHeapDeltaBytes                        = 524288                                    {product} {ergonomic}
   size_t MinHeapSize                              = 104857600                                 {product} {command line}
   size_t NewSize                                  = 34603008                                  {product} {ergonomic}
    uintx NonNMethodCodeHeapSize                   = 5839372                                {pd product} {ergonomic}
    uintx NonProfiledCodeHeapSize                  = 122909434                              {pd product} {ergonomic}
   size_t OldSize                                  = 70254592                                  {product} {ergonomic}
    uintx ProfiledCodeHeapSize                     = 122909434                              {pd product} {ergonomic}
    uintx ReservedCodeCacheSize                    = 251658240                              {pd product} {ergonomic}
     bool SegmentedCodeCache                       = true                                      {product} {ergonomic}
   size_t SoftMaxHeapSize                          = 1073741824                             {manageable} {ergonomic}
     bool UseCompressedOops                        = true                           {product lp64_product} {ergonomic}
     bool UseLargePagesIndividualAllocation        = false                                  {pd product} {ergonomic}
     bool UseParallelGC                            = true                                      {product} {command line}

Logging:
Log output configuration:
 #0: stdout all=off uptime,level,tags foldmultilines=false
 #1: stderr all=off uptime,level,tags foldmultilines=false

Environment Variables:
JAVA_HOME=C:\Users\avash\AppData\Local\Programs\Eclipse Adoptium\jdk-17.0.9.9-hotspot\
PATH=C:\WINDOWS\system32;C:\WINDOWS;C:\WINDOWS\System32\Wbem;C:\WINDOWS\System32\WindowsPowerShell\v1.0\;C:\WINDOWS\System32\OpenSSH\;C:\Program Files\mingw-w64\x86_64-8.1.0-posix-seh-rt_v6-rev0\mingw64\bin;C:\Program Files\Git\cmd;C:\Program Files\dotnet\;C:\Windows\System32\Wbem;C:\Program Files\Microsoft SQL Server\150\Tools\Binn\;C:\Program Files\nodejs\;C:\ProgramData\chocolatey\bin;C:\php-8.3.6;C:\ProgramData\ComposerSetup\bin;D:\Software\sqlite3;C:\Users\avash\.fly\bin;C:\Users\avash\AppData\Local\Android\Sdk\platform-tools;C:\Users\avash\AppData\Local\Android\Sdk\emulator;C:\Users\avash\AppData\Local\Programs\Python\Python310\Scripts\;C:\Users\avash\AppData\Local\Programs\Python\Python310\;C:\Program Files\MySQL\MySQL Shell 8.0\bin\;C:\Users\avash\AppData\Local\Programs\Eclipse Adoptium\jdk-17.0.9.9-hotspot\bin;C:\Users\avash\AppData\Local\Microsoft\WindowsApps;C:\Users\avash\AppData\Local\Programs\Microsoft VS Code\bin;C:\Users\avash\.dotnet\tools;C:\Users\avash\AppData\Roaming\npm;C:\Program Files\JetBrains\IntelliJ IDEA Community Edition 2023.3.3\bin;C:\Users\avash\AppData\Local\spicetify;C:\Users\avash\AppData\Local\GitHubDesktop\bin;C:\Users\avash\AppData\Local\Microsoft\WindowsApps;C:\Users\avash\AppData\Roaming\Composer\vendor\bin;C:\Users\avash\.fly\bin;D:\Software\cursor\resources\app\bin
USERNAME=avash
OS=Windows_NT
PROCESSOR_IDENTIFIER=AMD64 Family 23 Model 24 Stepping 1, AuthenticAMD
TMP=C:\Users\avash\AppData\Local\Temp
TEMP=C:\Users\avash\AppData\Local\Temp




Periodic native trim disabled

---------------  S Y S T E M  ---------------

OS:
 Windows 11 , 64 bit Build 26100 (10.0.26100.4202)
OS uptime: 0 days 12:03 hours
Hyper-V role detected

CPU: total 8 (initial active 8) (8 cores per cpu, 2 threads per core) family 23 model 24 stepping 1 microcode 0x8108109, cx8, cmov, fxsr, ht, mmx, 3dnowpref, sse, sse2, sse3, ssse3, sse4a, sse4.1, sse4.2, popcnt, lzcnt, tsc, tscinvbit, avx, avx2, aes, clmul, bmi1, bmi2, adx, sha, fma, vzeroupper, clflush, clflushopt, hv, rdtscp, f16c
Processor Information for the first 8 processors :
  Max Mhz: 2100, Current Mhz: 2100, Mhz Limit: 2100

Memory: 4k page, system-wide physical 6020M (549M free)
TotalPageFile size 23430M (AvailPageFile size 6M)
current process WorkingSet (physical memory assigned to process): 443M, peak: 446M
current process commit charge ("private bytes"): 443M, peak: 444M

vm_info: OpenJDK 64-Bit Server VM (21.0.7+6-LTS) for windows-amd64 JRE (21.0.7+6-LTS), built on 2025-04-15T00:00:00Z by "admin" with MS VC++ 17.7 (VS2022)

END.
