#
# There is insufficient memory for the Java Runtime Environment to continue.
# Native memory allocation (malloc) failed to allocate 1142960 bytes. Error detail: Chunk::new
# Possible reasons:
#   The system is out of physical RAM or swap space
#   This process is running with CompressedOops enabled, and the Java Heap may be blocking the growth of the native heap
# Possible solutions:
#   Reduce memory load on the system
#   Increase physical memory or swap space
#   Check if swap backing store is full
#   Decrease Java heap size (-Xmx/-Xms)
#   Decrease number of Java threads
#   Decrease Java thread stack sizes (-Xss)
#   Set larger code cache with -XX:ReservedCodeCacheSize=
#   JVM is running with Unscaled Compressed Oops mode in which the Java heap is
#     placed in the first 4GB address space. The Java Heap base address is the
#     maximum limit for the native heap growth. Please use -XX:HeapBaseMinAddress
#     to set the Java Heap base and to place the Java Heap above 4GB virtual address.
# This output file may be truncated or incomplete.
#
#  Out of Memory Error (arena.cpp:168), pid=13816, tid=19268
#
# JRE version: OpenJDK Runtime Environment Temurin-21.0.7+6 (21.0.7+6) (build 21.0.7+6-LTS)
# Java VM: OpenJDK 64-Bit Server VM Temurin-21.0.7+6 (21.0.7+6-LTS, mixed mode, sharing, tiered, compressed oops, compressed class ptrs, parallel gc, windows-amd64)
# No core dump will be written. Minidumps are not enabled by default on client versions of Windows
#

---------------  S U M M A R Y ------------

Command Line: --add-modules=ALL-SYSTEM --add-opens=java.base/java.util=ALL-UNNAMED --add-opens=java.base/java.lang=ALL-UNNAMED --add-opens=java.base/sun.nio.fs=ALL-UNNAMED -Declipse.application=org.eclipse.jdt.ls.core.id1 -Dosgi.bundles.defaultStartLevel=4 -Declipse.product=org.eclipse.jdt.ls.core.product -Djava.import.generatesMetadataFilesAtProjectRoot=false -DDetectVMInstallationsJob.disabled=true -Dfile.encoding=utf8 -XX:+UseParallelGC -XX:GCTimeRatio=4 -XX:AdaptiveSizePolicyWeight=90 -Dsun.zip.disableMemoryMapping=true -Xmx1G -Xms100m -Xlog:disable -javaagent:c:\Users\avash\.vscode\extensions\redhat.java-1.42.0-win32-x64\lombok\lombok-1.18.36.jar -XX:+HeapDumpOnOutOfMemoryError -XX:HeapDumpPath=c:\Users\avash\AppData\Roaming\Code\User\workspaceStorage\69e44a2c3b07f65cbada83763e4e2b8b\redhat.java -Daether.dependencyCollector.impl=bf c:\Users\avash\.vscode\extensions\redhat.java-1.42.0-win32-x64\server\plugins\org.eclipse.equinox.launcher_1.7.0.v20250424-1814.jar -configuration c:\Users\avash\AppData\Roaming\Code\User\globalStorage\redhat.java\1.42.0\config_win -data c:\Users\avash\AppData\Roaming\Code\User\workspaceStorage\69e44a2c3b07f65cbada83763e4e2b8b\redhat.java\jdt_ws --pipe=\\.\pipe\lsp-f20b05c7a08de0779dbad879c366753a-sock

Host: AMD Ryzen 5 3500U with Radeon Vega Mobile Gfx  , 8 cores, 5G,  Windows 11 , 64 bit Build 26100 (10.0.26100.4202)
Time: Fri Jun 20 00:12:19 2025 Nepal Standard Time elapsed time: 25.440517 seconds (0d 0h 0m 25s)

---------------  T H R E A D  ---------------

Current thread (0x000001b604817870):  JavaThread "C2 CompilerThread2" daemon [_thread_in_native, id=19268, stack(0x000000514a700000,0x000000514a800000) (1024K)]


Current CompileTask:
C2:25440 5728       4       org.eclipse.osgi.internal.serviceregistry.ServiceRegistry::notifyHooksPrivileged (57 bytes)

Stack: [0x000000514a700000,0x000000514a800000]
Native frames: (J=compiled Java code, j=interpreted, Vv=VM code, C=native code)
V  [jvm.dll+0x6ce119]
V  [jvm.dll+0x8a84a1]
V  [jvm.dll+0x8aa9ce]
V  [jvm.dll+0x8ab0b3]
V  [jvm.dll+0x27f8a6]
V  [jvm.dll+0xc507d]
V  [jvm.dll+0xc55b3]
V  [jvm.dll+0x3b692c]
V  [jvm.dll+0x382aa5]
V  [jvm.dll+0x381f0a]
V  [jvm.dll+0x247af0]
V  [jvm.dll+0x2470cf]
V  [jvm.dll+0x1c760e]
V  [jvm.dll+0x25695a]
V  [jvm.dll+0x254efa]
V  [jvm.dll+0x3f03f6]
V  [jvm.dll+0x851f6b]
V  [jvm.dll+0x6cc7dd]
C  [ucrtbase.dll+0x37b0]
C  [KERNEL32.DLL+0x2e8d7]
C  [ntdll.dll+0x3c34c]


---------------  P R O C E S S  ---------------

Threads class SMR info:
_java_thread_list=0x000001b605cbaa50, length=40, elements={
0x000001b626fee600, 0x000001b63b39de10, 0x000001b63b3a10f0, 0x000001b63b3a49f0,
0x000001b63b3a5640, 0x000001b63b3a6290, 0x000001b63b3a8cf0, 0x000001b63b3abb30,
0x000001b67de34a30, 0x000001b62705a5d0, 0x000001b67e1036c0, 0x000001b67e6c83f0,
0x000001b67eba7580, 0x000001b67e9ee860, 0x000001b67e8e7fd0, 0x000001b67f093ed0,
0x000001b67f03e800, 0x000001b67f080110, 0x000001b67f07ed60, 0x000001b67f07fa80,
0x000001b67f07e6d0, 0x000001b67f07e040, 0x000001b67f725190, 0x000001b67f0807a0,
0x000001b604817870, 0x000001b67f080e30, 0x000001b67f07d9b0, 0x000001b6067c2c30,
0x000001b6067c25a0, 0x000001b6067c1f10, 0x000001b6067c32c0, 0x000001b6067c3950,
0x000001b6067c0b60, 0x000001b6067c3fe0, 0x000001b6067c4670, 0x000001b6067c11f0,
0x000001b6067c4d00, 0x000001b6067c1880, 0x000001b6067c7af0, 0x000001b6067c6dd0
}

Java Threads: ( => current thread )
  0x000001b626fee600 JavaThread "main"                              [_thread_blocked, id=15796, stack(0x0000005148400000,0x0000005148500000) (1024K)]
  0x000001b63b39de10 JavaThread "Reference Handler"          daemon [_thread_blocked, id=4572, stack(0x0000005148800000,0x0000005148900000) (1024K)]
  0x000001b63b3a10f0 JavaThread "Finalizer"                  daemon [_thread_blocked, id=2676, stack(0x0000005148900000,0x0000005148a00000) (1024K)]
  0x000001b63b3a49f0 JavaThread "Signal Dispatcher"          daemon [_thread_blocked, id=7944, stack(0x0000005148a00000,0x0000005148b00000) (1024K)]
  0x000001b63b3a5640 JavaThread "Attach Listener"            daemon [_thread_blocked, id=19628, stack(0x0000005148b00000,0x0000005148c00000) (1024K)]
  0x000001b63b3a6290 JavaThread "Service Thread"             daemon [_thread_blocked, id=6384, stack(0x0000005148c00000,0x0000005148d00000) (1024K)]
  0x000001b63b3a8cf0 JavaThread "Monitor Deflation Thread"   daemon [_thread_blocked, id=17876, stack(0x0000005148d00000,0x0000005148e00000) (1024K)]
  0x000001b63b3abb30 JavaThread "C2 CompilerThread0"         daemon [_thread_in_native, id=3544, stack(0x0000005148e00000,0x0000005148f00000) (1024K)]
  0x000001b67de34a30 JavaThread "C1 CompilerThread0"         daemon [_thread_blocked, id=11600, stack(0x0000005148f00000,0x0000005149000000) (1024K)]
  0x000001b62705a5d0 JavaThread "Common-Cleaner"             daemon [_thread_blocked, id=17016, stack(0x0000005149000000,0x0000005149100000) (1024K)]
  0x000001b67e1036c0 JavaThread "Notification Thread"        daemon [_thread_blocked, id=15988, stack(0x0000005149100000,0x0000005149200000) (1024K)]
  0x000001b67e6c83f0 JavaThread "Active Thread: Equinox Container: cc52ba6e-bbef-4480-bf4a-b1a115199c5d"        [_thread_blocked, id=19056, stack(0x0000005149800000,0x0000005149900000) (1024K)]
  0x000001b67eba7580 JavaThread "Refresh Thread: Equinox Container: cc52ba6e-bbef-4480-bf4a-b1a115199c5d" daemon [_thread_blocked, id=18272, stack(0x0000005149900000,0x0000005149a00000) (1024K)]
  0x000001b67e9ee860 JavaThread "Framework Event Dispatcher: Equinox Container: cc52ba6e-bbef-4480-bf4a-b1a115199c5d" daemon [_thread_blocked, id=16548, stack(0x0000005149b00000,0x0000005149c00000) (1024K)]
  0x000001b67e8e7fd0 JavaThread "Start Level: Equinox Container: cc52ba6e-bbef-4480-bf4a-b1a115199c5d" daemon [_thread_blocked, id=17432, stack(0x0000005149c00000,0x0000005149d00000) (1024K)]
  0x000001b67f093ed0 JavaThread "Bundle File Closer"         daemon [_thread_blocked, id=2076, stack(0x0000005149e00000,0x0000005149f00000) (1024K)]
  0x000001b67f03e800 JavaThread "SCR Component Actor"        daemon [_thread_blocked, id=14464, stack(0x0000005149f00000,0x000000514a000000) (1024K)]
  0x000001b67f080110 JavaThread "Worker-JM"                         [_thread_blocked, id=13920, stack(0x0000005149d00000,0x0000005149e00000) (1024K)]
  0x000001b67f07ed60 JavaThread "JNA Cleaner"                daemon [_thread_blocked, id=5436, stack(0x000000514a100000,0x000000514a200000) (1024K)]
  0x000001b67f07fa80 JavaThread "Worker-0: Updating Maven Dependencies"        [_thread_blocked, id=6700, stack(0x000000514a200000,0x000000514a300000) (1024K)]
  0x000001b67f07e6d0 JavaThread "Worker-1: Repository registry initialization"        [_thread_in_vm, id=19048, stack(0x000000514a000000,0x000000514a100000) (1024K)]
  0x000001b67f07e040 JavaThread "Worker-2: Initialize After Load"        [_thread_blocked, id=12336, stack(0x000000514a400000,0x000000514a500000) (1024K)]
  0x000001b67f725190 JavaThread "C2 CompilerThread1"         daemon [_thread_in_native, id=14720, stack(0x000000514a500000,0x000000514a600000) (1024K)]
  0x000001b67f0807a0 JavaThread "Worker-3"                          [_thread_blocked, id=3416, stack(0x000000514a600000,0x000000514a700000) (1024K)]
=>0x000001b604817870 JavaThread "C2 CompilerThread2"         daemon [_thread_in_native, id=19268, stack(0x000000514a700000,0x000000514a800000) (1024K)]
  0x000001b67f080e30 JavaThread "Java indexing"              daemon [_thread_blocked, id=19428, stack(0x000000514a800000,0x000000514a900000) (1024K)]
  0x000001b67f07d9b0 JavaThread "Worker-4"                          [_thread_blocked, id=11504, stack(0x000000514ab00000,0x000000514ac00000) (1024K)]
  0x000001b6067c2c30 JavaThread "Worker-5"                          [_thread_blocked, id=8244, stack(0x000000514ac00000,0x000000514ad00000) (1024K)]
  0x000001b6067c25a0 JavaThread "Thread-3"                   daemon [_thread_in_native, id=2680, stack(0x000000514ad00000,0x000000514ae00000) (1024K)]
  0x000001b6067c1f10 JavaThread "Thread-4"                   daemon [_thread_in_native, id=13584, stack(0x000000514ae00000,0x000000514af00000) (1024K)]
  0x000001b6067c32c0 JavaThread "Thread-5"                   daemon [_thread_in_native, id=18216, stack(0x000000514af00000,0x000000514b000000) (1024K)]
  0x000001b6067c3950 JavaThread "Thread-6"                   daemon [_thread_in_native, id=6816, stack(0x000000514b000000,0x000000514b100000) (1024K)]
  0x000001b6067c0b60 JavaThread "Thread-7"                   daemon [_thread_in_native, id=8420, stack(0x000000514b100000,0x000000514b200000) (1024K)]
  0x000001b6067c3fe0 JavaThread "Thread-8"                   daemon [_thread_in_native, id=5276, stack(0x000000514b200000,0x000000514b300000) (1024K)]
  0x000001b6067c4670 JavaThread "Thread-9"                   daemon [_thread_in_native, id=1832, stack(0x000000514b300000,0x000000514b400000) (1024K)]
  0x000001b6067c11f0 JavaThread "Thread-10"                  daemon [_thread_in_native, id=9752, stack(0x000000514b400000,0x000000514b500000) (1024K)]
  0x000001b6067c4d00 JavaThread "Thread-11"                  daemon [_thread_in_native, id=10828, stack(0x000000514b500000,0x000000514b600000) (1024K)]
  0x000001b6067c1880 JavaThread "pool-2-thread-1"                   [_thread_blocked, id=11192, stack(0x000000514b600000,0x000000514b700000) (1024K)]
  0x000001b6067c7af0 JavaThread "WorkspaceEventsHandler"            [_thread_blocked, id=3948, stack(0x000000514b700000,0x000000514b800000) (1024K)]
  0x000001b6067c6dd0 JavaThread "pool-1-thread-1"                   [_thread_blocked, id=17856, stack(0x000000514b800000,0x000000514b900000) (1024K)]
Total: 40

Other Threads:
  0x000001b6270ae660 VMThread "VM Thread"                           [id=11604, stack(0x0000005148700000,0x0000005148800000) (1024K)]
  0x000001b63b2bca00 WatcherThread "VM Periodic Task Thread"        [id=2340, stack(0x0000005148600000,0x0000005148700000) (1024K)]
  0x000001b62700c570 WorkerThread "GC Thread#0"                     [id=15268, stack(0x0000005148500000,0x0000005148600000) (1024K)]
  0x000001b67e18ac70 WorkerThread "GC Thread#1"                     [id=2300, stack(0x0000005149200000,0x0000005149300000) (1024K)]
  0x000001b67e6c17d0 WorkerThread "GC Thread#2"                     [id=18112, stack(0x0000005149300000,0x0000005149400000) (1024K)]
  0x000001b67e6c1b70 WorkerThread "GC Thread#3"                     [id=19948, stack(0x0000005149400000,0x0000005149500000) (1024K)]
  0x000001b67e6a3ee0 WorkerThread "GC Thread#4"                     [id=14964, stack(0x0000005149500000,0x0000005149600000) (1024K)]
  0x000001b67e6a4280 WorkerThread "GC Thread#5"                     [id=6108, stack(0x0000005149600000,0x0000005149700000) (1024K)]
  0x000001b67e6a4620 WorkerThread "GC Thread#6"                     [id=17180, stack(0x0000005149700000,0x0000005149800000) (1024K)]
  0x000001b67eba7be0 WorkerThread "GC Thread#7"                     [id=3592, stack(0x0000005149a00000,0x0000005149b00000) (1024K)]
Total: 10

Threads with active compile tasks:
C2 CompilerThread0  25501 5893       4       org.eclipse.osgi.internal.loader.BundleLoader::searchHooks (192 bytes)
C2 CompilerThread1  25501 5904       4       java.lang.ThreadLocal$ThreadLocalMap::set (133 bytes)
C2 CompilerThread2  25501 5728       4       org.eclipse.osgi.internal.serviceregistry.ServiceRegistry::notifyHooksPrivileged (57 bytes)
Total: 3

VM state: not at safepoint (normal execution)

VM Mutex/Monitor currently owned by a thread: None

Heap address: 0x00000000c0000000, size: 1024 MB, Compressed Oops mode: 32-bit

CDS archive(s) mapped at: [0x000001b63c000000-0x000001b63cba0000-0x000001b63cba0000), size 12189696, SharedBaseAddress: 0x000001b63c000000, ArchiveRelocationMode: 1.
Compressed class space mapped at: 0x000001b63d000000-0x000001b67d000000, reserved size: 1073741824
Narrow klass base: 0x000001b63c000000, Narrow klass shift: 0, Narrow klass range: 0x100000000

GC Precious Log:
 CardTable entry size: 512
 CPUs: 8 total, 8 available
 Memory: 6020M
 Large Page Support: Disabled
 NUMA Support: Disabled
 Compressed Oops: Enabled (32-bit)
 Alignments: Space 512K, Generation 512K, Heap 2M
 Heap Min Capacity: 100M
 Heap Initial Capacity: 100M
 Heap Max Capacity: 1G
 Pre-touch: Disabled
 Parallel Workers: 8

Heap:
 PSYoungGen      total 23552K, used 2069K [0x00000000eab00000, 0x00000000ec380000, 0x0000000100000000)
  eden space 22016K, 3% used [0x00000000eab00000,0x00000000eabd54b8,0x00000000ec080000)
  from space 1536K, 79% used [0x00000000ec080000,0x00000000ec1b0000,0x00000000ec200000)
  to   space 1536K, 0% used [0x00000000ec200000,0x00000000ec200000,0x00000000ec380000)
 ParOldGen       total 68608K, used 23277K [0x00000000c0000000, 0x00000000c4300000, 0x00000000eab00000)
  object space 68608K, 33% used [0x00000000c0000000,0x00000000c16bb750,0x00000000c4300000)
 Metaspace       used 41785K, committed 42880K, reserved 1114112K
  class space    used 4341K, committed 4800K, reserved 1048576K

Card table byte_map: [0x000001b626990000,0x000001b626ba0000] _byte_map_base: 0x000001b626390000

Marking Bits: (ParMarkBitMap*) 0x00007ff853fb31f0
 Begin Bits: [0x000001b6391e0000, 0x000001b63a1e0000)
 End Bits:   [0x000001b63a1e0000, 0x000001b63b1e0000)

Polling page: 0x000001b624df0000

Metaspace:

Usage:
  Non-class:     36.57 MB used.
      Class:      4.24 MB used.
       Both:     40.81 MB used.

Virtual space:
  Non-class space:       64.00 MB reserved,      37.19 MB ( 58%) committed,  1 nodes.
      Class space:        1.00 GB reserved,       4.69 MB ( <1%) committed,  1 nodes.
             Both:        1.06 GB reserved,      41.88 MB (  4%) committed. 

Chunk freelists:
   Non-Class:  10.02 MB
       Class:  11.20 MB
        Both:  21.22 MB

MaxMetaspaceSize: unlimited
CompressedClassSpaceSize: 1.00 GB
Initial GC threshold: 21.00 MB
Current GC threshold: 58.38 MB
CDS: on
 - commit_granule_bytes: 65536.
 - commit_granule_words: 8192.
 - virtual_space_node_default_size: 8388608.
 - enlarge_chunks_in_place: 1.
 - use_allocation_guard: 0.


Internal statistics:

num_allocs_failed_limit: 6.
num_arena_births: 758.
num_arena_deaths: 14.
num_vsnodes_births: 2.
num_vsnodes_deaths: 0.
num_space_committed: 670.
num_space_uncommitted: 0.
num_chunks_returned_to_freelist: 20.
num_chunks_taken_from_freelist: 2553.
num_chunk_merges: 12.
num_chunk_splits: 1608.
num_chunks_enlarged: 940.
num_inconsistent_stats: 0.

CodeHeap 'non-profiled nmethods': size=120000Kb used=2788Kb max_used=2788Kb free=117211Kb
 bounds [0x000001b631cb0000, 0x000001b631f70000, 0x000001b6391e0000]
CodeHeap 'profiled nmethods': size=120000Kb used=10560Kb max_used=10560Kb free=109439Kb
 bounds [0x000001b62a1e0000, 0x000001b62ac40000, 0x000001b631710000]
CodeHeap 'non-nmethods': size=5760Kb used=1359Kb max_used=1449Kb free=4400Kb
 bounds [0x000001b631710000, 0x000001b631980000, 0x000001b631cb0000]
 total_blobs=5925 nmethods=5268 adapters=563
 compilation: enabled
              stopped_count=0, restarted_count=0
 full_count=0

Compilation events (20 events):
Event: 24.368 Thread 0x000001b67de34a30 nmethod 5895 0x000001b62ac2b690 code [0x000001b62ac2b880, 0x000001b62ac2bcc8]
Event: 24.369 Thread 0x000001b67de34a30 5897       3       java.util.ArrayList$ArrayListSpliterator::forEachRemaining (127 bytes)
Event: 24.370 Thread 0x000001b67de34a30 nmethod 5897 0x000001b62ac2be10 code [0x000001b62ac2c020, 0x000001b62ac2c5f8]
Event: 24.370 Thread 0x000001b67de34a30 5896       3       java.lang.reflect.Executable::getAnnotatedParameterTypes (32 bytes)
Event: 24.371 Thread 0x000001b67de34a30 nmethod 5896 0x000001b62ac2c810 code [0x000001b62ac2ca20, 0x000001b62ac2cff8]
Event: 24.394 Thread 0x000001b63b3abb30 nmethod 5859 0x000001b631f5a510 code [0x000001b631f5a8c0, 0x000001b631f5d3d8]
Event: 24.397 Thread 0x000001b63b3abb30 5893       4       org.eclipse.osgi.internal.loader.BundleLoader::searchHooks (192 bytes)
Event: 24.403 Thread 0x000001b67de34a30 5898       3       com.google.inject.spi.InjectionPoint::forInstanceMethodsAndFields (8 bytes)
Event: 24.403 Thread 0x000001b67de34a30 nmethod 5898 0x000001b62ac2d210 code [0x000001b62ac2d3e0, 0x000001b62ac2d5f8]
Event: 24.408 Thread 0x000001b67de34a30 5899       3       java.lang.reflect.Proxy$ProxyBuilder::addElementTypes (33 bytes)
Event: 24.410 Thread 0x000001b67de34a30 nmethod 5899 0x000001b62ac2d710 code [0x000001b62ac2d920, 0x000001b62ac2de78]
Event: 24.411 Thread 0x000001b67de34a30 5901       3       com.google.inject.spi.InjectionPoint$InjectableMember::<init> (50 bytes)
Event: 24.412 Thread 0x000001b67de34a30 nmethod 5901 0x000001b62ac2e110 code [0x000001b62ac2e300, 0x000001b62ac2e778]
Event: 24.412 Thread 0x000001b67de34a30 5902       3       com.google.inject.spi.InjectionPoint$InjectableMembers::add (42 bytes)
Event: 24.412 Thread 0x000001b67de34a30 nmethod 5902 0x000001b62ac2e910 code [0x000001b62ac2eac0, 0x000001b62ac2ecb8]
Event: 24.413 Thread 0x000001b67de34a30 5903       3       com.google.inject.spi.InjectionPoint$$Lambda/0x000001b63d4686c0::<init> (10 bytes)
Event: 24.413 Thread 0x000001b67de34a30 nmethod 5903 0x000001b62ac2ed90 code [0x000001b62ac2ef40, 0x000001b62ac2f0c8]
Event: 24.420 Thread 0x000001b67de34a30 5905       3       org.eclipse.core.internal.jobs.JobListeners::getJobListenerTimeout (4 bytes)
Event: 24.420 Thread 0x000001b67de34a30 nmethod 5905 0x000001b62a6d0710 code [0x000001b62a6d08a0, 0x000001b62a6d0998]
Event: 24.585 Thread 0x000001b67de34a30 5907   !   3       org.eclipse.core.internal.jobs.JobManager::withWriteLock (70 bytes)

GC Heap History (20 events):
Event: 19.155 GC heap before
{Heap before GC invocations=11 (full 1):
 PSYoungGen      total 24064K, used 23969K [0x00000000eab00000, 0x00000000ec880000, 0x0000000100000000)
  eden space 23040K, 100% used [0x00000000eab00000,0x00000000ec180000,0x00000000ec180000)
  from space 1024K, 90% used [0x00000000ec280000,0x00000000ec368748,0x00000000ec380000)
  to   space 2560K, 0% used [0x00000000ec600000,0x00000000ec600000,0x00000000ec880000)
 ParOldGen       total 68608K, used 14466K [0x00000000c0000000, 0x00000000c4300000, 0x00000000eab00000)
  object space 68608K, 21% used [0x00000000c0000000,0x00000000c0e20bb0,0x00000000c4300000)
 Metaspace       used 26465K, committed 27328K, reserved 1114112K
  class space    used 2543K, committed 2944K, reserved 1048576K
}
Event: 19.157 GC heap after
{Heap after GC invocations=11 (full 1):
 PSYoungGen      total 23552K, used 986K [0x00000000eab00000, 0x00000000ec700000, 0x0000000100000000)
  eden space 22528K, 0% used [0x00000000eab00000,0x00000000eab00000,0x00000000ec100000)
  from space 1024K, 96% used [0x00000000ec600000,0x00000000ec6f6ad8,0x00000000ec700000)
  to   space 1536K, 0% used [0x00000000ec400000,0x00000000ec400000,0x00000000ec580000)
 ParOldGen       total 68608K, used 14474K [0x00000000c0000000, 0x00000000c4300000, 0x00000000eab00000)
  object space 68608K, 21% used [0x00000000c0000000,0x00000000c0e22bb0,0x00000000c4300000)
 Metaspace       used 26465K, committed 27328K, reserved 1114112K
  class space    used 2543K, committed 2944K, reserved 1048576K
}
Event: 19.503 GC heap before
{Heap before GC invocations=12 (full 1):
 PSYoungGen      total 23552K, used 23514K [0x00000000eab00000, 0x00000000ec700000, 0x0000000100000000)
  eden space 22528K, 100% used [0x00000000eab00000,0x00000000ec100000,0x00000000ec100000)
  from space 1024K, 96% used [0x00000000ec600000,0x00000000ec6f6ad8,0x00000000ec700000)
  to   space 1536K, 0% used [0x00000000ec400000,0x00000000ec400000,0x00000000ec580000)
 ParOldGen       total 68608K, used 14474K [0x00000000c0000000, 0x00000000c4300000, 0x00000000eab00000)
  object space 68608K, 21% used [0x00000000c0000000,0x00000000c0e22bb0,0x00000000c4300000)
 Metaspace       used 27629K, committed 28544K, reserved 1114112K
  class space    used 2636K, committed 3008K, reserved 1048576K
}
Event: 19.507 GC heap after
{Heap after GC invocations=12 (full 1):
 PSYoungGen      total 23552K, used 1499K [0x00000000eab00000, 0x00000000ec680000, 0x0000000100000000)
  eden space 22016K, 0% used [0x00000000eab00000,0x00000000eab00000,0x00000000ec080000)
  from space 1536K, 97% used [0x00000000ec400000,0x00000000ec576da0,0x00000000ec580000)
  to   space 1024K, 0% used [0x00000000ec580000,0x00000000ec580000,0x00000000ec680000)
 ParOldGen       total 68608K, used 15963K [0x00000000c0000000, 0x00000000c4300000, 0x00000000eab00000)
  object space 68608K, 23% used [0x00000000c0000000,0x00000000c0f96e80,0x00000000c4300000)
 Metaspace       used 27629K, committed 28544K, reserved 1114112K
  class space    used 2636K, committed 3008K, reserved 1048576K
}
Event: 20.329 GC heap before
{Heap before GC invocations=13 (full 1):
 PSYoungGen      total 23552K, used 23515K [0x00000000eab00000, 0x00000000ec680000, 0x0000000100000000)
  eden space 22016K, 100% used [0x00000000eab00000,0x00000000ec080000,0x00000000ec080000)
  from space 1536K, 97% used [0x00000000ec400000,0x00000000ec576da0,0x00000000ec580000)
  to   space 1024K, 0% used [0x00000000ec580000,0x00000000ec580000,0x00000000ec680000)
 ParOldGen       total 68608K, used 15963K [0x00000000c0000000, 0x00000000c4300000, 0x00000000eab00000)
  object space 68608K, 23% used [0x00000000c0000000,0x00000000c0f96e80,0x00000000c4300000)
 Metaspace       used 31194K, committed 32128K, reserved 1114112K
  class space    used 3038K, committed 3392K, reserved 1048576K
}
Event: 20.332 GC heap after
{Heap after GC invocations=13 (full 1):
 PSYoungGen      total 23040K, used 1017K [0x00000000eab00000, 0x00000000ec680000, 0x0000000100000000)
  eden space 22016K, 0% used [0x00000000eab00000,0x00000000eab00000,0x00000000ec080000)
  from space 1024K, 99% used [0x00000000ec580000,0x00000000ec67e5b0,0x00000000ec680000)
  to   space 3072K, 0% used [0x00000000ec080000,0x00000000ec080000,0x00000000ec380000)
 ParOldGen       total 68608K, used 17466K [0x00000000c0000000, 0x00000000c4300000, 0x00000000eab00000)
  object space 68608K, 25% used [0x00000000c0000000,0x00000000c110ebc0,0x00000000c4300000)
 Metaspace       used 31194K, committed 32128K, reserved 1114112K
  class space    used 3038K, committed 3392K, reserved 1048576K
}
Event: 20.732 GC heap before
{Heap before GC invocations=14 (full 1):
 PSYoungGen      total 23040K, used 23033K [0x00000000eab00000, 0x00000000ec680000, 0x0000000100000000)
  eden space 22016K, 100% used [0x00000000eab00000,0x00000000ec080000,0x00000000ec080000)
  from space 1024K, 99% used [0x00000000ec580000,0x00000000ec67e5b0,0x00000000ec680000)
  to   space 3072K, 0% used [0x00000000ec080000,0x00000000ec080000,0x00000000ec380000)
 ParOldGen       total 68608K, used 17466K [0x00000000c0000000, 0x00000000c4300000, 0x00000000eab00000)
  object space 68608K, 25% used [0x00000000c0000000,0x00000000c110ebc0,0x00000000c4300000)
 Metaspace       used 33113K, committed 34112K, reserved 1114112K
  class space    used 3286K, committed 3712K, reserved 1048576K
}
Event: 20.737 GC heap after
{Heap after GC invocations=14 (full 1):
 PSYoungGen      total 25088K, used 1401K [0x00000000eab00000, 0x00000000ec600000, 0x0000000100000000)
  eden space 22016K, 0% used [0x00000000eab00000,0x00000000eab00000,0x00000000ec080000)
  from space 3072K, 45% used [0x00000000ec080000,0x00000000ec1de500,0x00000000ec380000)
  to   space 2048K, 0% used [0x00000000ec400000,0x00000000ec400000,0x00000000ec600000)
 ParOldGen       total 68608K, used 18445K [0x00000000c0000000, 0x00000000c4300000, 0x00000000eab00000)
  object space 68608K, 26% used [0x00000000c0000000,0x00000000c1203618,0x00000000c4300000)
 Metaspace       used 33113K, committed 34112K, reserved 1114112K
  class space    used 3286K, committed 3712K, reserved 1048576K
}
Event: 21.064 GC heap before
{Heap before GC invocations=15 (full 1):
 PSYoungGen      total 25088K, used 15506K [0x00000000eab00000, 0x00000000ec600000, 0x0000000100000000)
  eden space 22016K, 64% used [0x00000000eab00000,0x00000000eb8c6550,0x00000000ec080000)
  from space 3072K, 45% used [0x00000000ec080000,0x00000000ec1de500,0x00000000ec380000)
  to   space 2048K, 0% used [0x00000000ec400000,0x00000000ec400000,0x00000000ec600000)
 ParOldGen       total 68608K, used 18445K [0x00000000c0000000, 0x00000000c4300000, 0x00000000eab00000)
  object space 68608K, 26% used [0x00000000c0000000,0x00000000c1203618,0x00000000c4300000)
 Metaspace       used 34791K, committed 35840K, reserved 1114112K
  class space    used 3498K, committed 3968K, reserved 1048576K
}
Event: 21.067 GC heap after
{Heap after GC invocations=15 (full 1):
 PSYoungGen      total 23040K, used 819K [0x00000000eab00000, 0x00000000ec500000, 0x0000000100000000)
  eden space 22016K, 0% used [0x00000000eab00000,0x00000000eab00000,0x00000000ec080000)
  from space 1024K, 80% used [0x00000000ec400000,0x00000000ec4ccd40,0x00000000ec500000)
  to   space 1536K, 0% used [0x00000000ec200000,0x00000000ec200000,0x00000000ec380000)
 ParOldGen       total 68608K, used 19460K [0x00000000c0000000, 0x00000000c4300000, 0x00000000eab00000)
  object space 68608K, 28% used [0x00000000c0000000,0x00000000c1301238,0x00000000c4300000)
 Metaspace       used 34791K, committed 35840K, reserved 1114112K
  class space    used 3498K, committed 3968K, reserved 1048576K
}
Event: 21.067 GC heap before
{Heap before GC invocations=16 (full 2):
 PSYoungGen      total 23040K, used 819K [0x00000000eab00000, 0x00000000ec500000, 0x0000000100000000)
  eden space 22016K, 0% used [0x00000000eab00000,0x00000000eab00000,0x00000000ec080000)
  from space 1024K, 80% used [0x00000000ec400000,0x00000000ec4ccd40,0x00000000ec500000)
  to   space 1536K, 0% used [0x00000000ec200000,0x00000000ec200000,0x00000000ec380000)
 ParOldGen       total 68608K, used 19460K [0x00000000c0000000, 0x00000000c4300000, 0x00000000eab00000)
  object space 68608K, 28% used [0x00000000c0000000,0x00000000c1301238,0x00000000c4300000)
 Metaspace       used 34791K, committed 35840K, reserved 1114112K
  class space    used 3498K, committed 3968K, reserved 1048576K
}
Event: 21.116 GC heap after
{Heap after GC invocations=16 (full 2):
 PSYoungGen      total 23040K, used 0K [0x00000000eab00000, 0x00000000ec500000, 0x0000000100000000)
  eden space 22016K, 0% used [0x00000000eab00000,0x00000000eab00000,0x00000000ec080000)
  from space 1024K, 0% used [0x00000000ec400000,0x00000000ec400000,0x00000000ec500000)
  to   space 1536K, 0% used [0x00000000ec200000,0x00000000ec200000,0x00000000ec380000)
 ParOldGen       total 68608K, used 19469K [0x00000000c0000000, 0x00000000c4300000, 0x00000000eab00000)
  object space 68608K, 28% used [0x00000000c0000000,0x00000000c1303730,0x00000000c4300000)
 Metaspace       used 34791K, committed 35840K, reserved 1114112K
  class space    used 3498K, committed 3968K, reserved 1048576K
}
Event: 22.448 GC heap before
{Heap before GC invocations=17 (full 2):
 PSYoungGen      total 23040K, used 22016K [0x00000000eab00000, 0x00000000ec500000, 0x0000000100000000)
  eden space 22016K, 100% used [0x00000000eab00000,0x00000000ec080000,0x00000000ec080000)
  from space 1024K, 0% used [0x00000000ec400000,0x00000000ec400000,0x00000000ec500000)
  to   space 1536K, 0% used [0x00000000ec200000,0x00000000ec200000,0x00000000ec380000)
 ParOldGen       total 68608K, used 19469K [0x00000000c0000000, 0x00000000c4300000, 0x00000000eab00000)
  object space 68608K, 28% used [0x00000000c0000000,0x00000000c1303730,0x00000000c4300000)
 Metaspace       used 35731K, committed 36864K, reserved 1114112K
  class space    used 3619K, committed 4096K, reserved 1048576K
}
Event: 22.451 GC heap after
{Heap after GC invocations=17 (full 2):
 PSYoungGen      total 23552K, used 1520K [0x00000000eab00000, 0x00000000ec480000, 0x0000000100000000)
  eden space 22016K, 0% used [0x00000000eab00000,0x00000000eab00000,0x00000000ec080000)
  from space 1536K, 98% used [0x00000000ec200000,0x00000000ec37c010,0x00000000ec380000)
  to   space 1024K, 0% used [0x00000000ec380000,0x00000000ec380000,0x00000000ec480000)
 ParOldGen       total 68608K, used 19493K [0x00000000c0000000, 0x00000000c4300000, 0x00000000eab00000)
  object space 68608K, 28% used [0x00000000c0000000,0x00000000c1309740,0x00000000c4300000)
 Metaspace       used 35731K, committed 36864K, reserved 1114112K
  class space    used 3619K, committed 4096K, reserved 1048576K
}
Event: 22.770 GC heap before
{Heap before GC invocations=18 (full 2):
 PSYoungGen      total 23552K, used 23511K [0x00000000eab00000, 0x00000000ec480000, 0x0000000100000000)
  eden space 22016K, 99% used [0x00000000eab00000,0x00000000ec079c60,0x00000000ec080000)
  from space 1536K, 98% used [0x00000000ec200000,0x00000000ec37c010,0x00000000ec380000)
  to   space 1024K, 0% used [0x00000000ec380000,0x00000000ec380000,0x00000000ec480000)
 ParOldGen       total 68608K, used 19493K [0x00000000c0000000, 0x00000000c4300000, 0x00000000eab00000)
  object space 68608K, 28% used [0x00000000c0000000,0x00000000c1309740,0x00000000c4300000)
 Metaspace       used 36903K, committed 38080K, reserved 1114112K
  class space    used 3761K, committed 4288K, reserved 1048576K
}
Event: 22.774 GC heap after
{Heap after GC invocations=18 (full 2):
 PSYoungGen      total 23040K, used 1000K [0x00000000eab00000, 0x00000000ec680000, 0x0000000100000000)
  eden space 22016K, 0% used [0x00000000eab00000,0x00000000eab00000,0x00000000ec080000)
  from space 1024K, 97% used [0x00000000ec380000,0x00000000ec47a1d8,0x00000000ec480000)
  to   space 3072K, 0% used [0x00000000ec080000,0x00000000ec080000,0x00000000ec380000)
 ParOldGen       total 68608K, used 21109K [0x00000000c0000000, 0x00000000c4300000, 0x00000000eab00000)
  object space 68608K, 30% used [0x00000000c0000000,0x00000000c149d740,0x00000000c4300000)
 Metaspace       used 36903K, committed 38080K, reserved 1114112K
  class space    used 3761K, committed 4288K, reserved 1048576K
}
Event: 23.059 GC heap before
{Heap before GC invocations=19 (full 2):
 PSYoungGen      total 23040K, used 23016K [0x00000000eab00000, 0x00000000ec680000, 0x0000000100000000)
  eden space 22016K, 100% used [0x00000000eab00000,0x00000000ec080000,0x00000000ec080000)
  from space 1024K, 97% used [0x00000000ec380000,0x00000000ec47a1d8,0x00000000ec480000)
  to   space 3072K, 0% used [0x00000000ec080000,0x00000000ec080000,0x00000000ec380000)
 ParOldGen       total 68608K, used 21109K [0x00000000c0000000, 0x00000000c4300000, 0x00000000eab00000)
  object space 68608K, 30% used [0x00000000c0000000,0x00000000c149d740,0x00000000c4300000)
 Metaspace       used 37999K, committed 39104K, reserved 1114112K
  class space    used 3879K, committed 4352K, reserved 1048576K
}
Event: 23.062 GC heap after
{Heap after GC invocations=19 (full 2):
 PSYoungGen      total 23552K, used 1040K [0x00000000eab00000, 0x00000000ec480000, 0x0000000100000000)
  eden space 22016K, 0% used [0x00000000eab00000,0x00000000eab00000,0x00000000ec080000)
  from space 1536K, 67% used [0x00000000ec080000,0x00000000ec1840b8,0x00000000ec200000)
  to   space 2048K, 0% used [0x00000000ec280000,0x00000000ec280000,0x00000000ec480000)
 ParOldGen       total 68608K, used 21901K [0x00000000c0000000, 0x00000000c4300000, 0x00000000eab00000)
  object space 68608K, 31% used [0x00000000c0000000,0x00000000c1563740,0x00000000c4300000)
 Metaspace       used 37999K, committed 39104K, reserved 1114112K
  class space    used 3879K, committed 4352K, reserved 1048576K
}
Event: 23.488 GC heap before
{Heap before GC invocations=20 (full 2):
 PSYoungGen      total 23552K, used 23056K [0x00000000eab00000, 0x00000000ec480000, 0x0000000100000000)
  eden space 22016K, 100% used [0x00000000eab00000,0x00000000ec080000,0x00000000ec080000)
  from space 1536K, 67% used [0x00000000ec080000,0x00000000ec1840b8,0x00000000ec200000)
  to   space 2048K, 0% used [0x00000000ec280000,0x00000000ec280000,0x00000000ec480000)
 ParOldGen       total 68608K, used 21901K [0x00000000c0000000, 0x00000000c4300000, 0x00000000eab00000)
  object space 68608K, 31% used [0x00000000c0000000,0x00000000c1563740,0x00000000c4300000)
 Metaspace       used 39182K, committed 40256K, reserved 1114112K
  class space    used 4013K, committed 4480K, reserved 1048576K
}
Event: 23.491 GC heap after
{Heap after GC invocations=20 (full 2):
 PSYoungGen      total 23040K, used 992K [0x00000000eab00000, 0x00000000ec380000, 0x0000000100000000)
  eden space 22016K, 0% used [0x00000000eab00000,0x00000000eab00000,0x00000000ec080000)
  from space 1024K, 96% used [0x00000000ec280000,0x00000000ec378000,0x00000000ec380000)
  to   space 1536K, 0% used [0x00000000ec080000,0x00000000ec080000,0x00000000ec200000)
 ParOldGen       total 68608K, used 22421K [0x00000000c0000000, 0x00000000c4300000, 0x00000000eab00000)
  object space 68608K, 32% used [0x00000000c0000000,0x00000000c15e5750,0x00000000c4300000)
 Metaspace       used 39182K, committed 40256K, reserved 1114112K
  class space    used 4013K, committed 4480K, reserved 1048576K
}

Dll operation events (10 events):
Event: 0.086 Loaded shared library c:\Users\avash\.vscode\extensions\redhat.java-1.42.0-win32-x64\jre\21.0.7-win32-x86_64\bin\java.dll
Event: 0.710 Loaded shared library c:\Users\avash\.vscode\extensions\redhat.java-1.42.0-win32-x64\jre\21.0.7-win32-x86_64\bin\zip.dll
Event: 0.797 Loaded shared library C:\Users\avash\.vscode\extensions\redhat.java-1.42.0-win32-x64\jre\21.0.7-win32-x86_64\bin\instrument.dll
Event: 0.814 Loaded shared library C:\Users\avash\.vscode\extensions\redhat.java-1.42.0-win32-x64\jre\21.0.7-win32-x86_64\bin\net.dll
Event: 0.822 Loaded shared library C:\Users\avash\.vscode\extensions\redhat.java-1.42.0-win32-x64\jre\21.0.7-win32-x86_64\bin\nio.dll
Event: 0.831 Loaded shared library C:\Users\avash\.vscode\extensions\redhat.java-1.42.0-win32-x64\jre\21.0.7-win32-x86_64\bin\zip.dll
Event: 0.925 Loaded shared library C:\Users\avash\.vscode\extensions\redhat.java-1.42.0-win32-x64\jre\21.0.7-win32-x86_64\bin\jimage.dll
Event: 1.227 Loaded shared library c:\Users\avash\.vscode\extensions\redhat.java-1.42.0-win32-x64\jre\21.0.7-win32-x86_64\bin\verify.dll
Event: 7.256 Loaded shared library C:\Users\avash\AppData\Roaming\Code\User\globalStorage\redhat.java\1.42.0\config_win\org.eclipse.equinox.launcher\org.eclipse.equinox.launcher.win32.win32.x86_64_1.2.1300.v20250331-1702\eclipse_11911.dll
Event: 14.507 Loaded shared library C:\Users\avash\AppData\Local\Temp\jna-93193761\jna13040084486193023167.dll

Deoptimization events (20 events):
Event: 23.327 Thread 0x000001b67f07d9b0 DEOPT PACKING pc=0x000001b62ab7a9e8 sp=0x000000514abfea40
Event: 23.327 Thread 0x000001b67f07d9b0 DEOPT UNPACKING pc=0x000001b631764242 sp=0x000000514abfdf38 mode 0
Event: 24.068 Thread 0x000001b67f07e040 DEOPT PACKING pc=0x000001b62a8c2072 sp=0x000000514a4ff050
Event: 24.068 Thread 0x000001b67f07e040 DEOPT UNPACKING pc=0x000001b631764242 sp=0x000000514a4fe570 mode 0
Event: 24.157 Thread 0x000001b67f07e6d0 Uncommon trap: trap_request=0xffffffd6 fr.pc=0x000001b631f56968 relative=0x00000000000000c8
Event: 24.157 Thread 0x000001b67f07e6d0 Uncommon trap: reason=array_check action=maybe_recompile pc=0x000001b631f56968 method=java.util.stream.Nodes$FixedNodeBuilder.accept(Ljava/lang/Object;)V @ 28 c2
Event: 24.157 Thread 0x000001b67f07e6d0 DEOPT PACKING pc=0x000001b631f56968 sp=0x000000514a0fe1c0
Event: 24.157 Thread 0x000001b67f07e6d0 DEOPT UNPACKING pc=0x000001b631763aa2 sp=0x000000514a0fe140 mode 2
Event: 24.157 Thread 0x000001b67f07e6d0 Uncommon trap: trap_request=0xffffffd6 fr.pc=0x000001b631f56968 relative=0x00000000000000c8
Event: 24.157 Thread 0x000001b67f07e6d0 Uncommon trap: reason=array_check action=maybe_recompile pc=0x000001b631f56968 method=java.util.stream.Nodes$FixedNodeBuilder.accept(Ljava/lang/Object;)V @ 28 c2
Event: 24.157 Thread 0x000001b67f07e6d0 DEOPT PACKING pc=0x000001b631f56968 sp=0x000000514a0fe1c0
Event: 24.157 Thread 0x000001b67f07e6d0 DEOPT UNPACKING pc=0x000001b631763aa2 sp=0x000000514a0fe140 mode 2
Event: 24.157 Thread 0x000001b67f07e6d0 Uncommon trap: trap_request=0xffffffd6 fr.pc=0x000001b631f56968 relative=0x00000000000000c8
Event: 24.157 Thread 0x000001b67f07e6d0 Uncommon trap: reason=array_check action=maybe_recompile pc=0x000001b631f56968 method=java.util.stream.Nodes$FixedNodeBuilder.accept(Ljava/lang/Object;)V @ 28 c2
Event: 24.157 Thread 0x000001b67f07e6d0 DEOPT PACKING pc=0x000001b631f56968 sp=0x000000514a0fe1c0
Event: 24.157 Thread 0x000001b67f07e6d0 DEOPT UNPACKING pc=0x000001b631763aa2 sp=0x000000514a0fe140 mode 2
Event: 24.157 Thread 0x000001b67f07e6d0 Uncommon trap: trap_request=0xffffffd6 fr.pc=0x000001b631f56968 relative=0x00000000000000c8
Event: 24.158 Thread 0x000001b67f07e6d0 Uncommon trap: reason=array_check action=maybe_recompile pc=0x000001b631f56968 method=java.util.stream.Nodes$FixedNodeBuilder.accept(Ljava/lang/Object;)V @ 28 c2
Event: 24.158 Thread 0x000001b67f07e6d0 DEOPT PACKING pc=0x000001b631f56968 sp=0x000000514a0fe1c0
Event: 24.158 Thread 0x000001b67f07e6d0 DEOPT UNPACKING pc=0x000001b631763aa2 sp=0x000000514a0fe140 mode 2

Classes loaded (20 events):
Event: 22.934 Loading class jdk/internal/access/JavaIOPrintWriterAccess done
Event: 22.934 Loading class java/io/PrintWriter$1 done
Event: 22.941 Loading class java/time/format/DateTimeParseContext
Event: 22.941 Loading class java/time/format/DateTimeParseContext done
Event: 22.941 Loading class java/time/format/Parsed
Event: 22.942 Loading class java/time/format/Parsed done
Event: 22.991 Loading class sun/reflect/generics/repository/FieldRepository
Event: 22.991 Loading class sun/reflect/generics/repository/FieldRepository done
Event: 23.212 Loading class sun/reflect/annotation/AnnotatedTypeFactory$AnnotatedParameterizedTypeImpl
Event: 23.212 Loading class java/lang/reflect/AnnotatedParameterizedType
Event: 23.213 Loading class java/lang/reflect/AnnotatedParameterizedType done
Event: 23.213 Loading class sun/reflect/annotation/AnnotatedTypeFactory$AnnotatedParameterizedTypeImpl done
Event: 23.996 Loading class java/util/concurrent/CompletionService
Event: 23.996 Loading class java/util/concurrent/CompletionService done
Event: 24.006 Loading class sun/reflect/generics/scope/ConstructorScope
Event: 24.007 Loading class sun/reflect/generics/scope/ConstructorScope done
Event: 24.007 Loading class sun/reflect/generics/tree/VoidDescriptor
Event: 24.007 Loading class sun/reflect/generics/tree/VoidDescriptor done
Event: 24.031 Loading class java/nio/channels/ServerSocketChannel
Event: 24.031 Loading class java/nio/channels/ServerSocketChannel done

Classes unloaded (7 events):
Event: 18.027 Thread 0x000001b6270ae660 Unloading class 0x000001b63d1a3c00 'java/lang/invoke/LambdaForm$MH+0x000001b63d1a3c00'
Event: 18.027 Thread 0x000001b6270ae660 Unloading class 0x000001b63d1a3800 'java/lang/invoke/LambdaForm$MH+0x000001b63d1a3800'
Event: 18.027 Thread 0x000001b6270ae660 Unloading class 0x000001b63d1a3400 'java/lang/invoke/LambdaForm$MH+0x000001b63d1a3400'
Event: 18.027 Thread 0x000001b6270ae660 Unloading class 0x000001b63d1a3000 'java/lang/invoke/LambdaForm$MH+0x000001b63d1a3000'
Event: 18.027 Thread 0x000001b6270ae660 Unloading class 0x000001b63d1a2c00 'java/lang/invoke/LambdaForm$BMH+0x000001b63d1a2c00'
Event: 18.027 Thread 0x000001b6270ae660 Unloading class 0x000001b63d1a2800 'java/lang/invoke/LambdaForm$DMH+0x000001b63d1a2800'
Event: 18.027 Thread 0x000001b6270ae660 Unloading class 0x000001b63d1a1400 'java/lang/invoke/LambdaForm$DMH+0x000001b63d1a1400'

Classes redefined (0 events):
No events

Internal exceptions (20 events):
Event: 19.238 Thread 0x000001b67f07e6d0 Exception <a 'java/lang/NoSuchMethodError'{0x00000000eae81900}: 'java.lang.Object java.lang.invoke.DirectMethodHandle$Holder.invokeSpecialIFC(java.lang.Object, java.lang.Object, java.lang.Object, java.lang.Object)'> (0x00000000eae81900) 
thrown [s\src\hotspot\share\interpreter\linkResolver.cpp, line 773]
Event: 19.270 Thread 0x000001b67e8e7fd0 Exception <a 'java/io/FileNotFoundException'{0x00000000eb7cffd8}> (0x00000000eb7cffd8) 
thrown [s\src\hotspot\share\prims\jni.cpp, line 520]
Event: 19.583 Thread 0x000001b67e8e7fd0 Exception <a 'java/lang/ClassNotFoundException'{0x00000000eae03e10}: com/sun/org/apache/xerces/internal/impl/msg/spi/DOMMessagesProvider> (0x00000000eae03e10) 
thrown [s\src\hotspot\share\classfile\systemDictionary.cpp, line 312]
Event: 19.585 Thread 0x000001b67e8e7fd0 Exception <a 'java/lang/ClassNotFoundException'{0x00000000eae44468}: com/sun/org/apache/xerces/internal/impl/msg/spi/XMLSerializerMessagesProvider> (0x00000000eae44468) 
thrown [s\src\hotspot\share\classfile\systemDictionary.cpp, line 312]
Event: 19.586 Thread 0x000001b67e8e7fd0 Exception <a 'java/lang/ClassNotFoundException'{0x00000000eae516e8}: com/sun/org/apache/xerces/internal/impl/msg/spi/XMLMessagesProvider> (0x00000000eae516e8) 
thrown [s\src\hotspot\share\classfile\systemDictionary.cpp, line 312]
Event: 20.126 Thread 0x000001b67e8e7fd0 Exception <a 'java/lang/ClassNotFoundException'{0x00000000ebba4660}: com/sun/org/apache/xml/internal/serializer/spi/XMLEntitiesProvider> (0x00000000ebba4660) 
thrown [s\src\hotspot\share\classfile\systemDictionary.cpp, line 312]
Event: 20.376 Thread 0x000001b67e8e7fd0 Exception <a 'java/io/FileNotFoundException'{0x00000000eac37c40}> (0x00000000eac37c40) 
thrown [s\src\hotspot\share\prims\jni.cpp, line 520]
Event: 20.412 Thread 0x000001b67e8e7fd0 Exception <a 'java/lang/UnsatisfiedLinkError'{0x00000000ead732d8}: The specified procedure could not be found.
> (0x00000000ead732d8) 
thrown [s\src\hotspot\share\prims\jni.cpp, line 539]
Event: 20.422 Thread 0x000001b67e8e7fd0 Exception <a 'java/io/FileNotFoundException'{0x00000000eaddcf90}> (0x00000000eaddcf90) 
thrown [s\src\hotspot\share\prims\jni.cpp, line 520]
Event: 20.440 Thread 0x000001b67e8e7fd0 Exception <a 'java/io/FileNotFoundException'{0x00000000eaea50f8}> (0x00000000eaea50f8) 
thrown [s\src\hotspot\share\prims\jni.cpp, line 520]
Event: 20.449 Thread 0x000001b67e8e7fd0 Exception <a 'java/lang/UnsatisfiedLinkError'{0x00000000eaf03078}: The specified procedure could not be found.
> (0x00000000eaf03078) 
thrown [s\src\hotspot\share\prims\jni.cpp, line 539]
Event: 20.706 Thread 0x000001b67f0807a0 Exception <a 'java/lang/NoSuchMethodError'{0x00000000ebfa0898}: 'void java.lang.invoke.DirectMethodHandle$Holder.invokeStaticInit(java.lang.Object, java.lang.Object, java.lang.Object, java.lang.Object)'> (0x00000000ebfa0898) 
thrown [s\src\hotspot\share\interpreter\linkResolver.cpp, line 773]
Event: 20.796 Thread 0x000001b626fee600 Exception <a 'java/lang/NoSuchMethodError'{0x00000000ead4efc0}: 'java.lang.Object java.lang.invoke.DirectMethodHandle$Holder.invokeStatic(java.lang.Object, long, java.lang.Object)'> (0x00000000ead4efc0) 
thrown [s\src\hotspot\share\interpreter\linkResolver.cpp, line 773]
Event: 20.799 Thread 0x000001b626fee600 Exception <a 'java/lang/NoSuchMethodError'{0x00000000ead52628}: 'java.lang.Object java.lang.invoke.DirectMethodHandle$Holder.invokeStaticInit(java.lang.Object, long, java.lang.Object)'> (0x00000000ead52628) 
thrown [s\src\hotspot\share\interpreter\linkResolver.cpp, line 773]
Event: 20.803 Thread 0x000001b626fee600 Exception <a 'java/lang/NoSuchMethodError'{0x00000000eae10858}: 'java.lang.Object java.lang.invoke.DirectMethodHandle$Holder.newInvokeSpecial(java.lang.Object, long)'> (0x00000000eae10858) 
thrown [s\src\hotspot\share\interpreter\linkResolver.cpp, line 773]
Event: 20.880 Thread 0x000001b67f07e6d0 Exception <a 'java/lang/NoClassDefFoundError'{0x00000000eb151928}: javax/enterprise/inject/Typed> (0x00000000eb151928) 
thrown [s\src\hotspot\share\classfile\systemDictionary.cpp, line 301]
Event: 20.905 Thread 0x000001b67f07e040 Exception <a 'java/io/FileNotFoundException'{0x00000000eb232670}> (0x00000000eb232670) 
thrown [s\src\hotspot\share\prims\jni.cpp, line 520]
Event: 22.758 Thread 0x000001b626fee600 Exception <a 'java/lang/NoSuchMethodError'{0x00000000ebf90740}: 'void java.lang.invoke.DirectMethodHandle$Holder.invokeSpecial(java.lang.Object, java.lang.Object, java.lang.Object, java.lang.Object, java.lang.Object, java.lang.Object)'> (0x00000000ebf90740) 
thrown [s\src\hotspot\share\interpreter\linkResolver.cpp, line 773]
Event: 22.761 Thread 0x000001b626fee600 Exception <a 'java/lang/IncompatibleClassChangeError'{0x00000000ebf97f70}: Found class java.lang.Object, but interface was expected> (0x00000000ebf97f70) 
thrown [s\src\hotspot\share\interpreter\linkResolver.cpp, line 840]
Event: 22.762 Thread 0x000001b626fee600 Exception <a 'java/lang/IncompatibleClassChangeError'{0x00000000ebf99cf8}: Found class java.lang.Object, but interface was expected> (0x00000000ebf99cf8) 
thrown [s\src\hotspot\share\interpreter\linkResolver.cpp, line 840]

ZGC Phase Switch (0 events):
No events

VM Operations (20 events):
Event: 20.737 Executing VM operation: ParallelGCFailedAllocation (Allocation Failure) done
Event: 20.833 Executing VM operation: HandshakeAllThreads (Deoptimize)
Event: 20.849 Executing VM operation: HandshakeAllThreads (Deoptimize) done
Event: 21.053 Executing VM operation: CollectForMetadataAllocation (Metadata GC Threshold)
Event: 21.116 Executing VM operation: CollectForMetadataAllocation (Metadata GC Threshold) done
Event: 22.116 Executing VM operation: Cleanup
Event: 22.312 Executing VM operation: Cleanup done
Event: 22.448 Executing VM operation: ParallelGCFailedAllocation (Allocation Failure)
Event: 22.451 Executing VM operation: ParallelGCFailedAllocation (Allocation Failure) done
Event: 22.768 Executing VM operation: ParallelGCFailedAllocation (Allocation Failure)
Event: 22.774 Executing VM operation: ParallelGCFailedAllocation (Allocation Failure) done
Event: 23.059 Executing VM operation: ParallelGCFailedAllocation (Allocation Failure)
Event: 23.062 Executing VM operation: ParallelGCFailedAllocation (Allocation Failure) done
Event: 23.339 Executing VM operation: HandshakeAllThreads (Deoptimize)
Event: 23.349 Executing VM operation: HandshakeAllThreads (Deoptimize) done
Event: 23.488 Executing VM operation: ParallelGCFailedAllocation (Allocation Failure)
Event: 23.491 Executing VM operation: ParallelGCFailedAllocation (Allocation Failure) done
Event: 23.806 Executing VM operation: HandshakeAllThreads (Deoptimize)
Event: 23.806 Executing VM operation: HandshakeAllThreads (Deoptimize) done
Event: 24.818 Executing VM operation: Cleanup

Memory protections (0 events):
No events

Nmethod flushes (20 events):
Event: 21.094 Thread 0x000001b6270ae660 flushing  nmethod 0x000001b62a8bcf10
Event: 21.094 Thread 0x000001b6270ae660 flushing  nmethod 0x000001b62a8bd810
Event: 21.094 Thread 0x000001b6270ae660 flushing  nmethod 0x000001b62a8bea10
Event: 21.094 Thread 0x000001b6270ae660 flushing  nmethod 0x000001b62a8bf210
Event: 21.094 Thread 0x000001b6270ae660 flushing  nmethod 0x000001b62a8bf990
Event: 21.094 Thread 0x000001b6270ae660 flushing  nmethod 0x000001b62a8c0f10
Event: 21.094 Thread 0x000001b6270ae660 flushing  nmethod 0x000001b62a8c1310
Event: 21.094 Thread 0x000001b6270ae660 flushing  nmethod 0x000001b62a8c1810
Event: 21.094 Thread 0x000001b6270ae660 flushing  nmethod 0x000001b62a8c2510
Event: 21.094 Thread 0x000001b6270ae660 flushing  nmethod 0x000001b62a8c3190
Event: 21.094 Thread 0x000001b6270ae660 flushing  nmethod 0x000001b62a8c3690
Event: 21.094 Thread 0x000001b6270ae660 flushing  nmethod 0x000001b62a8ce090
Event: 21.094 Thread 0x000001b6270ae660 flushing  nmethod 0x000001b62a8e2110
Event: 21.094 Thread 0x000001b6270ae660 flushing  nmethod 0x000001b62a8f3b90
Event: 21.094 Thread 0x000001b6270ae660 flushing  nmethod 0x000001b62a8f7f90
Event: 21.094 Thread 0x000001b6270ae660 flushing  nmethod 0x000001b62a905690
Event: 21.094 Thread 0x000001b6270ae660 flushing  nmethod 0x000001b62a974b90
Event: 21.094 Thread 0x000001b6270ae660 flushing  nmethod 0x000001b62a97c910
Event: 21.094 Thread 0x000001b6270ae660 flushing  nmethod 0x000001b62a993490
Event: 21.094 Thread 0x000001b6270ae660 flushing  nmethod 0x000001b62a9a9d90

Events (20 events):
Event: 18.998 Thread 0x000001b67f07e6d0 Thread added: 0x000001b67f07e040
Event: 19.191 Thread 0x000001b67de34a30 Thread added: 0x000001b67f725190
Event: 19.193 Thread 0x000001b67f07e040 Thread added: 0x000001b67f0807a0
Event: 19.695 Thread 0x000001b67de34a30 Thread added: 0x000001b604817870
Event: 19.810 Thread 0x000001b67e8e7fd0 Thread added: 0x000001b67f080e30
Event: 20.598 Thread 0x000001b67f0807a0 Thread added: 0x000001b67f07d9b0
Event: 20.698 Thread 0x000001b67f07d9b0 Thread added: 0x000001b6067c2c30
Event: 20.872 Thread 0x000001b626fee600 Thread added: 0x000001b6067c25a0
Event: 20.873 Thread 0x000001b626fee600 Thread added: 0x000001b6067c1f10
Event: 20.874 Thread 0x000001b626fee600 Thread added: 0x000001b6067c32c0
Event: 20.874 Thread 0x000001b626fee600 Thread added: 0x000001b6067c3950
Event: 20.875 Thread 0x000001b626fee600 Thread added: 0x000001b6067c0b60
Event: 20.875 Thread 0x000001b626fee600 Thread added: 0x000001b6067c3fe0
Event: 20.875 Thread 0x000001b626fee600 Thread added: 0x000001b6067c4670
Event: 20.876 Thread 0x000001b626fee600 Thread added: 0x000001b6067c11f0
Event: 20.876 Thread 0x000001b626fee600 Thread added: 0x000001b6067c4d00
Event: 20.924 Thread 0x000001b626fee600 Thread added: 0x000001b6067c1880
Event: 22.857 Thread 0x000001b626fee600 Thread added: 0x000001b6067c7af0
Event: 22.858 Thread 0x000001b626fee600 Thread added: 0x000001b6067c6dd0
Event: 23.000 Thread 0x000001b67f07f3f0 Thread exited: 0x000001b67f07f3f0


Dynamic libraries:
0x00007ff672a50000 - 0x00007ff672a5e000 	c:\Users\avash\.vscode\extensions\redhat.java-1.42.0-win32-x64\jre\21.0.7-win32-x86_64\bin\java.exe
0x00007ff8c3fa0000 - 0x00007ff8c4205000 	C:\WINDOWS\SYSTEM32\ntdll.dll
0x00007ff8c35f0000 - 0x00007ff8c36b9000 	C:\WINDOWS\System32\KERNEL32.DLL
0x00007ff8c15c0000 - 0x00007ff8c19a8000 	C:\WINDOWS\System32\KERNELBASE.dll
0x00007ff8c1b30000 - 0x00007ff8c1c7b000 	C:\WINDOWS\System32\ucrtbase.dll
0x00007ff8ba5b0000 - 0x00007ff8ba5c8000 	c:\Users\avash\.vscode\extensions\redhat.java-1.42.0-win32-x64\jre\21.0.7-win32-x86_64\bin\jli.dll
0x00007ff8c2bd0000 - 0x00007ff8c2d9a000 	C:\WINDOWS\System32\USER32.dll
0x00007ff8c1c80000 - 0x00007ff8c1ca7000 	C:\WINDOWS\System32\win32u.dll
0x00007ff8c3a30000 - 0x00007ff8c3a5b000 	C:\WINDOWS\System32\GDI32.dll
0x00007ff8b3890000 - 0x00007ff8b38ae000 	c:\Users\avash\.vscode\extensions\redhat.java-1.42.0-win32-x64\jre\21.0.7-win32-x86_64\bin\VCRUNTIME140.dll
0x00007ff8c1480000 - 0x00007ff8c15b7000 	C:\WINDOWS\System32\gdi32full.dll
0x00007ff8c13d0000 - 0x00007ff8c1473000 	C:\WINDOWS\System32\msvcp_win.dll
0x00007ff8ada70000 - 0x00007ff8add0a000 	C:\WINDOWS\WinSxS\amd64_microsoft.windows.common-controls_6595b64144ccf1df_6.0.26100.4202_none_3e0698d4e335f517\COMCTL32.dll
0x00007ff8c3910000 - 0x00007ff8c39b9000 	C:\WINDOWS\System32\msvcrt.dll
0x00007ff8c2b90000 - 0x00007ff8c2bc0000 	C:\WINDOWS\System32\IMM32.DLL
0x00007ff8bdc20000 - 0x00007ff8bdc2c000 	c:\Users\avash\.vscode\extensions\redhat.java-1.42.0-win32-x64\jre\21.0.7-win32-x86_64\bin\vcruntime140_1.dll
0x00007ff8b3030000 - 0x00007ff8b30bd000 	c:\Users\avash\.vscode\extensions\redhat.java-1.42.0-win32-x64\jre\21.0.7-win32-x86_64\bin\msvcp140.dll
0x00007ff853300000 - 0x00007ff854090000 	c:\Users\avash\.vscode\extensions\redhat.java-1.42.0-win32-x64\jre\21.0.7-win32-x86_64\bin\server\jvm.dll
0x00007ff8c37c0000 - 0x00007ff8c3873000 	C:\WINDOWS\System32\ADVAPI32.dll
0x00007ff8c2ae0000 - 0x00007ff8c2b86000 	C:\WINDOWS\System32\sechost.dll
0x00007ff8c3ac0000 - 0x00007ff8c3bd5000 	C:\WINDOWS\System32\RPCRT4.dll
0x00007ff8c2a60000 - 0x00007ff8c2ad4000 	C:\WINDOWS\System32\WS2_32.dll
0x00007ff8c0f40000 - 0x00007ff8c0f9e000 	C:\WINDOWS\SYSTEM32\POWRPROF.dll
0x00007ff8ba5d0000 - 0x00007ff8ba605000 	C:\WINDOWS\SYSTEM32\WINMM.dll
0x00007ff8ba610000 - 0x00007ff8ba61b000 	C:\WINDOWS\SYSTEM32\VERSION.dll
0x00007ff8c0f20000 - 0x00007ff8c0f34000 	C:\WINDOWS\SYSTEM32\UMPDC.dll
0x00007ff8bfeb0000 - 0x00007ff8bfecb000 	C:\WINDOWS\SYSTEM32\kernel.appcore.dll
0x00007ff8b57c0000 - 0x00007ff8b57ca000 	c:\Users\avash\.vscode\extensions\redhat.java-1.42.0-win32-x64\jre\21.0.7-win32-x86_64\bin\jimage.dll
0x00007ff8beab0000 - 0x00007ff8becf1000 	C:\WINDOWS\SYSTEM32\DBGHELP.DLL
0x00007ff8c1d50000 - 0x00007ff8c20d5000 	C:\WINDOWS\System32\combase.dll
0x00007ff8c3c90000 - 0x00007ff8c3d71000 	C:\WINDOWS\System32\OLEAUT32.dll
0x00007ff8a2e60000 - 0x00007ff8a2e99000 	C:\WINDOWS\SYSTEM32\dbgcore.DLL
0x00007ff8c11b0000 - 0x00007ff8c1249000 	C:\WINDOWS\System32\bcryptPrimitives.dll
0x00007ff8b2f90000 - 0x00007ff8b2f9f000 	c:\Users\avash\.vscode\extensions\redhat.java-1.42.0-win32-x64\jre\21.0.7-win32-x86_64\bin\instrument.dll
0x00007ff8b3010000 - 0x00007ff8b302f000 	c:\Users\avash\.vscode\extensions\redhat.java-1.42.0-win32-x64\jre\21.0.7-win32-x86_64\bin\java.dll
0x00007ff8c22a0000 - 0x00007ff8c29e2000 	C:\WINDOWS\System32\SHELL32.dll
0x00007ff8c19b0000 - 0x00007ff8c1b24000 	C:\WINDOWS\System32\wintypes.dll
0x00007ff8bed40000 - 0x00007ff8bf598000 	C:\WINDOWS\SYSTEM32\windows.storage.dll
0x00007ff8c36c0000 - 0x00007ff8c37b1000 	C:\WINDOWS\System32\SHCORE.dll
0x00007ff8c39c0000 - 0x00007ff8c3a2a000 	C:\WINDOWS\System32\shlwapi.dll
0x00007ff8c1000000 - 0x00007ff8c102f000 	C:\WINDOWS\SYSTEM32\profapi.dll
0x00007ff8b2ff0000 - 0x00007ff8b3008000 	c:\Users\avash\.vscode\extensions\redhat.java-1.42.0-win32-x64\jre\21.0.7-win32-x86_64\bin\zip.dll
0x00007ff8b3750000 - 0x00007ff8b3760000 	C:\Users\avash\.vscode\extensions\redhat.java-1.42.0-win32-x64\jre\21.0.7-win32-x86_64\bin\net.dll
0x00007ff8b80f0000 - 0x00007ff8b820e000 	C:\WINDOWS\SYSTEM32\WINHTTP.dll
0x00007ff8c0420000 - 0x00007ff8c048a000 	C:\WINDOWS\system32\mswsock.dll
0x00007ff8b2fd0000 - 0x00007ff8b2fe6000 	C:\Users\avash\.vscode\extensions\redhat.java-1.42.0-win32-x64\jre\21.0.7-win32-x86_64\bin\nio.dll
0x00007ff8b2f70000 - 0x00007ff8b2f80000 	c:\Users\avash\.vscode\extensions\redhat.java-1.42.0-win32-x64\jre\21.0.7-win32-x86_64\bin\verify.dll
0x00007ff8a1470000 - 0x00007ff8a14b5000 	C:\Users\avash\AppData\Roaming\Code\User\globalStorage\redhat.java\1.42.0\config_win\org.eclipse.equinox.launcher\org.eclipse.equinox.launcher.win32.win32.x86_64_1.2.1300.v20250331-1702\eclipse_11911.dll
0x00007ff8c20e0000 - 0x00007ff8c227e000 	C:\WINDOWS\System32\ole32.dll
0x00007ff8c06e0000 - 0x00007ff8c06fb000 	C:\WINDOWS\SYSTEM32\CRYPTSP.dll
0x00007ff8bfdf0000 - 0x00007ff8bfe2a000 	C:\WINDOWS\system32\rsaenh.dll
0x00007ff8c04c0000 - 0x00007ff8c04eb000 	C:\WINDOWS\SYSTEM32\USERENV.dll
0x00007ff8c0fd0000 - 0x00007ff8c0ff6000 	C:\WINDOWS\SYSTEM32\bcrypt.dll
0x00007ff8c06d0000 - 0x00007ff8c06dc000 	C:\WINDOWS\SYSTEM32\CRYPTBASE.dll
0x00007ff8bf8e0000 - 0x00007ff8bf913000 	C:\WINDOWS\SYSTEM32\IPHLPAPI.DLL
0x00007ff8c2290000 - 0x00007ff8c229a000 	C:\WINDOWS\System32\NSI.dll
0x00007ff8a53b0000 - 0x00007ff8a53f9000 	C:\Users\avash\AppData\Local\Temp\jna-93193761\jna13040084486193023167.dll
0x00007ff8c32c0000 - 0x00007ff8c32c8000 	C:\WINDOWS\System32\PSAPI.DLL
0x00007ff8ba580000 - 0x00007ff8ba59f000 	C:\WINDOWS\SYSTEM32\dhcpcsvc6.DLL
0x00007ff8b80c0000 - 0x00007ff8b80e5000 	C:\WINDOWS\SYSTEM32\dhcpcsvc.DLL

dbghelp: loaded successfully - version: 4.0.5 - missing functions: none
symbol engine: initialized successfully - sym options: 0x614 - pdb path: .;c:\Users\avash\.vscode\extensions\redhat.java-1.42.0-win32-x64\jre\21.0.7-win32-x86_64\bin;C:\WINDOWS\SYSTEM32;C:\WINDOWS\WinSxS\amd64_microsoft.windows.common-controls_6595b64144ccf1df_6.0.26100.4202_none_3e0698d4e335f517;c:\Users\avash\.vscode\extensions\redhat.java-1.42.0-win32-x64\jre\21.0.7-win32-x86_64\bin\server;C:\Users\avash\AppData\Roaming\Code\User\globalStorage\redhat.java\1.42.0\config_win\org.eclipse.equinox.launcher\org.eclipse.equinox.launcher.win32.win32.x86_64_1.2.1300.v20250331-1702;C:\Users\avash\AppData\Local\Temp\jna-93193761

VM Arguments:
jvm_args: --add-modules=ALL-SYSTEM --add-opens=java.base/java.util=ALL-UNNAMED --add-opens=java.base/java.lang=ALL-UNNAMED --add-opens=java.base/sun.nio.fs=ALL-UNNAMED -Declipse.application=org.eclipse.jdt.ls.core.id1 -Dosgi.bundles.defaultStartLevel=4 -Declipse.product=org.eclipse.jdt.ls.core.product -Djava.import.generatesMetadataFilesAtProjectRoot=false -DDetectVMInstallationsJob.disabled=true -Dfile.encoding=utf8 -XX:+UseParallelGC -XX:GCTimeRatio=4 -XX:AdaptiveSizePolicyWeight=90 -Dsun.zip.disableMemoryMapping=true -Xmx1G -Xms100m -Xlog:disable -javaagent:c:\Users\avash\.vscode\extensions\redhat.java-1.42.0-win32-x64\lombok\lombok-1.18.36.jar -XX:+HeapDumpOnOutOfMemoryError -XX:HeapDumpPath=c:\Users\avash\AppData\Roaming\Code\User\workspaceStorage\69e44a2c3b07f65cbada83763e4e2b8b\redhat.java -Daether.dependencyCollector.impl=bf 
java_command: c:\Users\avash\.vscode\extensions\redhat.java-1.42.0-win32-x64\server\plugins\org.eclipse.equinox.launcher_1.7.0.v20250424-1814.jar -configuration c:\Users\avash\AppData\Roaming\Code\User\globalStorage\redhat.java\1.42.0\config_win -data c:\Users\avash\AppData\Roaming\Code\User\workspaceStorage\69e44a2c3b07f65cbada83763e4e2b8b\redhat.java\jdt_ws --pipe=\\.\pipe\lsp-f20b05c7a08de0779dbad879c366753a-sock
java_class_path (initial): c:\Users\avash\.vscode\extensions\redhat.java-1.42.0-win32-x64\server\plugins\org.eclipse.equinox.launcher_1.7.0.v20250424-1814.jar
Launcher Type: SUN_STANDARD

[Global flags]
    uintx AdaptiveSizePolicyWeight                 = 90                                        {product} {command line}
     intx CICompilerCount                          = 4                                         {product} {ergonomic}
    uintx GCTimeRatio                              = 4                                         {product} {command line}
     bool HeapDumpOnOutOfMemoryError               = true                                   {manageable} {command line}
    ccstr HeapDumpPath                             = c:\Users\avash\AppData\Roaming\Code\User\workspaceStorage\69e44a2c3b07f65cbada83763e4e2b8b\redhat.java         {manageable} {command line}
   size_t InitialHeapSize                          = 104857600                                 {product} {command line}
   size_t MaxHeapSize                              = 1073741824                                {product} {command line}
   size_t MaxNewSize                               = 357564416                                 {product} {ergonomic}
   size_t MinHeapDeltaBytes                        = 524288                                    {product} {ergonomic}
   size_t MinHeapSize                              = 104857600                                 {product} {command line}
   size_t NewSize                                  = 34603008                                  {product} {ergonomic}
    uintx NonNMethodCodeHeapSize                   = 5839372                                {pd product} {ergonomic}
    uintx NonProfiledCodeHeapSize                  = 122909434                              {pd product} {ergonomic}
   size_t OldSize                                  = 70254592                                  {product} {ergonomic}
    uintx ProfiledCodeHeapSize                     = 122909434                              {pd product} {ergonomic}
    uintx ReservedCodeCacheSize                    = 251658240                              {pd product} {ergonomic}
     bool SegmentedCodeCache                       = true                                      {product} {ergonomic}
   size_t SoftMaxHeapSize                          = 1073741824                             {manageable} {ergonomic}
     bool UseCompressedOops                        = true                           {product lp64_product} {ergonomic}
     bool UseLargePagesIndividualAllocation        = false                                  {pd product} {ergonomic}
     bool UseParallelGC                            = true                                      {product} {command line}

Logging:
Log output configuration:
 #0: stdout all=off uptime,level,tags foldmultilines=false
 #1: stderr all=off uptime,level,tags foldmultilines=false

Environment Variables:
JAVA_HOME=C:\Users\avash\AppData\Local\Programs\Eclipse Adoptium\jdk-17.0.9.9-hotspot\
PATH=C:\WINDOWS\system32;C:\WINDOWS;C:\WINDOWS\System32\Wbem;C:\WINDOWS\System32\WindowsPowerShell\v1.0\;C:\WINDOWS\System32\OpenSSH\;C:\Program Files\mingw-w64\x86_64-8.1.0-posix-seh-rt_v6-rev0\mingw64\bin;C:\Program Files\Git\cmd;C:\Program Files\dotnet\;C:\Windows\System32\Wbem;C:\Program Files\Microsoft SQL Server\150\Tools\Binn\;C:\Program Files\nodejs\;C:\ProgramData\chocolatey\bin;C:\php-8.3.6;C:\ProgramData\ComposerSetup\bin;D:\Software\sqlite3;C:\Users\avash\.fly\bin;C:\Users\avash\AppData\Local\Android\Sdk\platform-tools;C:\Users\avash\AppData\Local\Android\Sdk\emulator;C:\Users\avash\AppData\Local\Programs\Python\Python310\Scripts\;C:\Users\avash\AppData\Local\Programs\Python\Python310\;C:\Program Files\MySQL\MySQL Shell 8.0\bin\;C:\Users\avash\AppData\Local\Programs\Eclipse Adoptium\jdk-17.0.9.9-hotspot\bin;C:\Users\avash\AppData\Local\Microsoft\WindowsApps;C:\Users\avash\AppData\Local\Programs\Microsoft VS Code\bin;C:\Users\avash\.dotnet\tools;C:\Users\avash\AppData\Roaming\npm;C:\Program Files\JetBrains\IntelliJ IDEA Community Edition 2023.3.3\bin;C:\Users\avash\AppData\Local\spicetify;C:\Users\avash\AppData\Local\GitHubDesktop\bin;C:\Users\avash\AppData\Local\Microsoft\WindowsApps;C:\Users\avash\AppData\Roaming\Composer\vendor\bin;C:\Users\avash\.fly\bin;D:\Software\cursor\resources\app\bin
USERNAME=avash
OS=Windows_NT
PROCESSOR_IDENTIFIER=AMD64 Family 23 Model 24 Stepping 1, AuthenticAMD
TMP=C:\Users\avash\AppData\Local\Temp
TEMP=C:\Users\avash\AppData\Local\Temp




Periodic native trim disabled

---------------  S Y S T E M  ---------------

OS:
 Windows 11 , 64 bit Build 26100 (10.0.26100.4202)
OS uptime: 0 days 12:02 hours
Hyper-V role detected

CPU: total 8 (initial active 8) (8 cores per cpu, 2 threads per core) family 23 model 24 stepping 1 microcode 0x8108109, cx8, cmov, fxsr, ht, mmx, 3dnowpref, sse, sse2, sse3, ssse3, sse4a, sse4.1, sse4.2, popcnt, lzcnt, tsc, tscinvbit, avx, avx2, aes, clmul, bmi1, bmi2, adx, sha, fma, vzeroupper, clflush, clflushopt, hv, rdtscp, f16c
Processor Information for the first 8 processors :
  Max Mhz: 2100, Current Mhz: 2100, Mhz Limit: 2100

Memory: 4k page, system-wide physical 6020M (892M free)
TotalPageFile size 23430M (AvailPageFile size 11M)
current process WorkingSet (physical memory assigned to process): 193M, peak: 201M
current process commit charge ("private bytes"): 284M, peak: 297M

vm_info: OpenJDK 64-Bit Server VM (21.0.7+6-LTS) for windows-amd64 JRE (21.0.7+6-LTS), built on 2025-04-15T00:00:00Z by "admin" with MS VC++ 17.7 (VS2022)

END.
