#
# There is insufficient memory for the Java Runtime Environment to continue.
# Native memory allocation (malloc) failed to allocate 2342224 bytes. Error detail: Chunk::new
# Possible reasons:
#   The system is out of physical RAM or swap space
#   This process is running with CompressedOops enabled, and the Java Heap may be blocking the growth of the native heap
# Possible solutions:
#   Reduce memory load on the system
#   Increase physical memory or swap space
#   Check if swap backing store is full
#   Decrease Java heap size (-Xmx/-Xms)
#   Decrease number of Java threads
#   Decrease Java thread stack sizes (-Xss)
#   Set larger code cache with -XX:ReservedCodeCacheSize=
#   JVM is running with Unscaled Compressed Oops mode in which the Java heap is
#     placed in the first 4GB address space. The Java Heap base address is the
#     maximum limit for the native heap growth. Please use -XX:HeapBaseMinAddress
#     to set the Java Heap base and to place the Java Heap above 4GB virtual address.
# This output file may be truncated or incomplete.
#
#  Out of Memory Error (arena.cpp:168), pid=1484, tid=19192
#
# JRE version: OpenJDK Runtime Environment Temurin-21.0.7+6 (21.0.7+6) (build 21.0.7+6-LTS)
# Java VM: OpenJDK 64-Bit Server VM Temurin-21.0.7+6 (21.0.7+6-LTS, mixed mode, sharing, tiered, compressed oops, compressed class ptrs, parallel gc, windows-amd64)
# No core dump will be written. Minidumps are not enabled by default on client versions of Windows
#

---------------  S U M M A R Y ------------

Command Line: --add-modules=ALL-SYSTEM --add-opens=java.base/java.util=ALL-UNNAMED --add-opens=java.base/java.lang=ALL-UNNAMED --add-opens=java.base/sun.nio.fs=ALL-UNNAMED -Declipse.application=org.eclipse.jdt.ls.core.id1 -Dosgi.bundles.defaultStartLevel=4 -Declipse.product=org.eclipse.jdt.ls.core.product -Djava.import.generatesMetadataFilesAtProjectRoot=false -DDetectVMInstallationsJob.disabled=true -Dfile.encoding=utf8 -XX:+UseParallelGC -XX:GCTimeRatio=4 -XX:AdaptiveSizePolicyWeight=90 -Dsun.zip.disableMemoryMapping=true -Xmx1G -Xms100m -Xlog:disable -javaagent:c:\Users\avash\.vscode\extensions\redhat.java-1.42.0-win32-x64\lombok\lombok-1.18.36.jar c:\Users\avash\.vscode\extensions\redhat.java-1.42.0-win32-x64\server\plugins\org.eclipse.equinox.launcher_1.7.0.v20250424-1814.jar -configuration c:\Users\avash\AppData\Roaming\Code\User\globalStorage\redhat.java\1.42.0\config_ss_win -data c:\Users\avash\AppData\Roaming\Code\User\workspaceStorage\69e44a2c3b07f65cbada83763e4e2b8b\redhat.java\ss_ws --pipe=\\.\pipe\lsp-f050a419690565f5c013134363026ee6-sock

Host: AMD Ryzen 5 3500U with Radeon Vega Mobile Gfx  , 8 cores, 5G,  Windows 11 , 64 bit Build 26100 (10.0.26100.4202)
Time: Fri Jun 20 00:12:06 2025 Nepal Standard Time elapsed time: 16.968220 seconds (0d 0h 0m 16s)

---------------  T H R E A D  ---------------

Current thread (0x0000024fdf42b470):  JavaThread "C2 CompilerThread0" daemon [_thread_in_native, id=19192, stack(0x0000008f0ff00000,0x0000008f10000000) (1024K)]


Current CompileTask:
C2:16968 2752       4       org.lombokweb.asm.ClassReader::readMethod (1070 bytes)

Stack: [0x0000008f0ff00000,0x0000008f10000000]
Native frames: (J=compiled Java code, j=interpreted, Vv=VM code, C=native code)
V  [jvm.dll+0x6ce119]
V  [jvm.dll+0x8a84a1]
V  [jvm.dll+0x8aa9ce]
V  [jvm.dll+0x8ab0b3]
V  [jvm.dll+0x27f8a6]
V  [jvm.dll+0xc507d]
V  [jvm.dll+0xc55b3]
V  [jvm.dll+0x3b692c]
V  [jvm.dll+0x1e0029]
V  [jvm.dll+0x247c42]
V  [jvm.dll+0x2470cf]
V  [jvm.dll+0x1c760e]
V  [jvm.dll+0x25695a]
V  [jvm.dll+0x254efa]
V  [jvm.dll+0x3f03f6]
V  [jvm.dll+0x851f6b]
V  [jvm.dll+0x6cc7dd]
C  [ucrtbase.dll+0x37b0]
C  [KERNEL32.DLL+0x2e8d7]
C  [ntdll.dll+0x3c34c]


---------------  P R O C E S S  ---------------

Threads class SMR info:
_java_thread_list=0x0000024fe713c430, length=19, elements={
0x0000024fc8cd9cf0, 0x0000024fdf41cea0, 0x0000024fdf41f470, 0x0000024fdf422af0,
0x0000024fdf423c20, 0x0000024fdf427440, 0x0000024fdf428630, 0x0000024fdf42b470,
0x0000024fe5040300, 0x0000024fcb0d8230, 0x0000024fe5315660, 0x0000024fe5716ab0,
0x0000024fe5823dc0, 0x0000024fe5826430, 0x0000024fe5803680, 0x0000024fe5d2b090,
0x0000024fe52c5130, 0x0000024fe5911060, 0x0000024fe5f9a5a0
}

Java Threads: ( => current thread )
  0x0000024fc8cd9cf0 JavaThread "main"                              [_thread_blocked, id=11096, stack(0x0000008f0f500000,0x0000008f0f600000) (1024K)]
  0x0000024fdf41cea0 JavaThread "Reference Handler"          daemon [_thread_blocked, id=18420, stack(0x0000008f0f900000,0x0000008f0fa00000) (1024K)]
  0x0000024fdf41f470 JavaThread "Finalizer"                  daemon [_thread_blocked, id=4444, stack(0x0000008f0fa00000,0x0000008f0fb00000) (1024K)]
  0x0000024fdf422af0 JavaThread "Signal Dispatcher"          daemon [_thread_blocked, id=6656, stack(0x0000008f0fb00000,0x0000008f0fc00000) (1024K)]
  0x0000024fdf423c20 JavaThread "Attach Listener"            daemon [_thread_blocked, id=14960, stack(0x0000008f0fc00000,0x0000008f0fd00000) (1024K)]
  0x0000024fdf427440 JavaThread "Service Thread"             daemon [_thread_blocked, id=9396, stack(0x0000008f0fd00000,0x0000008f0fe00000) (1024K)]
  0x0000024fdf428630 JavaThread "Monitor Deflation Thread"   daemon [_thread_blocked, id=9528, stack(0x0000008f0fe00000,0x0000008f0ff00000) (1024K)]
=>0x0000024fdf42b470 JavaThread "C2 CompilerThread0"         daemon [_thread_in_native, id=19192, stack(0x0000008f0ff00000,0x0000008f10000000) (1024K)]
  0x0000024fe5040300 JavaThread "C1 CompilerThread0"         daemon [_thread_blocked, id=16828, stack(0x0000008f10000000,0x0000008f10100000) (1024K)]
  0x0000024fcb0d8230 JavaThread "Common-Cleaner"             daemon [_thread_blocked, id=12972, stack(0x0000008f10100000,0x0000008f10200000) (1024K)]
  0x0000024fe5315660 JavaThread "Notification Thread"        daemon [_thread_blocked, id=5524, stack(0x0000008f10200000,0x0000008f10300000) (1024K)]
  0x0000024fe5716ab0 JavaThread "Active Thread: Equinox Container: 90ddf9fd-cc59-41de-8230-87efc2bc6f8d"        [_thread_blocked, id=12632, stack(0x0000008f10300000,0x0000008f10400000) (1024K)]
  0x0000024fe5823dc0 JavaThread "Framework Event Dispatcher: Equinox Container: 90ddf9fd-cc59-41de-8230-87efc2bc6f8d" daemon [_thread_blocked, id=10940, stack(0x0000008f10a00000,0x0000008f10b00000) (1024K)]
  0x0000024fe5826430 JavaThread "Start Level: Equinox Container: 90ddf9fd-cc59-41de-8230-87efc2bc6f8d" daemon [_thread_in_Java, id=20268, stack(0x0000008f10b00000,0x0000008f10c00000) (1024K)]
  0x0000024fe5803680 JavaThread "SCR Component Actor"        daemon [_thread_blocked, id=10756, stack(0x0000008f10d00000,0x0000008f10e00000) (1024K)]
  0x0000024fe5d2b090 JavaThread "Worker-JM"                         [_thread_blocked, id=18376, stack(0x0000008f10f00000,0x0000008f11000000) (1024K)]
  0x0000024fe52c5130 JavaThread "JNA Cleaner"                daemon [_thread_blocked, id=17440, stack(0x0000008f11000000,0x0000008f11100000) (1024K)]
  0x0000024fe5911060 JavaThread "Worker-0"                          [_thread_blocked, id=7256, stack(0x0000008f11100000,0x0000008f11200000) (1024K)]
  0x0000024fe5f9a5a0 JavaThread "Worker-1"                          [_thread_blocked, id=16164, stack(0x0000008f11200000,0x0000008f11300000) (1024K)]
Total: 19

Other Threads:
  0x0000024fdf402650 VMThread "VM Thread"                           [id=15728, stack(0x0000008f0f800000,0x0000008f0f900000) (1024K)]
  0x0000024fdf33cb20 WatcherThread "VM Periodic Task Thread"        [id=16888, stack(0x0000008f0f700000,0x0000008f0f800000) (1024K)]
  0x0000024fcb089cd0 WorkerThread "GC Thread#0"                     [id=10120, stack(0x0000008f0f600000,0x0000008f0f700000) (1024K)]
  0x0000024fe549b4f0 WorkerThread "GC Thread#1"                     [id=18424, stack(0x0000008f10400000,0x0000008f10500000) (1024K)]
  0x0000024fe54445b0 WorkerThread "GC Thread#2"                     [id=13040, stack(0x0000008f10500000,0x0000008f10600000) (1024K)]
  0x0000024fe540e760 WorkerThread "GC Thread#3"                     [id=13340, stack(0x0000008f10600000,0x0000008f10700000) (1024K)]
  0x0000024fe540ef10 WorkerThread "GC Thread#4"                     [id=7004, stack(0x0000008f10700000,0x0000008f10800000) (1024K)]
  0x0000024fe540f2b0 WorkerThread "GC Thread#5"                     [id=11556, stack(0x0000008f10800000,0x0000008f10900000) (1024K)]
  0x0000024fe540f650 WorkerThread "GC Thread#6"                     [id=17376, stack(0x0000008f10900000,0x0000008f10a00000) (1024K)]
  0x0000024fe5815010 WorkerThread "GC Thread#7"                     [id=16412, stack(0x0000008f10c00000,0x0000008f10d00000) (1024K)]
Total: 10

Threads with active compile tasks:
C2 CompilerThread0  17256 2752       4       org.lombokweb.asm.ClassReader::readMethod (1070 bytes)
Total: 1

VM state: not at safepoint (normal execution)

VM Mutex/Monitor currently owned by a thread: None

Heap address: 0x00000000c0000000, size: 1024 MB, Compressed Oops mode: 32-bit

CDS archive(s) mapped at: [0x0000024f80000000-0x0000024f80ba0000-0x0000024f80ba0000), size 12189696, SharedBaseAddress: 0x0000024f80000000, ArchiveRelocationMode: 1.
Compressed class space mapped at: 0x0000024f81000000-0x0000024fc1000000, reserved size: 1073741824
Narrow klass base: 0x0000024f80000000, Narrow klass shift: 0, Narrow klass range: 0x100000000

GC Precious Log:
 CardTable entry size: 512
 CPUs: 8 total, 8 available
 Memory: 6020M
 Large Page Support: Disabled
 NUMA Support: Disabled
 Compressed Oops: Enabled (32-bit)
 Alignments: Space 512K, Generation 512K, Heap 2M
 Heap Min Capacity: 100M
 Heap Initial Capacity: 100M
 Heap Max Capacity: 1G
 Pre-touch: Disabled
 Parallel Workers: 8

Heap:
 PSYoungGen      total 27648K, used 15710K [0x00000000eab00000, 0x00000000eca00000, 0x0000000100000000)
  eden space 24576K, 53% used [0x00000000eab00000,0x00000000eb7c6a18,0x00000000ec300000)
  from space 3072K, 85% used [0x00000000ec400000,0x00000000ec691050,0x00000000ec700000)
  to   space 3072K, 0% used [0x00000000ec700000,0x00000000ec700000,0x00000000eca00000)
 ParOldGen       total 68608K, used 9004K [0x00000000c0000000, 0x00000000c4300000, 0x00000000eab00000)
  object space 68608K, 13% used [0x00000000c0000000,0x00000000c08cb318,0x00000000c4300000)
 Metaspace       used 25047K, committed 25792K, reserved 1114112K
  class space    used 2375K, committed 2688K, reserved 1048576K

Card table byte_map: [0x0000024fcaa10000,0x0000024fcac20000] _byte_map_base: 0x0000024fca410000

Marking Bits: (ParMarkBitMap*) 0x00007ff853fb31f0
 Begin Bits: [0x0000024fdd260000, 0x0000024fde260000)
 End Bits:   [0x0000024fde260000, 0x0000024fdf260000)

Polling page: 0x0000024fc8ed0000

Metaspace:

Usage:
  Non-class:     22.14 MB used.
      Class:      2.32 MB used.
       Both:     24.46 MB used.

Virtual space:
  Non-class space:       64.00 MB reserved,      22.56 MB ( 35%) committed,  1 nodes.
      Class space:        1.00 GB reserved,       2.62 MB ( <1%) committed,  1 nodes.
             Both:        1.06 GB reserved,      25.19 MB (  2%) committed. 

Chunk freelists:
   Non-Class:  9.42 MB
       Class:  13.42 MB
        Both:  22.84 MB

MaxMetaspaceSize: unlimited
CompressedClassSpaceSize: 1.00 GB
Initial GC threshold: 21.00 MB
Current GC threshold: 35.00 MB
CDS: on
 - commit_granule_bytes: 65536.
 - commit_granule_words: 8192.
 - virtual_space_node_default_size: 8388608.
 - enlarge_chunks_in_place: 1.
 - use_allocation_guard: 0.


Internal statistics:

num_allocs_failed_limit: 3.
num_arena_births: 548.
num_arena_deaths: 14.
num_vsnodes_births: 2.
num_vsnodes_deaths: 0.
num_space_committed: 403.
num_space_uncommitted: 0.
num_chunks_returned_to_freelist: 17.
num_chunks_taken_from_freelist: 1467.
num_chunk_merges: 9.
num_chunk_splits: 967.
num_chunks_enlarged: 640.
num_inconsistent_stats: 0.

CodeHeap 'non-profiled nmethods': size=120000Kb used=1188Kb max_used=1188Kb free=118811Kb
 bounds [0x0000024fd5d30000, 0x0000024fd5fa0000, 0x0000024fdd260000]
CodeHeap 'profiled nmethods': size=120000Kb used=6253Kb max_used=6253Kb free=113746Kb
 bounds [0x0000024fce260000, 0x0000024fce880000, 0x0000024fd5790000]
CodeHeap 'non-nmethods': size=5760Kb used=1327Kb max_used=1327Kb free=4432Kb
 bounds [0x0000024fd5790000, 0x0000024fd5a00000, 0x0000024fd5d30000]
 total_blobs=3707 nmethods=3091 adapters=522
 compilation: enabled
              stopped_count=0, restarted_count=0
 full_count=0

Compilation events (20 events):
Event: 15.743 Thread 0x0000024fe5040300 3031       3       java.util.TreeMap::putIfAbsent (8 bytes)
Event: 15.743 Thread 0x0000024fe5040300 nmethod 3031 0x0000024fce860890 code [0x0000024fce860a40, 0x0000024fce860b80]
Event: 15.743 Thread 0x0000024fe5040300 3020       2       java.lang.Character::toLowerCase (6 bytes)
Event: 15.743 Thread 0x0000024fe5040300 nmethod 3020 0x0000024fce860c10 code [0x0000024fce860dc0, 0x0000024fce860f08]
Event: 15.744 Thread 0x0000024fe5040300 3034       3       java.util.TreeMap::rotateLeft (96 bytes)
Event: 15.744 Thread 0x0000024fe5040300 nmethod 3034 0x0000024fce861010 code [0x0000024fce8611c0, 0x0000024fce8614b0]
Event: 15.744 Thread 0x0000024fe5040300 3021       2       java.lang.Character::toLowerCase (9 bytes)
Event: 15.744 Thread 0x0000024fe5040300 nmethod 3021 0x0000024fce861610 code [0x0000024fce8617c0, 0x0000024fce861900]
Event: 15.744 Thread 0x0000024fe5040300 3024       2       java.lang.String$CaseInsensitiveComparator::compare (13 bytes)
Event: 15.744 Thread 0x0000024fe5040300 nmethod 3024 0x0000024fce861990 code [0x0000024fce861b40, 0x0000024fce861ce0]
Event: 15.744 Thread 0x0000024fe5040300 3036       2       java.util.TreeMap::rotateRight (96 bytes)
Event: 15.745 Thread 0x0000024fe5040300 nmethod 3036 0x0000024fce861e10 code [0x0000024fce861fc0, 0x0000024fce8621f0]
Event: 15.745 Thread 0x0000024fe5040300 3025       2       java.lang.String$CaseInsensitiveComparator::compare (68 bytes)
Event: 15.745 Thread 0x0000024fe5040300 nmethod 3025 0x0000024fce862310 code [0x0000024fce862500, 0x0000024fce862748]
Event: 15.746 Thread 0x0000024fe5040300 3038       2       java.util.TreeMap::clear (21 bytes)
Event: 15.746 Thread 0x0000024fe5040300 nmethod 3038 0x0000024fce862890 code [0x0000024fce862a20, 0x0000024fce862b50]
Event: 15.747 Thread 0x0000024fe5040300 3039   !   2       sun.nio.cs.ext.AbstractCharsetProvider::charset (84 bytes)
Event: 15.747 Thread 0x0000024fe5040300 nmethod 3039 0x0000024fce862c10 code [0x0000024fce862e00, 0x0000024fce863168]
Event: 15.758 Thread 0x0000024fe5040300 3042       2       java.lang.invoke.DirectMethodHandle$Holder::newInvokeSpecial (20 bytes)
Event: 15.758 Thread 0x0000024fe5040300 nmethod 3042 0x0000024fce863410 code [0x0000024fce8635e0, 0x0000024fce8637b8]

GC Heap History (16 events):
Event: 2.383 GC heap before
{Heap before GC invocations=1 (full 0):
 PSYoungGen      total 29696K, used 25600K [0x00000000eab00000, 0x00000000ecc00000, 0x0000000100000000)
  eden space 25600K, 100% used [0x00000000eab00000,0x00000000ec400000,0x00000000ec400000)
  from space 4096K, 0% used [0x00000000ec800000,0x00000000ec800000,0x00000000ecc00000)
  to   space 4096K, 0% used [0x00000000ec400000,0x00000000ec400000,0x00000000ec800000)
 ParOldGen       total 68608K, used 0K [0x00000000c0000000, 0x00000000c4300000, 0x00000000eab00000)
  object space 68608K, 0% used [0x00000000c0000000,0x00000000c0000000,0x00000000c4300000)
 Metaspace       used 4336K, committed 4544K, reserved 1114112K
  class space    used 460K, committed 576K, reserved 1048576K
}
Event: 2.399 GC heap after
{Heap after GC invocations=1 (full 0):
 PSYoungGen      total 29696K, used 3278K [0x00000000eab00000, 0x00000000ecc00000, 0x0000000100000000)
  eden space 25600K, 0% used [0x00000000eab00000,0x00000000eab00000,0x00000000ec400000)
  from space 4096K, 80% used [0x00000000ec400000,0x00000000ec733b20,0x00000000ec800000)
  to   space 4096K, 0% used [0x00000000ec800000,0x00000000ec800000,0x00000000ecc00000)
 ParOldGen       total 68608K, used 16K [0x00000000c0000000, 0x00000000c4300000, 0x00000000eab00000)
  object space 68608K, 0% used [0x00000000c0000000,0x00000000c0004000,0x00000000c4300000)
 Metaspace       used 4336K, committed 4544K, reserved 1114112K
  class space    used 460K, committed 576K, reserved 1048576K
}
Event: 4.728 GC heap before
{Heap before GC invocations=2 (full 0):
 PSYoungGen      total 29696K, used 28878K [0x00000000eab00000, 0x00000000ecc00000, 0x0000000100000000)
  eden space 25600K, 100% used [0x00000000eab00000,0x00000000ec400000,0x00000000ec400000)
  from space 4096K, 80% used [0x00000000ec400000,0x00000000ec733b20,0x00000000ec800000)
  to   space 4096K, 0% used [0x00000000ec800000,0x00000000ec800000,0x00000000ecc00000)
 ParOldGen       total 68608K, used 16K [0x00000000c0000000, 0x00000000c4300000, 0x00000000eab00000)
  object space 68608K, 0% used [0x00000000c0000000,0x00000000c0004000,0x00000000c4300000)
 Metaspace       used 8221K, committed 8576K, reserved 1114112K
  class space    used 844K, committed 1024K, reserved 1048576K
}
Event: 4.739 GC heap after
{Heap after GC invocations=2 (full 0):
 PSYoungGen      total 29696K, used 4090K [0x00000000eab00000, 0x00000000ecc00000, 0x0000000100000000)
  eden space 25600K, 0% used [0x00000000eab00000,0x00000000eab00000,0x00000000ec400000)
  from space 4096K, 99% used [0x00000000ec800000,0x00000000ecbfe9b8,0x00000000ecc00000)
  to   space 4096K, 0% used [0x00000000ec400000,0x00000000ec400000,0x00000000ec800000)
 ParOldGen       total 68608K, used 887K [0x00000000c0000000, 0x00000000c4300000, 0x00000000eab00000)
  object space 68608K, 1% used [0x00000000c0000000,0x00000000c00ddea8,0x00000000c4300000)
 Metaspace       used 8221K, committed 8576K, reserved 1114112K
  class space    used 844K, committed 1024K, reserved 1048576K
}
Event: 7.443 GC heap before
{Heap before GC invocations=3 (full 0):
 PSYoungGen      total 29696K, used 29651K [0x00000000eab00000, 0x00000000ecc00000, 0x0000000100000000)
  eden space 25600K, 99% used [0x00000000eab00000,0x00000000ec3f6268,0x00000000ec400000)
  from space 4096K, 99% used [0x00000000ec800000,0x00000000ecbfe9b8,0x00000000ecc00000)
  to   space 4096K, 0% used [0x00000000ec400000,0x00000000ec400000,0x00000000ec800000)
 ParOldGen       total 68608K, used 887K [0x00000000c0000000, 0x00000000c4300000, 0x00000000eab00000)
  object space 68608K, 1% used [0x00000000c0000000,0x00000000c00ddea8,0x00000000c4300000)
 Metaspace       used 13010K, committed 13504K, reserved 1114112K
  class space    used 1334K, committed 1536K, reserved 1048576K
}
Event: 7.450 GC heap after
{Heap after GC invocations=3 (full 0):
 PSYoungGen      total 29696K, used 4083K [0x00000000eab00000, 0x00000000ecc00000, 0x0000000100000000)
  eden space 25600K, 0% used [0x00000000eab00000,0x00000000eab00000,0x00000000ec400000)
  from space 4096K, 99% used [0x00000000ec400000,0x00000000ec7fcf48,0x00000000ec800000)
  to   space 4096K, 0% used [0x00000000ec800000,0x00000000ec800000,0x00000000ecc00000)
 ParOldGen       total 68608K, used 2837K [0x00000000c0000000, 0x00000000c4300000, 0x00000000eab00000)
  object space 68608K, 4% used [0x00000000c0000000,0x00000000c02c5428,0x00000000c4300000)
 Metaspace       used 13010K, committed 13504K, reserved 1114112K
  class space    used 1334K, committed 1536K, reserved 1048576K
}
Event: 11.678 GC heap before
{Heap before GC invocations=4 (full 0):
 PSYoungGen      total 29696K, used 29683K [0x00000000eab00000, 0x00000000ecc00000, 0x0000000100000000)
  eden space 25600K, 100% used [0x00000000eab00000,0x00000000ec400000,0x00000000ec400000)
  from space 4096K, 99% used [0x00000000ec400000,0x00000000ec7fcf48,0x00000000ec800000)
  to   space 4096K, 0% used [0x00000000ec800000,0x00000000ec800000,0x00000000ecc00000)
 ParOldGen       total 68608K, used 2837K [0x00000000c0000000, 0x00000000c4300000, 0x00000000eab00000)
  object space 68608K, 4% used [0x00000000c0000000,0x00000000c02c5428,0x00000000c4300000)
 Metaspace       used 17062K, committed 17728K, reserved 1114112K
  class space    used 1734K, committed 2048K, reserved 1048576K
}
Event: 11.684 GC heap after
{Heap after GC invocations=4 (full 0):
 PSYoungGen      total 29696K, used 4077K [0x00000000eab00000, 0x00000000ecc00000, 0x0000000100000000)
  eden space 25600K, 0% used [0x00000000eab00000,0x00000000eab00000,0x00000000ec400000)
  from space 4096K, 99% used [0x00000000ec800000,0x00000000ecbfb768,0x00000000ecc00000)
  to   space 4096K, 0% used [0x00000000ec400000,0x00000000ec400000,0x00000000ec800000)
 ParOldGen       total 68608K, used 5002K [0x00000000c0000000, 0x00000000c4300000, 0x00000000eab00000)
  object space 68608K, 7% used [0x00000000c0000000,0x00000000c04e2ad0,0x00000000c4300000)
 Metaspace       used 17062K, committed 17728K, reserved 1114112K
  class space    used 1734K, committed 2048K, reserved 1048576K
}
Event: 12.270 GC heap before
{Heap before GC invocations=5 (full 0):
 PSYoungGen      total 29696K, used 29677K [0x00000000eab00000, 0x00000000ecc00000, 0x0000000100000000)
  eden space 25600K, 100% used [0x00000000eab00000,0x00000000ec400000,0x00000000ec400000)
  from space 4096K, 99% used [0x00000000ec800000,0x00000000ecbfb768,0x00000000ecc00000)
  to   space 4096K, 0% used [0x00000000ec400000,0x00000000ec400000,0x00000000ec800000)
 ParOldGen       total 68608K, used 5002K [0x00000000c0000000, 0x00000000c4300000, 0x00000000eab00000)
  object space 68608K, 7% used [0x00000000c0000000,0x00000000c04e2ad0,0x00000000c4300000)
 Metaspace       used 20254K, committed 20928K, reserved 1114112K
  class space    used 1947K, committed 2240K, reserved 1048576K
}
Event: 12.276 GC heap after
{Heap after GC invocations=5 (full 0):
 PSYoungGen      total 29184K, used 4084K [0x00000000eab00000, 0x00000000ecd80000, 0x0000000100000000)
  eden space 25088K, 0% used [0x00000000eab00000,0x00000000eab00000,0x00000000ec380000)
  from space 4096K, 99% used [0x00000000ec400000,0x00000000ec7fd030,0x00000000ec800000)
  to   space 5120K, 0% used [0x00000000ec880000,0x00000000ec880000,0x00000000ecd80000)
 ParOldGen       total 68608K, used 5289K [0x00000000c0000000, 0x00000000c4300000, 0x00000000eab00000)
  object space 68608K, 7% used [0x00000000c0000000,0x00000000c052a708,0x00000000c4300000)
 Metaspace       used 20254K, committed 20928K, reserved 1114112K
  class space    used 1947K, committed 2240K, reserved 1048576K
}
Event: 12.379 GC heap before
{Heap before GC invocations=6 (full 0):
 PSYoungGen      total 29184K, used 9788K [0x00000000eab00000, 0x00000000ecd80000, 0x0000000100000000)
  eden space 25088K, 22% used [0x00000000eab00000,0x00000000eb092150,0x00000000ec380000)
  from space 4096K, 99% used [0x00000000ec400000,0x00000000ec7fd030,0x00000000ec800000)
  to   space 5120K, 0% used [0x00000000ec880000,0x00000000ec880000,0x00000000ecd80000)
 ParOldGen       total 68608K, used 5289K [0x00000000c0000000, 0x00000000c4300000, 0x00000000eab00000)
  object space 68608K, 7% used [0x00000000c0000000,0x00000000c052a708,0x00000000c4300000)
 Metaspace       used 20883K, committed 21504K, reserved 1114112K
  class space    used 1996K, committed 2304K, reserved 1048576K
}
Event: 12.385 GC heap after
{Heap after GC invocations=6 (full 0):
 PSYoungGen      total 29696K, used 4245K [0x00000000eab00000, 0x00000000ecd00000, 0x0000000100000000)
  eden space 25088K, 0% used [0x00000000eab00000,0x00000000eab00000,0x00000000ec380000)
  from space 4608K, 92% used [0x00000000ec880000,0x00000000ecca5568,0x00000000ecd00000)
  to   space 4608K, 0% used [0x00000000ec400000,0x00000000ec400000,0x00000000ec880000)
 ParOldGen       total 68608K, used 5289K [0x00000000c0000000, 0x00000000c4300000, 0x00000000eab00000)
  object space 68608K, 7% used [0x00000000c0000000,0x00000000c052a708,0x00000000c4300000)
 Metaspace       used 20883K, committed 21504K, reserved 1114112K
  class space    used 1996K, committed 2304K, reserved 1048576K
}
Event: 12.385 GC heap before
{Heap before GC invocations=7 (full 1):
 PSYoungGen      total 29696K, used 4245K [0x00000000eab00000, 0x00000000ecd00000, 0x0000000100000000)
  eden space 25088K, 0% used [0x00000000eab00000,0x00000000eab00000,0x00000000ec380000)
  from space 4608K, 92% used [0x00000000ec880000,0x00000000ecca5568,0x00000000ecd00000)
  to   space 4608K, 0% used [0x00000000ec400000,0x00000000ec400000,0x00000000ec880000)
 ParOldGen       total 68608K, used 5289K [0x00000000c0000000, 0x00000000c4300000, 0x00000000eab00000)
  object space 68608K, 7% used [0x00000000c0000000,0x00000000c052a708,0x00000000c4300000)
 Metaspace       used 20883K, committed 21504K, reserved 1114112K
  class space    used 1996K, committed 2304K, reserved 1048576K
}
Event: 12.434 GC heap after
{Heap after GC invocations=7 (full 1):
 PSYoungGen      total 29696K, used 0K [0x00000000eab00000, 0x00000000ecd00000, 0x0000000100000000)
  eden space 25088K, 0% used [0x00000000eab00000,0x00000000eab00000,0x00000000ec380000)
  from space 4608K, 0% used [0x00000000ec880000,0x00000000ec880000,0x00000000ecd00000)
  to   space 4608K, 0% used [0x00000000ec400000,0x00000000ec400000,0x00000000ec880000)
 ParOldGen       total 68608K, used 8996K [0x00000000c0000000, 0x00000000c4300000, 0x00000000eab00000)
  object space 68608K, 13% used [0x00000000c0000000,0x00000000c08c9318,0x00000000c4300000)
 Metaspace       used 20871K, committed 21504K, reserved 1114112K
  class space    used 1993K, committed 2304K, reserved 1048576K
}
Event: 15.282 GC heap before
{Heap before GC invocations=8 (full 1):
 PSYoungGen      total 29696K, used 25088K [0x00000000eab00000, 0x00000000ecd00000, 0x0000000100000000)
  eden space 25088K, 100% used [0x00000000eab00000,0x00000000ec380000,0x00000000ec380000)
  from space 4608K, 0% used [0x00000000ec880000,0x00000000ec880000,0x00000000ecd00000)
  to   space 4608K, 0% used [0x00000000ec400000,0x00000000ec400000,0x00000000ec880000)
 ParOldGen       total 68608K, used 8996K [0x00000000c0000000, 0x00000000c4300000, 0x00000000eab00000)
  object space 68608K, 13% used [0x00000000c0000000,0x00000000c08c9318,0x00000000c4300000)
 Metaspace       used 22957K, committed 23616K, reserved 1114112K
  class space    used 2160K, committed 2432K, reserved 1048576K
}
Event: 15.285 GC heap after
{Heap after GC invocations=8 (full 1):
 PSYoungGen      total 27648K, used 2628K [0x00000000eab00000, 0x00000000eca00000, 0x0000000100000000)
  eden space 24576K, 0% used [0x00000000eab00000,0x00000000eab00000,0x00000000ec300000)
  from space 3072K, 85% used [0x00000000ec400000,0x00000000ec691050,0x00000000ec700000)
  to   space 3072K, 0% used [0x00000000ec700000,0x00000000ec700000,0x00000000eca00000)
 ParOldGen       total 68608K, used 9004K [0x00000000c0000000, 0x00000000c4300000, 0x00000000eab00000)
  object space 68608K, 13% used [0x00000000c0000000,0x00000000c08cb318,0x00000000c4300000)
 Metaspace       used 22957K, committed 23616K, reserved 1114112K
  class space    used 2160K, committed 2432K, reserved 1048576K
}

Dll operation events (10 events):
Event: 0.033 Loaded shared library c:\Users\avash\.vscode\extensions\redhat.java-1.42.0-win32-x64\jre\21.0.7-win32-x86_64\bin\java.dll
Event: 0.197 Loaded shared library c:\Users\avash\.vscode\extensions\redhat.java-1.42.0-win32-x64\jre\21.0.7-win32-x86_64\bin\zip.dll
Event: 0.271 Loaded shared library C:\Users\avash\.vscode\extensions\redhat.java-1.42.0-win32-x64\jre\21.0.7-win32-x86_64\bin\instrument.dll
Event: 0.298 Loaded shared library C:\Users\avash\.vscode\extensions\redhat.java-1.42.0-win32-x64\jre\21.0.7-win32-x86_64\bin\net.dll
Event: 0.303 Loaded shared library C:\Users\avash\.vscode\extensions\redhat.java-1.42.0-win32-x64\jre\21.0.7-win32-x86_64\bin\nio.dll
Event: 0.311 Loaded shared library C:\Users\avash\.vscode\extensions\redhat.java-1.42.0-win32-x64\jre\21.0.7-win32-x86_64\bin\zip.dll
Event: 0.397 Loaded shared library C:\Users\avash\.vscode\extensions\redhat.java-1.42.0-win32-x64\jre\21.0.7-win32-x86_64\bin\jimage.dll
Event: 0.728 Loaded shared library c:\Users\avash\.vscode\extensions\redhat.java-1.42.0-win32-x64\jre\21.0.7-win32-x86_64\bin\verify.dll
Event: 4.504 Loaded shared library C:\Users\avash\AppData\Roaming\Code\User\globalStorage\redhat.java\1.42.0\config_ss_win\org.eclipse.equinox.launcher\org.eclipse.equinox.launcher.win32.win32.x86_64_1.2.1300.v20250331-1702\eclipse_11911.dll
Event: 9.675 Loaded shared library C:\Users\avash\AppData\Local\Temp\jna-93193761\jna7732615958278277159.dll

Deoptimization events (20 events):
Event: 15.382 Thread 0x0000024fe5826430 DEOPT PACKING pc=0x0000024fd5dc3730 sp=0x0000008f10bfdee0
Event: 15.382 Thread 0x0000024fe5826430 DEOPT UNPACKING pc=0x0000024fd57e3aa2 sp=0x0000008f10bfdde0 mode 2
Event: 15.382 Thread 0x0000024fe5826430 Uncommon trap: trap_request=0xffffffc6 fr.pc=0x0000024fd5dc3730 relative=0x0000000000000950
Event: 15.382 Thread 0x0000024fe5826430 Uncommon trap: reason=bimorphic_or_optimized_type_check action=maybe_recompile pc=0x0000024fd5dc3730 method=java.util.HashMap.putVal(ILjava/lang/Object;Ljava/lang/Object;ZZ)Ljava/lang/Object; @ 56 c2
Event: 15.382 Thread 0x0000024fe5826430 DEOPT PACKING pc=0x0000024fd5dc3730 sp=0x0000008f10bfdee0
Event: 15.382 Thread 0x0000024fe5826430 DEOPT UNPACKING pc=0x0000024fd57e3aa2 sp=0x0000008f10bfdde0 mode 2
Event: 15.382 Thread 0x0000024fe5826430 Uncommon trap: trap_request=0xffffffc6 fr.pc=0x0000024fd5d5f064 relative=0x0000000000000924
Event: 15.382 Thread 0x0000024fe5826430 Uncommon trap: reason=bimorphic_or_optimized_type_check action=maybe_recompile pc=0x0000024fd5d5f064 method=java.util.HashMap.putVal(ILjava/lang/Object;Ljava/lang/Object;ZZ)Ljava/lang/Object; @ 152 c2
Event: 15.383 Thread 0x0000024fe5826430 DEOPT PACKING pc=0x0000024fd5d5f064 sp=0x0000008f10bfde50
Event: 15.383 Thread 0x0000024fe5826430 DEOPT UNPACKING pc=0x0000024fd57e3aa2 sp=0x0000008f10bfddf0 mode 2
Event: 15.383 Thread 0x0000024fe5826430 Uncommon trap: trap_request=0xffffffc6 fr.pc=0x0000024fd5d5f064 relative=0x0000000000000924
Event: 15.383 Thread 0x0000024fe5826430 Uncommon trap: reason=bimorphic_or_optimized_type_check action=maybe_recompile pc=0x0000024fd5d5f064 method=java.util.HashMap.putVal(ILjava/lang/Object;Ljava/lang/Object;ZZ)Ljava/lang/Object; @ 152 c2
Event: 15.383 Thread 0x0000024fe5826430 DEOPT PACKING pc=0x0000024fd5d5f064 sp=0x0000008f10bfde50
Event: 15.383 Thread 0x0000024fe5826430 DEOPT UNPACKING pc=0x0000024fd57e3aa2 sp=0x0000008f10bfddf0 mode 2
Event: 15.424 Thread 0x0000024fe5826430 Uncommon trap: trap_request=0xffffff45 fr.pc=0x0000024fd5e46380 relative=0x00000000000003a0
Event: 15.424 Thread 0x0000024fe5826430 Uncommon trap: reason=unstable_if action=reinterpret pc=0x0000024fd5e46380 method=java.util.regex.Pattern$BmpCharPropertyGreedy.match(Ljava/util/regex/Matcher;ILjava/lang/CharSequence;)Z @ 12 c2
Event: 15.424 Thread 0x0000024fe5826430 DEOPT PACKING pc=0x0000024fd5e46380 sp=0x0000008f10bfdb00
Event: 15.424 Thread 0x0000024fe5826430 DEOPT UNPACKING pc=0x0000024fd57e3aa2 sp=0x0000008f10bfda98 mode 2
Event: 15.663 Thread 0x0000024fe5826430 DEOPT PACKING pc=0x0000024fce395426 sp=0x0000008f10bfdaa0
Event: 15.663 Thread 0x0000024fe5826430 DEOPT UNPACKING pc=0x0000024fd57e4242 sp=0x0000008f10bfcf98 mode 0

Classes loaded (20 events):
Event: 15.719 Loading class com/sun/org/apache/xml/internal/serializer/EncodingInfo
Event: 15.720 Loading class com/sun/org/apache/xml/internal/serializer/EncodingInfo done
Event: 15.720 Loading class com/sun/org/apache/xml/internal/serializer/ToStream$CharacterBuffer
Event: 15.720 Loading class com/sun/org/apache/xml/internal/serializer/ToStream$CharacterBuffer done
Event: 15.720 Loading class com/sun/org/apache/xml/internal/serializer/Encodings
Event: 15.720 Loading class com/sun/org/apache/xml/internal/serializer/Encodings done
Event: 15.720 Loading class com/sun/org/apache/xml/internal/serializer/Encodings$EncodingInfos
Event: 15.721 Loading class com/sun/org/apache/xml/internal/serializer/Encodings$EncodingInfos done
Event: 15.723 Loading class java/nio/charset/Charset$ExtendedProviderHolder
Event: 15.724 Loading class java/nio/charset/Charset$ExtendedProviderHolder done
Event: 15.724 Loading class java/nio/charset/Charset$ExtendedProviderHolder$1
Event: 15.724 Loading class java/nio/charset/Charset$ExtendedProviderHolder$1 done
Event: 15.741 Loading class java/nio/charset/Charset$ThreadTrackHolder
Event: 15.742 Loading class java/nio/charset/Charset$ThreadTrackHolder done
Event: 15.742 Loading class java/nio/charset/Charset$2
Event: 15.742 Loading class java/nio/charset/Charset$2 done
Event: 15.742 Loading class java/nio/charset/Charset$1
Event: 15.742 Loading class java/nio/charset/Charset$1 done
Event: 15.754 Loading class sun/nio/cs/ISO_8859_13
Event: 15.754 Loading class sun/nio/cs/ISO_8859_13 done

Classes unloaded (7 events):
Event: 12.393 Thread 0x0000024fdf402650 Unloading class 0x0000024f8118ac00 'java/lang/invoke/LambdaForm$MH+0x0000024f8118ac00'
Event: 12.393 Thread 0x0000024fdf402650 Unloading class 0x0000024f8118a800 'java/lang/invoke/LambdaForm$MH+0x0000024f8118a800'
Event: 12.393 Thread 0x0000024fdf402650 Unloading class 0x0000024f8118a400 'java/lang/invoke/LambdaForm$MH+0x0000024f8118a400'
Event: 12.393 Thread 0x0000024fdf402650 Unloading class 0x0000024f8118a000 'java/lang/invoke/LambdaForm$MH+0x0000024f8118a000'
Event: 12.393 Thread 0x0000024fdf402650 Unloading class 0x0000024f81189c00 'java/lang/invoke/LambdaForm$BMH+0x0000024f81189c00'
Event: 12.393 Thread 0x0000024fdf402650 Unloading class 0x0000024f81189800 'java/lang/invoke/LambdaForm$DMH+0x0000024f81189800'
Event: 12.393 Thread 0x0000024fdf402650 Unloading class 0x0000024f81188400 'java/lang/invoke/LambdaForm$DMH+0x0000024f81188400'

Classes redefined (0 events):
No events

Internal exceptions (20 events):
Event: 9.871 Thread 0x0000024fe5826430 Exception <a 'java/lang/NoSuchMethodError'{0x00000000ebb2b160}: 'java.lang.Object java.lang.invoke.DirectMethodHandle$Holder.invokeSpecial(java.lang.Object, java.lang.Object, java.lang.Object, long, java.lang.Object)'> (0x00000000ebb2b160) 
thrown [s\src\hotspot\share\interpreter\linkResolver.cpp, line 773]
Event: 9.874 Thread 0x0000024fe5826430 Exception <a 'java/lang/NoSuchMethodError'{0x00000000ebb328f0}: 'java.lang.Object java.lang.invoke.DirectMethodHandle$Holder.newInvokeSpecial(java.lang.Object, java.lang.Object, java.lang.Object, long)'> (0x00000000ebb328f0) 
thrown [s\src\hotspot\share\interpreter\linkResolver.cpp, line 773]
Event: 9.875 Thread 0x0000024fe5826430 Exception <a 'java/lang/NoSuchMethodError'{0x00000000ebb36750}: 'java.lang.Object java.lang.invoke.Invokers$Holder.linkToTargetMethod(java.lang.Object, java.lang.Object, long, java.lang.Object)'> (0x00000000ebb36750) 
thrown [s\src\hotspot\share\interpreter\linkResolver.cpp, line 773]
Event: 9.915 Thread 0x0000024fe5826430 Exception <a 'java/lang/NoSuchMethodError'{0x00000000ebb90ee0}: 'int java.lang.invoke.DirectMethodHandle$Holder.invokeStaticInit(java.lang.Object, java.lang.Object, java.lang.Object)'> (0x00000000ebb90ee0) 
thrown [s\src\hotspot\share\interpreter\linkResolver.cpp, line 773]
Event: 9.960 Thread 0x0000024fe5826430 Exception <a 'java/lang/IncompatibleClassChangeError'{0x00000000ebc2c170}: Found class java.lang.Object, but interface was expected> (0x00000000ebc2c170) 
thrown [s\src\hotspot\share\interpreter\linkResolver.cpp, line 840]
Event: 10.219 Thread 0x0000024fe5826430 Exception <a 'java/lang/NoSuchMethodError'{0x00000000ebcc7f30}: 'java.lang.Object java.lang.invoke.DirectMethodHandle$Holder.invokeSpecial(java.lang.Object, java.lang.Object, java.lang.Object, int, java.lang.Object, java.lang.Object)'> (0x00000000ebcc7f30) 
thrown [s\src\hotspot\share\interpreter\linkResolver.cpp, line 773]
Event: 10.233 Thread 0x0000024fe5826430 Exception <a 'java/lang/NoSuchMethodError'{0x00000000ebccfa28}: 'java.lang.Object java.lang.invoke.DirectMethodHandle$Holder.newInvokeSpecial(java.lang.Object, java.lang.Object, java.lang.Object, int, java.lang.Object)'> (0x00000000ebccfa28) 
thrown [s\src\hotspot\share\interpreter\linkResolver.cpp, line 773]
Event: 10.234 Thread 0x0000024fe5826430 Exception <a 'java/lang/NoSuchMethodError'{0x00000000ebcd3518}: 'java.lang.Object java.lang.invoke.Invokers$Holder.linkToTargetMethod(java.lang.Object, java.lang.Object, int, java.lang.Object, java.lang.Object)'> (0x00000000ebcd3518) 
thrown [s\src\hotspot\share\interpreter\linkResolver.cpp, line 773]
Event: 10.236 Thread 0x0000024fe5911060 Exception <a 'java/lang/NoSuchMethodError'{0x00000000ebb926d0}: 'java.lang.Object java.lang.invoke.DirectMethodHandle$Holder.invokeSpecial(java.lang.Object, java.lang.Object, int, java.lang.Object, java.lang.Object)'> (0x00000000ebb926d0) 
thrown [s\src\hotspot\share\interpreter\linkResolver.cpp, line 773]
Event: 10.237 Thread 0x0000024fe5911060 Exception <a 'java/lang/NoSuchMethodError'{0x00000000ebb99408}: 'java.lang.Object java.lang.invoke.DirectMethodHandle$Holder.newInvokeSpecial(java.lang.Object, java.lang.Object, int, java.lang.Object)'> (0x00000000ebb99408) 
thrown [s\src\hotspot\share\interpreter\linkResolver.cpp, line 773]
Event: 10.350 Thread 0x0000024fe5826430 Exception <a 'java/lang/NoSuchMethodError'{0x00000000ebdd77a0}: 'void java.lang.invoke.DirectMethodHandle$Holder.invokeSpecial(java.lang.Object, java.lang.Object, java.lang.Object, java.lang.Object, java.lang.Object)'> (0x00000000ebdd77a0) 
thrown [s\src\hotspot\share\interpreter\linkResolver.cpp, line 773]
Event: 10.510 Thread 0x0000024fe5826430 Exception <a 'java/lang/NoSuchMethodError'{0x00000000ebffcb00}: 'double java.lang.invoke.DirectMethodHandle$Holder.invokeStatic(java.lang.Object, java.lang.Object)'> (0x00000000ebffcb00) 
thrown [s\src\hotspot\share\interpreter\linkResolver.cpp, line 773]
Event: 10.511 Thread 0x0000024fe5826430 Exception <a 'java/lang/NoSuchMethodError'{0x00000000ec0001c0}: 'double java.lang.invoke.DirectMethodHandle$Holder.invokeStaticInit(java.lang.Object, java.lang.Object)'> (0x00000000ec0001c0) 
thrown [s\src\hotspot\share\interpreter\linkResolver.cpp, line 773]
Event: 12.261 Thread 0x0000024fe5826430 Implicit null exception at 0x0000024fd5e4f5f5 to 0x0000024fd5e4f6d0
Event: 14.217 Thread 0x0000024fe5826430 Exception <a 'java/lang/ClassNotFoundException'{0x00000000ec14cec8}: com/sun/org/apache/xerces/internal/impl/msg/spi/DOMMessagesProvider> (0x00000000ec14cec8) 
thrown [s\src\hotspot\share\classfile\systemDictionary.cpp, line 312]
Event: 15.222 Thread 0x0000024fe5826430 Exception <a 'java/lang/ClassNotFoundException'{0x00000000ec168230}: com/sun/org/apache/xerces/internal/impl/msg/spi/XMLSerializerMessagesProvider> (0x00000000ec168230) 
thrown [s\src\hotspot\share\classfile\systemDictionary.cpp, line 312]
Event: 15.224 Thread 0x0000024fe5826430 Exception <a 'java/lang/ClassNotFoundException'{0x00000000ec1754b0}: com/sun/org/apache/xerces/internal/impl/msg/spi/XMLMessagesProvider> (0x00000000ec1754b0) 
thrown [s\src\hotspot\share\classfile\systemDictionary.cpp, line 312]
Event: 15.295 Thread 0x0000024fe5826430 Exception <a 'java/lang/NoSuchMethodError'{0x00000000eab16b40}: 'java.lang.Object java.lang.invoke.DirectMethodHandle$Holder.newInvokeSpecial(java.lang.Object, int, java.lang.Object, java.lang.Object)'> (0x00000000eab16b40) 
thrown [s\src\hotspot\share\interpreter\linkResolver.cpp, line 773]
Event: 15.406 Thread 0x0000024fe5826430 Exception <a 'sun/nio/fs/WindowsException'{0x00000000ead4cea0}> (0x00000000ead4cea0) 
thrown [s\src\hotspot\share\prims\jni.cpp, line 520]
Event: 15.716 Thread 0x0000024fe5826430 Exception <a 'java/lang/ClassNotFoundException'{0x00000000eb32cf68}: com/sun/org/apache/xml/internal/serializer/spi/XMLEntitiesProvider> (0x00000000eb32cf68) 
thrown [s\src\hotspot\share\classfile\systemDictionary.cpp, line 312]

ZGC Phase Switch (0 events):
No events

VM Operations (20 events):
Event: 11.678 Executing VM operation: ParallelGCFailedAllocation (Allocation Failure)
Event: 11.684 Executing VM operation: ParallelGCFailedAllocation (Allocation Failure) done
Event: 12.270 Executing VM operation: ParallelGCFailedAllocation (Allocation Failure)
Event: 12.276 Executing VM operation: ParallelGCFailedAllocation (Allocation Failure) done
Event: 12.379 Executing VM operation: CollectForMetadataAllocation (Metadata GC Threshold)
Event: 12.434 Executing VM operation: CollectForMetadataAllocation (Metadata GC Threshold) done
Event: 14.094 Executing VM operation: HandshakeAllThreads (Deoptimize)
Event: 14.094 Executing VM operation: HandshakeAllThreads (Deoptimize) done
Event: 14.094 Executing VM operation: Cleanup
Event: 14.094 Executing VM operation: Cleanup done
Event: 15.282 Executing VM operation: ParallelGCFailedAllocation (Allocation Failure)
Event: 15.285 Executing VM operation: ParallelGCFailedAllocation (Allocation Failure) done
Event: 15.379 Executing VM operation: HandshakeAllThreads (Deoptimize)
Event: 15.379 Executing VM operation: HandshakeAllThreads (Deoptimize) done
Event: 15.519 Executing VM operation: HandshakeAllThreads (Deoptimize)
Event: 15.519 Executing VM operation: HandshakeAllThreads (Deoptimize) done
Event: 15.520 Executing VM operation: HandshakeAllThreads (Deoptimize)
Event: 15.520 Executing VM operation: HandshakeAllThreads (Deoptimize) done
Event: 16.525 Executing VM operation: Cleanup
Event: 16.526 Executing VM operation: Cleanup done

Memory protections (0 events):
No events

Nmethod flushes (0 events):
No events

Events (20 events):
Event: 0.100 Thread 0x0000024fc8cd9cf0 Thread added: 0x0000024fdf42b470
Event: 0.106 Thread 0x0000024fc8cd9cf0 Thread added: 0x0000024fe5040300
Event: 0.163 Thread 0x0000024fc8cd9cf0 Thread added: 0x0000024fcb0d8230
Event: 1.069 Thread 0x0000024fc8cd9cf0 Thread added: 0x0000024fe5315660
Event: 2.273 Thread 0x0000024fe5040300 Thread added: 0x0000024fe5419f70
Event: 2.550 Thread 0x0000024fe5419f70 Thread exited: 0x0000024fe5419f70
Event: 3.756 Thread 0x0000024fc8cd9cf0 Thread added: 0x0000024fe5716ab0
Event: 4.471 Thread 0x0000024fc8cd9cf0 Thread added: 0x0000024fe5823dc0
Event: 4.491 Thread 0x0000024fc8cd9cf0 Thread added: 0x0000024fe5826430
Event: 4.846 Thread 0x0000024fe5826430 Thread added: 0x0000024fe5803680
Event: 5.450 Thread 0x0000024fe5826430 Thread added: 0x0000024fe598e170
Event: 7.051 Thread 0x0000024fe5826430 Thread added: 0x0000024fe5d2b090
Event: 9.784 Thread 0x0000024fe5826430 Thread added: 0x0000024fe52c5130
Event: 9.898 Thread 0x0000024fe5826430 Thread added: 0x0000024fe5911060
Event: 10.245 Thread 0x0000024fe5826430 Thread added: 0x0000024fe5f9a5a0
Event: 11.758 Thread 0x0000024fe5040300 Thread added: 0x0000024fe5340a70
Event: 12.016 Thread 0x0000024fe5340a70 Thread exited: 0x0000024fe5340a70
Event: 15.249 Thread 0x0000024fe5826430 Thread added: 0x0000024fe5f99880
Event: 15.354 Thread 0x0000024fe598e170 Thread exited: 0x0000024fe598e170
Event: 15.453 Thread 0x0000024fe5f99880 Thread exited: 0x0000024fe5f99880


Dynamic libraries:
0x00007ff672a50000 - 0x00007ff672a5e000 	c:\Users\avash\.vscode\extensions\redhat.java-1.42.0-win32-x64\jre\21.0.7-win32-x86_64\bin\java.exe
0x00007ff8c3fa0000 - 0x00007ff8c4205000 	C:\WINDOWS\SYSTEM32\ntdll.dll
0x00007ff8c35f0000 - 0x00007ff8c36b9000 	C:\WINDOWS\System32\KERNEL32.DLL
0x00007ff8c15c0000 - 0x00007ff8c19a8000 	C:\WINDOWS\System32\KERNELBASE.dll
0x00007ff8c1b30000 - 0x00007ff8c1c7b000 	C:\WINDOWS\System32\ucrtbase.dll
0x00007ff8b3890000 - 0x00007ff8b38ae000 	c:\Users\avash\.vscode\extensions\redhat.java-1.42.0-win32-x64\jre\21.0.7-win32-x86_64\bin\VCRUNTIME140.dll
0x00007ff8ba5b0000 - 0x00007ff8ba5c8000 	c:\Users\avash\.vscode\extensions\redhat.java-1.42.0-win32-x64\jre\21.0.7-win32-x86_64\bin\jli.dll
0x00007ff8c2bd0000 - 0x00007ff8c2d9a000 	C:\WINDOWS\System32\USER32.dll
0x00007ff8ada70000 - 0x00007ff8add0a000 	C:\WINDOWS\WinSxS\amd64_microsoft.windows.common-controls_6595b64144ccf1df_6.0.26100.4202_none_3e0698d4e335f517\COMCTL32.dll
0x00007ff8c3910000 - 0x00007ff8c39b9000 	C:\WINDOWS\System32\msvcrt.dll
0x00007ff8c1c80000 - 0x00007ff8c1ca7000 	C:\WINDOWS\System32\win32u.dll
0x00007ff8c3a30000 - 0x00007ff8c3a5b000 	C:\WINDOWS\System32\GDI32.dll
0x00007ff8c1480000 - 0x00007ff8c15b7000 	C:\WINDOWS\System32\gdi32full.dll
0x00007ff8c13d0000 - 0x00007ff8c1473000 	C:\WINDOWS\System32\msvcp_win.dll
0x00007ff8c2b90000 - 0x00007ff8c2bc0000 	C:\WINDOWS\System32\IMM32.DLL
0x00007ff8bdc20000 - 0x00007ff8bdc2c000 	c:\Users\avash\.vscode\extensions\redhat.java-1.42.0-win32-x64\jre\21.0.7-win32-x86_64\bin\vcruntime140_1.dll
0x00007ff8b3030000 - 0x00007ff8b30bd000 	c:\Users\avash\.vscode\extensions\redhat.java-1.42.0-win32-x64\jre\21.0.7-win32-x86_64\bin\msvcp140.dll
0x00007ff853300000 - 0x00007ff854090000 	c:\Users\avash\.vscode\extensions\redhat.java-1.42.0-win32-x64\jre\21.0.7-win32-x86_64\bin\server\jvm.dll
0x00007ff8c37c0000 - 0x00007ff8c3873000 	C:\WINDOWS\System32\ADVAPI32.dll
0x00007ff8c2ae0000 - 0x00007ff8c2b86000 	C:\WINDOWS\System32\sechost.dll
0x00007ff8c3ac0000 - 0x00007ff8c3bd5000 	C:\WINDOWS\System32\RPCRT4.dll
0x00007ff8c2a60000 - 0x00007ff8c2ad4000 	C:\WINDOWS\System32\WS2_32.dll
0x00007ff8c0f40000 - 0x00007ff8c0f9e000 	C:\WINDOWS\SYSTEM32\POWRPROF.dll
0x00007ff8ba5d0000 - 0x00007ff8ba605000 	C:\WINDOWS\SYSTEM32\WINMM.dll
0x00007ff8ba610000 - 0x00007ff8ba61b000 	C:\WINDOWS\SYSTEM32\VERSION.dll
0x00007ff8c0f20000 - 0x00007ff8c0f34000 	C:\WINDOWS\SYSTEM32\UMPDC.dll
0x00007ff8bfeb0000 - 0x00007ff8bfecb000 	C:\WINDOWS\SYSTEM32\kernel.appcore.dll
0x00007ff8b57c0000 - 0x00007ff8b57ca000 	c:\Users\avash\.vscode\extensions\redhat.java-1.42.0-win32-x64\jre\21.0.7-win32-x86_64\bin\jimage.dll
0x00007ff8beab0000 - 0x00007ff8becf1000 	C:\WINDOWS\SYSTEM32\DBGHELP.DLL
0x00007ff8c1d50000 - 0x00007ff8c20d5000 	C:\WINDOWS\System32\combase.dll
0x00007ff8c3c90000 - 0x00007ff8c3d71000 	C:\WINDOWS\System32\OLEAUT32.dll
0x00007ff8a2e60000 - 0x00007ff8a2e99000 	C:\WINDOWS\SYSTEM32\dbgcore.DLL
0x00007ff8c11b0000 - 0x00007ff8c1249000 	C:\WINDOWS\System32\bcryptPrimitives.dll
0x00007ff8b2f90000 - 0x00007ff8b2f9f000 	c:\Users\avash\.vscode\extensions\redhat.java-1.42.0-win32-x64\jre\21.0.7-win32-x86_64\bin\instrument.dll
0x00007ff8b3010000 - 0x00007ff8b302f000 	c:\Users\avash\.vscode\extensions\redhat.java-1.42.0-win32-x64\jre\21.0.7-win32-x86_64\bin\java.dll
0x00007ff8c22a0000 - 0x00007ff8c29e2000 	C:\WINDOWS\System32\SHELL32.dll
0x00007ff8c19b0000 - 0x00007ff8c1b24000 	C:\WINDOWS\System32\wintypes.dll
0x00007ff8bed40000 - 0x00007ff8bf598000 	C:\WINDOWS\SYSTEM32\windows.storage.dll
0x00007ff8c36c0000 - 0x00007ff8c37b1000 	C:\WINDOWS\System32\SHCORE.dll
0x00007ff8c39c0000 - 0x00007ff8c3a2a000 	C:\WINDOWS\System32\shlwapi.dll
0x00007ff8c1000000 - 0x00007ff8c102f000 	C:\WINDOWS\SYSTEM32\profapi.dll
0x00007ff8b2ff0000 - 0x00007ff8b3008000 	c:\Users\avash\.vscode\extensions\redhat.java-1.42.0-win32-x64\jre\21.0.7-win32-x86_64\bin\zip.dll
0x00007ff8b3750000 - 0x00007ff8b3760000 	C:\Users\avash\.vscode\extensions\redhat.java-1.42.0-win32-x64\jre\21.0.7-win32-x86_64\bin\net.dll
0x00007ff8b80f0000 - 0x00007ff8b820e000 	C:\WINDOWS\SYSTEM32\WINHTTP.dll
0x00007ff8c0420000 - 0x00007ff8c048a000 	C:\WINDOWS\system32\mswsock.dll
0x00007ff8b2fd0000 - 0x00007ff8b2fe6000 	C:\Users\avash\.vscode\extensions\redhat.java-1.42.0-win32-x64\jre\21.0.7-win32-x86_64\bin\nio.dll
0x00007ff8b2f70000 - 0x00007ff8b2f80000 	c:\Users\avash\.vscode\extensions\redhat.java-1.42.0-win32-x64\jre\21.0.7-win32-x86_64\bin\verify.dll
0x00007ff8a53b0000 - 0x00007ff8a53f5000 	C:\Users\avash\AppData\Roaming\Code\User\globalStorage\redhat.java\1.42.0\config_ss_win\org.eclipse.equinox.launcher\org.eclipse.equinox.launcher.win32.win32.x86_64_1.2.1300.v20250331-1702\eclipse_11911.dll
0x00007ff8c20e0000 - 0x00007ff8c227e000 	C:\WINDOWS\System32\ole32.dll
0x00007ff8c06e0000 - 0x00007ff8c06fb000 	C:\WINDOWS\SYSTEM32\CRYPTSP.dll
0x00007ff8bfdf0000 - 0x00007ff8bfe2a000 	C:\WINDOWS\system32\rsaenh.dll
0x00007ff8c04c0000 - 0x00007ff8c04eb000 	C:\WINDOWS\SYSTEM32\USERENV.dll
0x00007ff8c0fd0000 - 0x00007ff8c0ff6000 	C:\WINDOWS\SYSTEM32\bcrypt.dll
0x00007ff8c06d0000 - 0x00007ff8c06dc000 	C:\WINDOWS\SYSTEM32\CRYPTBASE.dll
0x00007ff8bf8e0000 - 0x00007ff8bf913000 	C:\WINDOWS\SYSTEM32\IPHLPAPI.DLL
0x00007ff8c2290000 - 0x00007ff8c229a000 	C:\WINDOWS\System32\NSI.dll
0x00007ff8a15b0000 - 0x00007ff8a15f9000 	C:\Users\avash\AppData\Local\Temp\jna-93193761\jna7732615958278277159.dll
0x00007ff8c32c0000 - 0x00007ff8c32c8000 	C:\WINDOWS\System32\PSAPI.DLL

dbghelp: loaded successfully - version: 4.0.5 - missing functions: none
symbol engine: initialized successfully - sym options: 0x614 - pdb path: .;c:\Users\avash\.vscode\extensions\redhat.java-1.42.0-win32-x64\jre\21.0.7-win32-x86_64\bin;C:\WINDOWS\SYSTEM32;C:\WINDOWS\WinSxS\amd64_microsoft.windows.common-controls_6595b64144ccf1df_6.0.26100.4202_none_3e0698d4e335f517;c:\Users\avash\.vscode\extensions\redhat.java-1.42.0-win32-x64\jre\21.0.7-win32-x86_64\bin\server;C:\Users\avash\AppData\Roaming\Code\User\globalStorage\redhat.java\1.42.0\config_ss_win\org.eclipse.equinox.launcher\org.eclipse.equinox.launcher.win32.win32.x86_64_1.2.1300.v20250331-1702;C:\Users\avash\AppData\Local\Temp\jna-93193761

VM Arguments:
jvm_args: --add-modules=ALL-SYSTEM --add-opens=java.base/java.util=ALL-UNNAMED --add-opens=java.base/java.lang=ALL-UNNAMED --add-opens=java.base/sun.nio.fs=ALL-UNNAMED -Declipse.application=org.eclipse.jdt.ls.core.id1 -Dosgi.bundles.defaultStartLevel=4 -Declipse.product=org.eclipse.jdt.ls.core.product -Djava.import.generatesMetadataFilesAtProjectRoot=false -DDetectVMInstallationsJob.disabled=true -Dfile.encoding=utf8 -XX:+UseParallelGC -XX:GCTimeRatio=4 -XX:AdaptiveSizePolicyWeight=90 -Dsun.zip.disableMemoryMapping=true -Xmx1G -Xms100m -Xlog:disable -javaagent:c:\Users\avash\.vscode\extensions\redhat.java-1.42.0-win32-x64\lombok\lombok-1.18.36.jar 
java_command: c:\Users\avash\.vscode\extensions\redhat.java-1.42.0-win32-x64\server\plugins\org.eclipse.equinox.launcher_1.7.0.v20250424-1814.jar -configuration c:\Users\avash\AppData\Roaming\Code\User\globalStorage\redhat.java\1.42.0\config_ss_win -data c:\Users\avash\AppData\Roaming\Code\User\workspaceStorage\69e44a2c3b07f65cbada83763e4e2b8b\redhat.java\ss_ws --pipe=\\.\pipe\lsp-f050a419690565f5c013134363026ee6-sock
java_class_path (initial): c:\Users\avash\.vscode\extensions\redhat.java-1.42.0-win32-x64\server\plugins\org.eclipse.equinox.launcher_1.7.0.v20250424-1814.jar
Launcher Type: SUN_STANDARD

[Global flags]
    uintx AdaptiveSizePolicyWeight                 = 90                                        {product} {command line}
     intx CICompilerCount                          = 4                                         {product} {ergonomic}
    uintx GCTimeRatio                              = 4                                         {product} {command line}
   size_t InitialHeapSize                          = 104857600                                 {product} {command line}
   size_t MaxHeapSize                              = 1073741824                                {product} {command line}
   size_t MaxNewSize                               = 357564416                                 {product} {ergonomic}
   size_t MinHeapDeltaBytes                        = 524288                                    {product} {ergonomic}
   size_t MinHeapSize                              = 104857600                                 {product} {command line}
   size_t NewSize                                  = 34603008                                  {product} {ergonomic}
    uintx NonNMethodCodeHeapSize                   = 5839372                                {pd product} {ergonomic}
    uintx NonProfiledCodeHeapSize                  = 122909434                              {pd product} {ergonomic}
   size_t OldSize                                  = 70254592                                  {product} {ergonomic}
    uintx ProfiledCodeHeapSize                     = 122909434                              {pd product} {ergonomic}
    uintx ReservedCodeCacheSize                    = 251658240                              {pd product} {ergonomic}
     bool SegmentedCodeCache                       = true                                      {product} {ergonomic}
   size_t SoftMaxHeapSize                          = 1073741824                             {manageable} {ergonomic}
     bool UseCompressedOops                        = true                           {product lp64_product} {ergonomic}
     bool UseLargePagesIndividualAllocation        = false                                  {pd product} {ergonomic}
     bool UseParallelGC                            = true                                      {product} {command line}

Logging:
Log output configuration:
 #0: stdout all=off uptime,level,tags foldmultilines=false
 #1: stderr all=off uptime,level,tags foldmultilines=false

Environment Variables:
JAVA_HOME=C:\Users\avash\AppData\Local\Programs\Eclipse Adoptium\jdk-17.0.9.9-hotspot\
PATH=C:\WINDOWS\system32;C:\WINDOWS;C:\WINDOWS\System32\Wbem;C:\WINDOWS\System32\WindowsPowerShell\v1.0\;C:\WINDOWS\System32\OpenSSH\;C:\Program Files\mingw-w64\x86_64-8.1.0-posix-seh-rt_v6-rev0\mingw64\bin;C:\Program Files\Git\cmd;C:\Program Files\dotnet\;C:\Windows\System32\Wbem;C:\Program Files\Microsoft SQL Server\150\Tools\Binn\;C:\Program Files\nodejs\;C:\ProgramData\chocolatey\bin;C:\php-8.3.6;C:\ProgramData\ComposerSetup\bin;D:\Software\sqlite3;C:\Users\avash\.fly\bin;C:\Users\avash\AppData\Local\Android\Sdk\platform-tools;C:\Users\avash\AppData\Local\Android\Sdk\emulator;C:\Users\avash\AppData\Local\Programs\Python\Python310\Scripts\;C:\Users\avash\AppData\Local\Programs\Python\Python310\;C:\Program Files\MySQL\MySQL Shell 8.0\bin\;C:\Users\avash\AppData\Local\Programs\Eclipse Adoptium\jdk-17.0.9.9-hotspot\bin;C:\Users\avash\AppData\Local\Microsoft\WindowsApps;C:\Users\avash\AppData\Local\Programs\Microsoft VS Code\bin;C:\Users\avash\.dotnet\tools;C:\Users\avash\AppData\Roaming\npm;C:\Program Files\JetBrains\IntelliJ IDEA Community Edition 2023.3.3\bin;C:\Users\avash\AppData\Local\spicetify;C:\Users\avash\AppData\Local\GitHubDesktop\bin;C:\Users\avash\AppData\Local\Microsoft\WindowsApps;C:\Users\avash\AppData\Roaming\Composer\vendor\bin;C:\Users\avash\.fly\bin;D:\Software\cursor\resources\app\bin
USERNAME=avash
OS=Windows_NT
PROCESSOR_IDENTIFIER=AMD64 Family 23 Model 24 Stepping 1, AuthenticAMD
TMP=C:\Users\avash\AppData\Local\Temp
TEMP=C:\Users\avash\AppData\Local\Temp




Periodic native trim disabled

---------------  S Y S T E M  ---------------

OS:
 Windows 11 , 64 bit Build 26100 (10.0.26100.4202)
OS uptime: 0 days 12:02 hours
Hyper-V role detected

CPU: total 8 (initial active 8) (8 cores per cpu, 2 threads per core) family 23 model 24 stepping 1 microcode 0x8108109, cx8, cmov, fxsr, ht, mmx, 3dnowpref, sse, sse2, sse3, ssse3, sse4a, sse4.1, sse4.2, popcnt, lzcnt, tsc, tscinvbit, avx, avx2, aes, clmul, bmi1, bmi2, adx, sha, fma, vzeroupper, clflush, clflushopt, hv, rdtscp, f16c
Processor Information for the first 8 processors :
  Max Mhz: 2100, Current Mhz: 2100, Mhz Limit: 2100

Memory: 4k page, system-wide physical 6020M (371M free)
TotalPageFile size 23430M (AvailPageFile size 15M)
current process WorkingSet (physical memory assigned to process): 136M, peak: 144M
current process commit charge ("private bytes"): 248M, peak: 254M

vm_info: OpenJDK 64-Bit Server VM (21.0.7+6-LTS) for windows-amd64 JRE (21.0.7+6-LTS), built on 2025-04-15T00:00:00Z by "admin" with MS VC++ 17.7 (VS2022)

END.
